<?xml version="1.0" encoding="UTF-8"?>
<!-- Generated by org.testng.reporters.JUnitReportReporter -->
<testsuite skipped="14" hostname="GINBAKS" name="test.NewUserTests" tests="15" failures="0" timestamp="25 Mar 2020 18:35:45 GMT" time="7.996" errors="1">
  <testcase name="beforeSuite" time="7.996" classname="test.NewUserTests">
    <error type="org.openqa.selenium.SessionNotCreatedException" message="session not created
from chrome not reachable
  (Session info: chrome=80.0.3987.149)
Build info: version: &#039;3.141.59&#039;, revision: &#039;e82be7d358&#039;, time: &#039;2018-11-14T08:17:03&#039;
System info: host: &#039;GINBAKS&#039;, ip: &#039;192.168.56.1&#039;, os.name: &#039;Windows 10&#039;, os.arch: &#039;amd64&#039;, os.version: &#039;10.0&#039;, java.version: &#039;1.8.0_231&#039;
Driver info: driver.version: ChromeDriver
remote stacktrace: Backtrace:
	Ordinal0 [0x00ABA113+1548563]
	Ordinal0 [0x00A3DDA1+1039777]
	Ordinal0 [0x009BE32E+516910]
	Ordinal0 [0x009B8012+491538]
	Ordinal0 [0x009B86EB+493291]
	Ordinal0 [0x009B9855+497749]
	Ordinal0 [0x009B5885+481413]
	Ordinal0 [0x009BF0D0+520400]
	Ordinal0 [0x0096C030+180272]
	Ordinal0 [0x0096B59D+177565]
	Ordinal0 [0x009695FB+169467]
	Ordinal0 [0x0095160A+71178]
	Ordinal0 [0x00952690+75408]
	Ordinal0 [0x00952629+75305]
	Ordinal0 [0x00A571B7+1143223]
	GetHandleVerifier [0x00B52B46+507814]
	GetHandleVerifier [0x00B52864+507076]
	GetHandleVerifier [0x00B59F47+537511]
	GetHandleVerifier [0x00B53402+510050]
	Ordinal0 [0x00A4F29C+1110684]
	Ordinal0 [0x00A5938B+1151883]
	Ordinal0 [0x00A594F3+1152243]
	Ordinal0 [0x00A583F5+1147893]
	BaseThreadInitThunk [0x76EC8494+36]
	RtlAreBitsSet [0x778441C8+136]
	RtlAreBitsSet [0x77844198+88]
">
      <![CDATA[org.openqa.selenium.SessionNotCreatedException: session not created
from chrome not reachable
  (Session info: chrome=80.0.3987.149)
Build info: version: '3.141.59', revision: 'e82be7d358', time: '2018-11-14T08:17:03'
System info: host: 'GINBAKS', ip: '192.168.56.1', os.name: 'Windows 10', os.arch: 'amd64', os.version: '10.0', java.version: '1.8.0_231'
Driver info: driver.version: ChromeDriver
remote stacktrace: Backtrace:
Ordinal0 [0x00ABA113+1548563]
Ordinal0 [0x00A3DDA1+1039777]
Ordinal0 [0x009BE32E+516910]
Ordinal0 [0x009B8012+491538]
Ordinal0 [0x009B86EB+493291]
Ordinal0 [0x009B9855+497749]
Ordinal0 [0x009B5885+481413]
Ordinal0 [0x009BF0D0+520400]
Ordinal0 [0x0096C030+180272]
Ordinal0 [0x0096B59D+177565]
Ordinal0 [0x009695FB+169467]
Ordinal0 [0x0095160A+71178]
Ordinal0 [0x00952690+75408]
Ordinal0 [0x00952629+75305]
Ordinal0 [0x00A571B7+1143223]
GetHandleVerifier [0x00B52B46+507814]
GetHandleVerifier [0x00B52864+507076]
GetHandleVerifier [0x00B59F47+537511]
GetHandleVerifier [0x00B53402+510050]
Ordinal0 [0x00A4F29C+1110684]
Ordinal0 [0x00A5938B+1151883]
Ordinal0 [0x00A594F3+1152243]
Ordinal0 [0x00A583F5+1147893]
BaseThreadInitThunk [0x76EC8494+36]
RtlAreBitsSet [0x778441C8+136]
RtlAreBitsSet [0x77844198+88]

at sun.reflect.NativeConstructorAccessorImpl.newInstance0(Native Method)
at sun.reflect.NativeConstructorAccessorImpl.newInstance(NativeConstructorAccessorImpl.java:62)
at sun.reflect.DelegatingConstructorAccessorImpl.newInstance(DelegatingConstructorAccessorImpl.java:45)
at java.lang.reflect.Constructor.newInstance(Constructor.java:423)
at org.openqa.selenium.remote.W3CHandshakeResponse.lambda$errorHandler$0(W3CHandshakeResponse.java:62)
at org.openqa.selenium.remote.HandshakeResponse.lambda$getResponseFunction$0(HandshakeResponse.java:30)
at org.openqa.selenium.remote.ProtocolHandshake.lambda$createSession$0(ProtocolHandshake.java:126)
at java.util.stream.ReferencePipeline$3$1.accept(ReferencePipeline.java:193)
at java.util.Spliterators$ArraySpliterator.tryAdvance(Spliterators.java:958)
at java.util.stream.ReferencePipeline.forEachWithCancel(ReferencePipeline.java:126)
at java.util.stream.AbstractPipeline.copyIntoWithCancel(AbstractPipeline.java:499)
at java.util.stream.AbstractPipeline.copyInto(AbstractPipeline.java:486)
at java.util.stream.AbstractPipeline.wrapAndCopyInto(AbstractPipeline.java:472)
at java.util.stream.FindOps$FindOp.evaluateSequential(FindOps.java:152)
at java.util.stream.AbstractPipeline.evaluate(AbstractPipeline.java:234)
at java.util.stream.ReferencePipeline.findFirst(ReferencePipeline.java:464)
at org.openqa.selenium.remote.ProtocolHandshake.createSession(ProtocolHandshake.java:128)
at org.openqa.selenium.remote.ProtocolHandshake.createSession(ProtocolHandshake.java:74)
at org.openqa.selenium.remote.HttpCommandExecutor.execute(HttpCommandExecutor.java:136)
at org.openqa.selenium.remote.service.DriverCommandExecutor.execute(DriverCommandExecutor.java:83)
at org.openqa.selenium.remote.RemoteWebDriver.execute(RemoteWebDriver.java:552)
at org.openqa.selenium.remote.RemoteWebDriver.startSession(RemoteWebDriver.java:213)
at org.openqa.selenium.remote.RemoteWebDriver.<init>(RemoteWebDriver.java:131)
at org.openqa.selenium.chrome.ChromeDriver.<init>(ChromeDriver.java:181)
at org.openqa.selenium.chrome.ChromeDriver.<init>(ChromeDriver.java:168)
at org.openqa.selenium.chrome.ChromeDriver.<init>(ChromeDriver.java:123)
at test.AbstractTest.beforeSuite(AbstractTest.java:16)
at sun.reflect.NativeMethodAccessorImpl.invoke0(Native Method)
at sun.reflect.NativeMethodAccessorImpl.invoke(NativeMethodAccessorImpl.java:62)
at sun.reflect.DelegatingMethodAccessorImpl.invoke(DelegatingMethodAccessorImpl.java:43)
at java.lang.reflect.Method.invoke(Method.java:498)
at org.testng.internal.MethodInvocationHelper.invokeMethod(MethodInvocationHelper.java:124)
at org.testng.internal.MethodInvocationHelper.invokeMethodConsideringTimeout(MethodInvocationHelper.java:59)
at org.testng.internal.Invoker.invokeConfigurationMethod(Invoker.java:458)
at org.testng.internal.Invoker.invokeConfigurations(Invoker.java:222)
at org.testng.internal.Invoker.invokeConfigurations(Invoker.java:142)
at org.testng.SuiteRunner.privateRun(SuiteRunner.java:401)
at org.testng.SuiteRunner.run(SuiteRunner.java:364)
at org.testng.SuiteRunnerWorker.runSuite(SuiteRunnerWorker.java:52)
at org.testng.SuiteRunnerWorker.run(SuiteRunnerWorker.java:84)
at org.testng.TestNG.runSuitesSequentially(TestNG.java:1208)
at org.testng.TestNG.runSuitesLocally(TestNG.java:1137)
at org.testng.TestNG.runSuites(TestNG.java:1049)
at org.testng.TestNG.run(TestNG.java:1017)
at org.testng.remote.AbstractRemoteTestNG.run(AbstractRemoteTestNG.java:115)
at org.testng.remote.RemoteTestNG.initAndRun(RemoteTestNG.java:251)
at org.testng.remote.RemoteTestNG.main(RemoteTestNG.java:77)
]]>
    </error>
  </testcase> <!-- beforeSuite -->
  <testcase name="newUserTestNotUniqueUsername" time="0.000" classname="test.NewUserTests">
    <skipped/>
  </testcase> <!-- newUserTestNotUniqueUsername -->
  <testcase name="createNewUserTest" time="0.000" classname="test.NewUserTests">
    <skipped/>
  </testcase> <!-- createNewUserTest -->
  <testcase name="newUserTestEmptyFirstNameField" time="0.000" classname="test.NewUserTests">
    <skipped/>
  </testcase> <!-- newUserTestEmptyFirstNameField -->
  <testcase name="newUserTestEmptyLastNameField" time="0.000" classname="test.NewUserTests">
    <skipped/>
  </testcase> <!-- newUserTestEmptyLastNameField -->
  <testcase name="createNewAdminTest" time="0.000" classname="test.NewUserTests">
    <skipped/>
  </testcase> <!-- createNewAdminTest -->
  <testcase name="newUserTestPassword21char" time="0.000" classname="test.NewUserTests">
    <skipped/>
  </testcase> <!-- newUserTestPassword21char -->
  <testcase name="newUserTestLastName21char" time="0.000" classname="test.NewUserTests">
    <skipped/>
  </testcase> <!-- newUserTestLastName21char -->
  <testcase name="newUserTestUsernameWithSpace" time="0.000" classname="test.NewUserTests">
    <skipped/>
  </testcase> <!-- newUserTestUsernameWithSpace -->
  <testcase name="newUserTestUsername3char" time="0.000" classname="test.NewUserTests">
    <skipped/>
  </testcase> <!-- newUserTestUsername3char -->
  <testcase name="newUserTestUsernameSpecChar" time="0.000" classname="test.NewUserTests">
    <skipped/>
  </testcase> <!-- newUserTestUsernameSpecChar -->
  <testcase name="newUserTestPassword3char" time="0.000" classname="test.NewUserTests">
    <skipped/>
  </testcase> <!-- newUserTestPassword3char -->
  <testcase name="newUserTestPasswordWithSpace" time="0.000" classname="test.NewUserTests">
    <skipped/>
  </testcase> <!-- newUserTestPasswordWithSpace -->
  <testcase name="newUserTestUsername21char" time="0.000" classname="test.NewUserTests">
    <skipped/>
  </testcase> <!-- newUserTestUsername21char -->
  <testcase name="newUserTestFirstName21char" time="0.000" classname="test.NewUserTests">
    <skipped/>
  </testcase> <!-- newUserTestFirstName21char -->
</testsuite> <!-- test.NewUserTests -->
