<!DOCTYPE html PUBLIC "-//W3C//DTD XHTML 1.1//EN" "http://www.w3.org/TR/xhtml11/DTD/xhtml11.dtd">
<html xmlns="http://www.w3.org/1999/xhtml">
<head>
<meta http-equiv="content-type" content="text/html; charset=UTF-8"/>
<title>TestNG Report</title>
<style type="text/css">table {margin-bottom:10px;border-collapse:collapse;empty-cells:show}th,td {border:1px solid #009;padding:.25em .5em}th {vertical-align:bottom}td {vertical-align:top}table a {font-weight:bold}.stripe td {background-color: #E6EBF9}.num {text-align:right}.passedodd td {background-color: #3F3}.passedeven td {background-color: #0A0}.skippedodd td {background-color: #DDD}.skippedeven td {background-color: #CCC}.failedodd td,.attn {background-color: #F33}.failedeven td,.stripe .attn {background-color: #D00}.stacktrace {white-space:pre;font-family:monospace}.totop {font-size:85%;text-align:center;border-bottom:2px solid #000}.invisible {display:none}</style>
</head>
<body>
<table>
<tr><th>Test</th><th># Passed</th><th># Skipped</th><th># Failed</th><th>Time (ms)</th><th>Included Groups</th><th>Excluded Groups</th></tr>
<tr><th colspan="7">newUserTests</th></tr>
<tr><td><a href="#t0">newUserTests</a></td><td class="num">0</td><td class="num attn">14</td><td class="num">0</td><td class="num">59</td><td></td><td></td></tr>
</table>
<table id='summary'><thead><tr><th>Class</th><th>Method</th><th>Start</th><th>Time (ms)</th></tr></thead><tbody><tr><th colspan="4">newUserTests</th></tr></tbody><tbody id="t0"><tr><th colspan="4">newUserTests &#8212; failed (configuration methods)</th></tr><tr class="failedeven"><td rowspan="1">test.NewUserTests</td><td><a href="#m0">beforeSuite</a></td><td rowspan="1">1585161336955</td><td rowspan="1">7996</td></tr><tr><th colspan="4">newUserTests &#8212; skipped (configuration methods)</th></tr><tr class="skippedeven"><td rowspan="20">test.NewUserTests</td><td><a href="#m1">afterSuite</a></td><td rowspan="1">1585161345081</td><td rowspan="1">0</td></tr><tr class="skippedeven"><td><a href="#m2">deleteEntities</a></td><td rowspan="1">1585161345014</td><td rowspan="1">0</td></tr><tr class="skippedeven"><td><a href="#m3">login</a></td><td rowspan="2">1585161344974</td><td rowspan="2">0</td></tr><tr class="skippedeven"><td><a href="#m4">login</a></td></tr><tr class="skippedeven"><td><a href="#m5">logout</a></td><td rowspan="1">1585161345014</td><td rowspan="1">0</td></tr><tr class="skippedeven"><td><a href="#m6">navigateToNewUserPage</a></td><td rowspan="14">1585161344981</td><td rowspan="14">0</td></tr><tr class="skippedeven"><td><a href="#m7">navigateToNewUserPage</a></td></tr><tr class="skippedeven"><td><a href="#m8">navigateToNewUserPage</a></td></tr><tr class="skippedeven"><td><a href="#m9">navigateToNewUserPage</a></td></tr><tr class="skippedeven"><td><a href="#m10">navigateToNewUserPage</a></td></tr><tr class="skippedeven"><td><a href="#m11">navigateToNewUserPage</a></td></tr><tr class="skippedeven"><td><a href="#m12">navigateToNewUserPage</a></td></tr><tr class="skippedeven"><td><a href="#m13">navigateToNewUserPage</a></td></tr><tr class="skippedeven"><td><a href="#m14">navigateToNewUserPage</a></td></tr><tr class="skippedeven"><td><a href="#m15">navigateToNewUserPage</a></td></tr><tr class="skippedeven"><td><a href="#m16">navigateToNewUserPage</a></td></tr><tr class="skippedeven"><td><a href="#m17">navigateToNewUserPage</a></td></tr><tr class="skippedeven"><td><a href="#m18">navigateToNewUserPage</a></td></tr><tr class="skippedeven"><td><a href="#m19">navigateToNewUserPage</a></td></tr><tr class="skippedeven"><td><a href="#m20">preconditions</a></td><td rowspan="1">1585161344964</td><td rowspan="1">0</td></tr><tr><th colspan="4">newUserTests &#8212; skipped</th></tr><tr class="skippedeven"><td rowspan="14">test.NewUserTests</td><td><a href="#m21">createNewAdminTest</a></td><td rowspan="1">1585161344974</td><td rowspan="1">0</td></tr><tr class="skippedeven"><td><a href="#m22">createNewUserTest</a></td><td rowspan="1">1585161344974</td><td rowspan="1">0</td></tr><tr class="skippedeven"><td><a href="#m23">newUserTestEmptyFirstNameField</a></td><td rowspan="1">1585161344981</td><td rowspan="1">0</td></tr><tr class="skippedeven"><td><a href="#m24">newUserTestEmptyLastNameField</a></td><td rowspan="1">1585161344981</td><td rowspan="1">0</td></tr><tr class="skippedeven"><td><a href="#m25">newUserTestFirstName21char</a></td><td rowspan="1">1585161344981</td><td rowspan="1">0</td></tr><tr class="skippedeven"><td><a href="#m26">newUserTestLastName21char</a></td><td rowspan="1">1585161344981</td><td rowspan="1">0</td></tr><tr class="skippedeven"><td><a href="#m27">newUserTestNotUniqueUsername</a></td><td rowspan="1">1585161344981</td><td rowspan="1">0</td></tr><tr class="skippedeven"><td><a href="#m28">newUserTestPassword21char</a></td><td rowspan="1">1585161344991</td><td rowspan="1">0</td></tr><tr class="skippedeven"><td><a href="#m29">newUserTestPassword3char</a></td><td rowspan="1">1585161344991</td><td rowspan="1">0</td></tr><tr class="skippedeven"><td><a href="#m30">newUserTestPasswordWithSpace</a></td><td rowspan="1">1585161344991</td><td rowspan="1">0</td></tr><tr class="skippedeven"><td><a href="#m31">newUserTestUsername21char</a></td><td rowspan="1">1585161345001</td><td rowspan="1">0</td></tr><tr class="skippedeven"><td><a href="#m32">newUserTestUsername3char</a></td><td rowspan="1">1585161345001</td><td rowspan="1">0</td></tr><tr class="skippedeven"><td><a href="#m33">newUserTestUsernameSpecChar</a></td><td rowspan="1">1585161345011</td><td rowspan="1">0</td></tr><tr class="skippedeven"><td><a href="#m34">newUserTestUsernameWithSpace</a></td><td rowspan="1">1585161345014</td><td rowspan="1">0</td></tr></tbody>
</table>
<h2>newUserTests</h2><h3 id="m0">test.NewUserTests#beforeSuite</h3><table class="result"><tr><th>Exception</th></tr><tr><td><div class="stacktrace">org.openqa.selenium.SessionNotCreatedException: session not created
from chrome not reachable
  (Session info: chrome=80.0.3987.149)
Build info: version: &apos;3.141.59&apos;, revision: &apos;e82be7d358&apos;, time: &apos;2018-11-14T08:17:03&apos;
System info: host: &apos;GINBAKS&apos;, ip: &apos;192.168.56.1&apos;, os.name: &apos;Windows 10&apos;, os.arch: &apos;amd64&apos;, os.version: &apos;10.0&apos;, java.version: &apos;1.8.0_231&apos;
Driver info: driver.version: ChromeDriver
remote stacktrace: Backtrace:
	Ordinal0 [0x00ABA113+1548563]
	Ordinal0 [0x00A3DDA1+1039777]
	Ordinal0 [0x009BE32E+516910]
	Ordinal0 [0x009B8012+491538]
	Ordinal0 [0x009B86EB+493291]
	Ordinal0 [0x009B9855+497749]
	Ordinal0 [0x009B5885+481413]
	Ordinal0 [0x009BF0D0+520400]
	Ordinal0 [0x0096C030+180272]
	Ordinal0 [0x0096B59D+177565]
	Ordinal0 [0x009695FB+169467]
	Ordinal0 [0x0095160A+71178]
	Ordinal0 [0x00952690+75408]
	Ordinal0 [0x00952629+75305]
	Ordinal0 [0x00A571B7+1143223]
	GetHandleVerifier [0x00B52B46+507814]
	GetHandleVerifier [0x00B52864+507076]
	GetHandleVerifier [0x00B59F47+537511]
	GetHandleVerifier [0x00B53402+510050]
	Ordinal0 [0x00A4F29C+1110684]
	Ordinal0 [0x00A5938B+1151883]
	Ordinal0 [0x00A594F3+1152243]
	Ordinal0 [0x00A583F5+1147893]
	BaseThreadInitThunk [0x76EC8494+36]
	RtlAreBitsSet [0x778441C8+136]
	RtlAreBitsSet [0x77844198+88]

	at org.openqa.selenium.remote.W3CHandshakeResponse.lambda$errorHandler$0(W3CHandshakeResponse.java:62)
	at org.openqa.selenium.remote.HandshakeResponse.lambda$getResponseFunction$0(HandshakeResponse.java:30)
	at org.openqa.selenium.remote.ProtocolHandshake.lambda$createSession$0(ProtocolHandshake.java:126)
	at java.util.stream.ReferencePipeline$3$1.accept(ReferencePipeline.java:193)
	at java.util.Spliterators$ArraySpliterator.tryAdvance(Spliterators.java:958)
	at java.util.stream.ReferencePipeline.forEachWithCancel(ReferencePipeline.java:126)
	at java.util.stream.AbstractPipeline.copyIntoWithCancel(AbstractPipeline.java:499)
	at java.util.stream.AbstractPipeline.copyInto(AbstractPipeline.java:486)
	at java.util.stream.AbstractPipeline.wrapAndCopyInto(AbstractPipeline.java:472)
	at java.util.stream.FindOps$FindOp.evaluateSequential(FindOps.java:152)
	at java.util.stream.AbstractPipeline.evaluate(AbstractPipeline.java:234)
	at java.util.stream.ReferencePipeline.findFirst(ReferencePipeline.java:464)
	at org.openqa.selenium.remote.ProtocolHandshake.createSession(ProtocolHandshake.java:128)
	at org.openqa.selenium.remote.ProtocolHandshake.createSession(ProtocolHandshake.java:74)
	at org.openqa.selenium.remote.HttpCommandExecutor.execute(HttpCommandExecutor.java:136)
	at org.openqa.selenium.remote.service.DriverCommandExecutor.execute(DriverCommandExecutor.java:83)
	at org.openqa.selenium.remote.RemoteWebDriver.execute(RemoteWebDriver.java:552)
	at org.openqa.selenium.remote.RemoteWebDriver.startSession(RemoteWebDriver.java:213)
	at org.openqa.selenium.remote.RemoteWebDriver.&lt;init&gt;(RemoteWebDriver.java:131)
	at org.openqa.selenium.chrome.ChromeDriver.&lt;init&gt;(ChromeDriver.java:181)
	at org.openqa.selenium.chrome.ChromeDriver.&lt;init&gt;(ChromeDriver.java:168)
	at org.openqa.selenium.chrome.ChromeDriver.&lt;init&gt;(ChromeDriver.java:123)
	at test.AbstractTest.beforeSuite(AbstractTest.java:16)
... Removed 24 stack frames</div></td></tr></table><p class="totop"><a href="#summary">back to summary</a></p>
<h3 id="m1">test.NewUserTests#afterSuite</h3><table class="result"><tr><th class="invisible"/></tr></table><p class="totop"><a href="#summary">back to summary</a></p>
<h3 id="m2">test.NewUserTests#deleteEntities</h3><table class="result"><tr><th class="invisible"/></tr></table><p class="totop"><a href="#summary">back to summary</a></p>
<h3 id="m3">test.NewUserTests#login</h3><table class="result"><tr><th class="invisible"/></tr></table><p class="totop"><a href="#summary">back to summary</a></p>
<h3 id="m4">test.NewUserTests#login</h3><table class="result"><tr><th class="invisible"/></tr></table><p class="totop"><a href="#summary">back to summary</a></p>
<h3 id="m5">test.NewUserTests#logout</h3><table class="result"><tr><th class="invisible"/></tr></table><p class="totop"><a href="#summary">back to summary</a></p>
<h3 id="m6">test.NewUserTests#navigateToNewUserPage</h3><table class="result"><tr><th class="invisible"/></tr></table><p class="totop"><a href="#summary">back to summary</a></p>
<h3 id="m7">test.NewUserTests#navigateToNewUserPage</h3><table class="result"><tr><th class="invisible"/></tr></table><p class="totop"><a href="#summary">back to summary</a></p>
<h3 id="m8">test.NewUserTests#navigateToNewUserPage</h3><table class="result"><tr><th class="invisible"/></tr></table><p class="totop"><a href="#summary">back to summary</a></p>
<h3 id="m9">test.NewUserTests#navigateToNewUserPage</h3><table class="result"><tr><th class="invisible"/></tr></table><p class="totop"><a href="#summary">back to summary</a></p>
<h3 id="m10">test.NewUserTests#navigateToNewUserPage</h3><table class="result"><tr><th class="invisible"/></tr></table><p class="totop"><a href="#summary">back to summary</a></p>
<h3 id="m11">test.NewUserTests#navigateToNewUserPage</h3><table class="result"><tr><th class="invisible"/></tr></table><p class="totop"><a href="#summary">back to summary</a></p>
<h3 id="m12">test.NewUserTests#navigateToNewUserPage</h3><table class="result"><tr><th class="invisible"/></tr></table><p class="totop"><a href="#summary">back to summary</a></p>
<h3 id="m13">test.NewUserTests#navigateToNewUserPage</h3><table class="result"><tr><th class="invisible"/></tr></table><p class="totop"><a href="#summary">back to summary</a></p>
<h3 id="m14">test.NewUserTests#navigateToNewUserPage</h3><table class="result"><tr><th class="invisible"/></tr></table><p class="totop"><a href="#summary">back to summary</a></p>
<h3 id="m15">test.NewUserTests#navigateToNewUserPage</h3><table class="result"><tr><th class="invisible"/></tr></table><p class="totop"><a href="#summary">back to summary</a></p>
<h3 id="m16">test.NewUserTests#navigateToNewUserPage</h3><table class="result"><tr><th class="invisible"/></tr></table><p class="totop"><a href="#summary">back to summary</a></p>
<h3 id="m17">test.NewUserTests#navigateToNewUserPage</h3><table class="result"><tr><th class="invisible"/></tr></table><p class="totop"><a href="#summary">back to summary</a></p>
<h3 id="m18">test.NewUserTests#navigateToNewUserPage</h3><table class="result"><tr><th class="invisible"/></tr></table><p class="totop"><a href="#summary">back to summary</a></p>
<h3 id="m19">test.NewUserTests#navigateToNewUserPage</h3><table class="result"><tr><th class="invisible"/></tr></table><p class="totop"><a href="#summary">back to summary</a></p>
<h3 id="m20">test.NewUserTests#preconditions</h3><table class="result"><tr><th class="invisible"/></tr></table><p class="totop"><a href="#summary">back to summary</a></p>
<h3 id="m21">test.NewUserTests#createNewAdminTest</h3><table class="result"><tr><th>Exception</th></tr><tr><td><div class="stacktrace">org.openqa.selenium.SessionNotCreatedException: session not created
from chrome not reachable
  (Session info: chrome=80.0.3987.149)
Build info: version: &apos;3.141.59&apos;, revision: &apos;e82be7d358&apos;, time: &apos;2018-11-14T08:17:03&apos;
System info: host: &apos;GINBAKS&apos;, ip: &apos;192.168.56.1&apos;, os.name: &apos;Windows 10&apos;, os.arch: &apos;amd64&apos;, os.version: &apos;10.0&apos;, java.version: &apos;1.8.0_231&apos;
Driver info: driver.version: ChromeDriver
remote stacktrace: Backtrace:
	Ordinal0 [0x00ABA113+1548563]
	Ordinal0 [0x00A3DDA1+1039777]
	Ordinal0 [0x009BE32E+516910]
	Ordinal0 [0x009B8012+491538]
	Ordinal0 [0x009B86EB+493291]
	Ordinal0 [0x009B9855+497749]
	Ordinal0 [0x009B5885+481413]
	Ordinal0 [0x009BF0D0+520400]
	Ordinal0 [0x0096C030+180272]
	Ordinal0 [0x0096B59D+177565]
	Ordinal0 [0x009695FB+169467]
	Ordinal0 [0x0095160A+71178]
	Ordinal0 [0x00952690+75408]
	Ordinal0 [0x00952629+75305]
	Ordinal0 [0x00A571B7+1143223]
	GetHandleVerifier [0x00B52B46+507814]
	GetHandleVerifier [0x00B52864+507076]
	GetHandleVerifier [0x00B59F47+537511]
	GetHandleVerifier [0x00B53402+510050]
	Ordinal0 [0x00A4F29C+1110684]
	Ordinal0 [0x00A5938B+1151883]
	Ordinal0 [0x00A594F3+1152243]
	Ordinal0 [0x00A583F5+1147893]
	BaseThreadInitThunk [0x76EC8494+36]
	RtlAreBitsSet [0x778441C8+136]
	RtlAreBitsSet [0x77844198+88]

	at org.openqa.selenium.remote.W3CHandshakeResponse.lambda$errorHandler$0(W3CHandshakeResponse.java:62)
	at org.openqa.selenium.remote.HandshakeResponse.lambda$getResponseFunction$0(HandshakeResponse.java:30)
	at org.openqa.selenium.remote.ProtocolHandshake.lambda$createSession$0(ProtocolHandshake.java:126)
	at java.util.stream.ReferencePipeline$3$1.accept(ReferencePipeline.java:193)
	at java.util.Spliterators$ArraySpliterator.tryAdvance(Spliterators.java:958)
	at java.util.stream.ReferencePipeline.forEachWithCancel(ReferencePipeline.java:126)
	at java.util.stream.AbstractPipeline.copyIntoWithCancel(AbstractPipeline.java:499)
	at java.util.stream.AbstractPipeline.copyInto(AbstractPipeline.java:486)
	at java.util.stream.AbstractPipeline.wrapAndCopyInto(AbstractPipeline.java:472)
	at java.util.stream.FindOps$FindOp.evaluateSequential(FindOps.java:152)
	at java.util.stream.AbstractPipeline.evaluate(AbstractPipeline.java:234)
	at java.util.stream.ReferencePipeline.findFirst(ReferencePipeline.java:464)
	at org.openqa.selenium.remote.ProtocolHandshake.createSession(ProtocolHandshake.java:128)
	at org.openqa.selenium.remote.ProtocolHandshake.createSession(ProtocolHandshake.java:74)
	at org.openqa.selenium.remote.HttpCommandExecutor.execute(HttpCommandExecutor.java:136)
	at org.openqa.selenium.remote.service.DriverCommandExecutor.execute(DriverCommandExecutor.java:83)
	at org.openqa.selenium.remote.RemoteWebDriver.execute(RemoteWebDriver.java:552)
	at org.openqa.selenium.remote.RemoteWebDriver.startSession(RemoteWebDriver.java:213)
	at org.openqa.selenium.remote.RemoteWebDriver.&lt;init&gt;(RemoteWebDriver.java:131)
	at org.openqa.selenium.chrome.ChromeDriver.&lt;init&gt;(ChromeDriver.java:181)
	at org.openqa.selenium.chrome.ChromeDriver.&lt;init&gt;(ChromeDriver.java:168)
	at org.openqa.selenium.chrome.ChromeDriver.&lt;init&gt;(ChromeDriver.java:123)
	at test.AbstractTest.beforeSuite(AbstractTest.java:16)
... Removed 24 stack frames</div></td></tr></table><p class="totop"><a href="#summary">back to summary</a></p>
<h3 id="m22">test.NewUserTests#createNewUserTest</h3><table class="result"><tr><th>Exception</th></tr><tr><td><div class="stacktrace">org.openqa.selenium.SessionNotCreatedException: session not created
from chrome not reachable
  (Session info: chrome=80.0.3987.149)
Build info: version: &apos;3.141.59&apos;, revision: &apos;e82be7d358&apos;, time: &apos;2018-11-14T08:17:03&apos;
System info: host: &apos;GINBAKS&apos;, ip: &apos;192.168.56.1&apos;, os.name: &apos;Windows 10&apos;, os.arch: &apos;amd64&apos;, os.version: &apos;10.0&apos;, java.version: &apos;1.8.0_231&apos;
Driver info: driver.version: ChromeDriver
remote stacktrace: Backtrace:
	Ordinal0 [0x00ABA113+1548563]
	Ordinal0 [0x00A3DDA1+1039777]
	Ordinal0 [0x009BE32E+516910]
	Ordinal0 [0x009B8012+491538]
	Ordinal0 [0x009B86EB+493291]
	Ordinal0 [0x009B9855+497749]
	Ordinal0 [0x009B5885+481413]
	Ordinal0 [0x009BF0D0+520400]
	Ordinal0 [0x0096C030+180272]
	Ordinal0 [0x0096B59D+177565]
	Ordinal0 [0x009695FB+169467]
	Ordinal0 [0x0095160A+71178]
	Ordinal0 [0x00952690+75408]
	Ordinal0 [0x00952629+75305]
	Ordinal0 [0x00A571B7+1143223]
	GetHandleVerifier [0x00B52B46+507814]
	GetHandleVerifier [0x00B52864+507076]
	GetHandleVerifier [0x00B59F47+537511]
	GetHandleVerifier [0x00B53402+510050]
	Ordinal0 [0x00A4F29C+1110684]
	Ordinal0 [0x00A5938B+1151883]
	Ordinal0 [0x00A594F3+1152243]
	Ordinal0 [0x00A583F5+1147893]
	BaseThreadInitThunk [0x76EC8494+36]
	RtlAreBitsSet [0x778441C8+136]
	RtlAreBitsSet [0x77844198+88]

	at org.openqa.selenium.remote.W3CHandshakeResponse.lambda$errorHandler$0(W3CHandshakeResponse.java:62)
	at org.openqa.selenium.remote.HandshakeResponse.lambda$getResponseFunction$0(HandshakeResponse.java:30)
	at org.openqa.selenium.remote.ProtocolHandshake.lambda$createSession$0(ProtocolHandshake.java:126)
	at java.util.stream.ReferencePipeline$3$1.accept(ReferencePipeline.java:193)
	at java.util.Spliterators$ArraySpliterator.tryAdvance(Spliterators.java:958)
	at java.util.stream.ReferencePipeline.forEachWithCancel(ReferencePipeline.java:126)
	at java.util.stream.AbstractPipeline.copyIntoWithCancel(AbstractPipeline.java:499)
	at java.util.stream.AbstractPipeline.copyInto(AbstractPipeline.java:486)
	at java.util.stream.AbstractPipeline.wrapAndCopyInto(AbstractPipeline.java:472)
	at java.util.stream.FindOps$FindOp.evaluateSequential(FindOps.java:152)
	at java.util.stream.AbstractPipeline.evaluate(AbstractPipeline.java:234)
	at java.util.stream.ReferencePipeline.findFirst(ReferencePipeline.java:464)
	at org.openqa.selenium.remote.ProtocolHandshake.createSession(ProtocolHandshake.java:128)
	at org.openqa.selenium.remote.ProtocolHandshake.createSession(ProtocolHandshake.java:74)
	at org.openqa.selenium.remote.HttpCommandExecutor.execute(HttpCommandExecutor.java:136)
	at org.openqa.selenium.remote.service.DriverCommandExecutor.execute(DriverCommandExecutor.java:83)
	at org.openqa.selenium.remote.RemoteWebDriver.execute(RemoteWebDriver.java:552)
	at org.openqa.selenium.remote.RemoteWebDriver.startSession(RemoteWebDriver.java:213)
	at org.openqa.selenium.remote.RemoteWebDriver.&lt;init&gt;(RemoteWebDriver.java:131)
	at org.openqa.selenium.chrome.ChromeDriver.&lt;init&gt;(ChromeDriver.java:181)
	at org.openqa.selenium.chrome.ChromeDriver.&lt;init&gt;(ChromeDriver.java:168)
	at org.openqa.selenium.chrome.ChromeDriver.&lt;init&gt;(ChromeDriver.java:123)
	at test.AbstractTest.beforeSuite(AbstractTest.java:16)
... Removed 24 stack frames</div></td></tr></table><p class="totop"><a href="#summary">back to summary</a></p>
<h3 id="m23">test.NewUserTests#newUserTestEmptyFirstNameField</h3><table class="result"><tr><th>Exception</th></tr><tr><td><div class="stacktrace">org.openqa.selenium.SessionNotCreatedException: session not created
from chrome not reachable
  (Session info: chrome=80.0.3987.149)
Build info: version: &apos;3.141.59&apos;, revision: &apos;e82be7d358&apos;, time: &apos;2018-11-14T08:17:03&apos;
System info: host: &apos;GINBAKS&apos;, ip: &apos;192.168.56.1&apos;, os.name: &apos;Windows 10&apos;, os.arch: &apos;amd64&apos;, os.version: &apos;10.0&apos;, java.version: &apos;1.8.0_231&apos;
Driver info: driver.version: ChromeDriver
remote stacktrace: Backtrace:
	Ordinal0 [0x00ABA113+1548563]
	Ordinal0 [0x00A3DDA1+1039777]
	Ordinal0 [0x009BE32E+516910]
	Ordinal0 [0x009B8012+491538]
	Ordinal0 [0x009B86EB+493291]
	Ordinal0 [0x009B9855+497749]
	Ordinal0 [0x009B5885+481413]
	Ordinal0 [0x009BF0D0+520400]
	Ordinal0 [0x0096C030+180272]
	Ordinal0 [0x0096B59D+177565]
	Ordinal0 [0x009695FB+169467]
	Ordinal0 [0x0095160A+71178]
	Ordinal0 [0x00952690+75408]
	Ordinal0 [0x00952629+75305]
	Ordinal0 [0x00A571B7+1143223]
	GetHandleVerifier [0x00B52B46+507814]
	GetHandleVerifier [0x00B52864+507076]
	GetHandleVerifier [0x00B59F47+537511]
	GetHandleVerifier [0x00B53402+510050]
	Ordinal0 [0x00A4F29C+1110684]
	Ordinal0 [0x00A5938B+1151883]
	Ordinal0 [0x00A594F3+1152243]
	Ordinal0 [0x00A583F5+1147893]
	BaseThreadInitThunk [0x76EC8494+36]
	RtlAreBitsSet [0x778441C8+136]
	RtlAreBitsSet [0x77844198+88]

	at org.openqa.selenium.remote.W3CHandshakeResponse.lambda$errorHandler$0(W3CHandshakeResponse.java:62)
	at org.openqa.selenium.remote.HandshakeResponse.lambda$getResponseFunction$0(HandshakeResponse.java:30)
	at org.openqa.selenium.remote.ProtocolHandshake.lambda$createSession$0(ProtocolHandshake.java:126)
	at java.util.stream.ReferencePipeline$3$1.accept(ReferencePipeline.java:193)
	at java.util.Spliterators$ArraySpliterator.tryAdvance(Spliterators.java:958)
	at java.util.stream.ReferencePipeline.forEachWithCancel(ReferencePipeline.java:126)
	at java.util.stream.AbstractPipeline.copyIntoWithCancel(AbstractPipeline.java:499)
	at java.util.stream.AbstractPipeline.copyInto(AbstractPipeline.java:486)
	at java.util.stream.AbstractPipeline.wrapAndCopyInto(AbstractPipeline.java:472)
	at java.util.stream.FindOps$FindOp.evaluateSequential(FindOps.java:152)
	at java.util.stream.AbstractPipeline.evaluate(AbstractPipeline.java:234)
	at java.util.stream.ReferencePipeline.findFirst(ReferencePipeline.java:464)
	at org.openqa.selenium.remote.ProtocolHandshake.createSession(ProtocolHandshake.java:128)
	at org.openqa.selenium.remote.ProtocolHandshake.createSession(ProtocolHandshake.java:74)
	at org.openqa.selenium.remote.HttpCommandExecutor.execute(HttpCommandExecutor.java:136)
	at org.openqa.selenium.remote.service.DriverCommandExecutor.execute(DriverCommandExecutor.java:83)
	at org.openqa.selenium.remote.RemoteWebDriver.execute(RemoteWebDriver.java:552)
	at org.openqa.selenium.remote.RemoteWebDriver.startSession(RemoteWebDriver.java:213)
	at org.openqa.selenium.remote.RemoteWebDriver.&lt;init&gt;(RemoteWebDriver.java:131)
	at org.openqa.selenium.chrome.ChromeDriver.&lt;init&gt;(ChromeDriver.java:181)
	at org.openqa.selenium.chrome.ChromeDriver.&lt;init&gt;(ChromeDriver.java:168)
	at org.openqa.selenium.chrome.ChromeDriver.&lt;init&gt;(ChromeDriver.java:123)
	at test.AbstractTest.beforeSuite(AbstractTest.java:16)
... Removed 24 stack frames</div></td></tr></table><p class="totop"><a href="#summary">back to summary</a></p>
<h3 id="m24">test.NewUserTests#newUserTestEmptyLastNameField</h3><table class="result"><tr><th>Exception</th></tr><tr><td><div class="stacktrace">org.openqa.selenium.SessionNotCreatedException: session not created
from chrome not reachable
  (Session info: chrome=80.0.3987.149)
Build info: version: &apos;3.141.59&apos;, revision: &apos;e82be7d358&apos;, time: &apos;2018-11-14T08:17:03&apos;
System info: host: &apos;GINBAKS&apos;, ip: &apos;192.168.56.1&apos;, os.name: &apos;Windows 10&apos;, os.arch: &apos;amd64&apos;, os.version: &apos;10.0&apos;, java.version: &apos;1.8.0_231&apos;
Driver info: driver.version: ChromeDriver
remote stacktrace: Backtrace:
	Ordinal0 [0x00ABA113+1548563]
	Ordinal0 [0x00A3DDA1+1039777]
	Ordinal0 [0x009BE32E+516910]
	Ordinal0 [0x009B8012+491538]
	Ordinal0 [0x009B86EB+493291]
	Ordinal0 [0x009B9855+497749]
	Ordinal0 [0x009B5885+481413]
	Ordinal0 [0x009BF0D0+520400]
	Ordinal0 [0x0096C030+180272]
	Ordinal0 [0x0096B59D+177565]
	Ordinal0 [0x009695FB+169467]
	Ordinal0 [0x0095160A+71178]
	Ordinal0 [0x00952690+75408]
	Ordinal0 [0x00952629+75305]
	Ordinal0 [0x00A571B7+1143223]
	GetHandleVerifier [0x00B52B46+507814]
	GetHandleVerifier [0x00B52864+507076]
	GetHandleVerifier [0x00B59F47+537511]
	GetHandleVerifier [0x00B53402+510050]
	Ordinal0 [0x00A4F29C+1110684]
	Ordinal0 [0x00A5938B+1151883]
	Ordinal0 [0x00A594F3+1152243]
	Ordinal0 [0x00A583F5+1147893]
	BaseThreadInitThunk [0x76EC8494+36]
	RtlAreBitsSet [0x778441C8+136]
	RtlAreBitsSet [0x77844198+88]

	at org.openqa.selenium.remote.W3CHandshakeResponse.lambda$errorHandler$0(W3CHandshakeResponse.java:62)
	at org.openqa.selenium.remote.HandshakeResponse.lambda$getResponseFunction$0(HandshakeResponse.java:30)
	at org.openqa.selenium.remote.ProtocolHandshake.lambda$createSession$0(ProtocolHandshake.java:126)
	at java.util.stream.ReferencePipeline$3$1.accept(ReferencePipeline.java:193)
	at java.util.Spliterators$ArraySpliterator.tryAdvance(Spliterators.java:958)
	at java.util.stream.ReferencePipeline.forEachWithCancel(ReferencePipeline.java:126)
	at java.util.stream.AbstractPipeline.copyIntoWithCancel(AbstractPipeline.java:499)
	at java.util.stream.AbstractPipeline.copyInto(AbstractPipeline.java:486)
	at java.util.stream.AbstractPipeline.wrapAndCopyInto(AbstractPipeline.java:472)
	at java.util.stream.FindOps$FindOp.evaluateSequential(FindOps.java:152)
	at java.util.stream.AbstractPipeline.evaluate(AbstractPipeline.java:234)
	at java.util.stream.ReferencePipeline.findFirst(ReferencePipeline.java:464)
	at org.openqa.selenium.remote.ProtocolHandshake.createSession(ProtocolHandshake.java:128)
	at org.openqa.selenium.remote.ProtocolHandshake.createSession(ProtocolHandshake.java:74)
	at org.openqa.selenium.remote.HttpCommandExecutor.execute(HttpCommandExecutor.java:136)
	at org.openqa.selenium.remote.service.DriverCommandExecutor.execute(DriverCommandExecutor.java:83)
	at org.openqa.selenium.remote.RemoteWebDriver.execute(RemoteWebDriver.java:552)
	at org.openqa.selenium.remote.RemoteWebDriver.startSession(RemoteWebDriver.java:213)
	at org.openqa.selenium.remote.RemoteWebDriver.&lt;init&gt;(RemoteWebDriver.java:131)
	at org.openqa.selenium.chrome.ChromeDriver.&lt;init&gt;(ChromeDriver.java:181)
	at org.openqa.selenium.chrome.ChromeDriver.&lt;init&gt;(ChromeDriver.java:168)
	at org.openqa.selenium.chrome.ChromeDriver.&lt;init&gt;(ChromeDriver.java:123)
	at test.AbstractTest.beforeSuite(AbstractTest.java:16)
... Removed 24 stack frames</div></td></tr></table><p class="totop"><a href="#summary">back to summary</a></p>
<h3 id="m25">test.NewUserTests#newUserTestFirstName21char</h3><table class="result"><tr><th>Exception</th></tr><tr><td><div class="stacktrace">org.openqa.selenium.SessionNotCreatedException: session not created
from chrome not reachable
  (Session info: chrome=80.0.3987.149)
Build info: version: &apos;3.141.59&apos;, revision: &apos;e82be7d358&apos;, time: &apos;2018-11-14T08:17:03&apos;
System info: host: &apos;GINBAKS&apos;, ip: &apos;192.168.56.1&apos;, os.name: &apos;Windows 10&apos;, os.arch: &apos;amd64&apos;, os.version: &apos;10.0&apos;, java.version: &apos;1.8.0_231&apos;
Driver info: driver.version: ChromeDriver
remote stacktrace: Backtrace:
	Ordinal0 [0x00ABA113+1548563]
	Ordinal0 [0x00A3DDA1+1039777]
	Ordinal0 [0x009BE32E+516910]
	Ordinal0 [0x009B8012+491538]
	Ordinal0 [0x009B86EB+493291]
	Ordinal0 [0x009B9855+497749]
	Ordinal0 [0x009B5885+481413]
	Ordinal0 [0x009BF0D0+520400]
	Ordinal0 [0x0096C030+180272]
	Ordinal0 [0x0096B59D+177565]
	Ordinal0 [0x009695FB+169467]
	Ordinal0 [0x0095160A+71178]
	Ordinal0 [0x00952690+75408]
	Ordinal0 [0x00952629+75305]
	Ordinal0 [0x00A571B7+1143223]
	GetHandleVerifier [0x00B52B46+507814]
	GetHandleVerifier [0x00B52864+507076]
	GetHandleVerifier [0x00B59F47+537511]
	GetHandleVerifier [0x00B53402+510050]
	Ordinal0 [0x00A4F29C+1110684]
	Ordinal0 [0x00A5938B+1151883]
	Ordinal0 [0x00A594F3+1152243]
	Ordinal0 [0x00A583F5+1147893]
	BaseThreadInitThunk [0x76EC8494+36]
	RtlAreBitsSet [0x778441C8+136]
	RtlAreBitsSet [0x77844198+88]

	at org.openqa.selenium.remote.W3CHandshakeResponse.lambda$errorHandler$0(W3CHandshakeResponse.java:62)
	at org.openqa.selenium.remote.HandshakeResponse.lambda$getResponseFunction$0(HandshakeResponse.java:30)
	at org.openqa.selenium.remote.ProtocolHandshake.lambda$createSession$0(ProtocolHandshake.java:126)
	at java.util.stream.ReferencePipeline$3$1.accept(ReferencePipeline.java:193)
	at java.util.Spliterators$ArraySpliterator.tryAdvance(Spliterators.java:958)
	at java.util.stream.ReferencePipeline.forEachWithCancel(ReferencePipeline.java:126)
	at java.util.stream.AbstractPipeline.copyIntoWithCancel(AbstractPipeline.java:499)
	at java.util.stream.AbstractPipeline.copyInto(AbstractPipeline.java:486)
	at java.util.stream.AbstractPipeline.wrapAndCopyInto(AbstractPipeline.java:472)
	at java.util.stream.FindOps$FindOp.evaluateSequential(FindOps.java:152)
	at java.util.stream.AbstractPipeline.evaluate(AbstractPipeline.java:234)
	at java.util.stream.ReferencePipeline.findFirst(ReferencePipeline.java:464)
	at org.openqa.selenium.remote.ProtocolHandshake.createSession(ProtocolHandshake.java:128)
	at org.openqa.selenium.remote.ProtocolHandshake.createSession(ProtocolHandshake.java:74)
	at org.openqa.selenium.remote.HttpCommandExecutor.execute(HttpCommandExecutor.java:136)
	at org.openqa.selenium.remote.service.DriverCommandExecutor.execute(DriverCommandExecutor.java:83)
	at org.openqa.selenium.remote.RemoteWebDriver.execute(RemoteWebDriver.java:552)
	at org.openqa.selenium.remote.RemoteWebDriver.startSession(RemoteWebDriver.java:213)
	at org.openqa.selenium.remote.RemoteWebDriver.&lt;init&gt;(RemoteWebDriver.java:131)
	at org.openqa.selenium.chrome.ChromeDriver.&lt;init&gt;(ChromeDriver.java:181)
	at org.openqa.selenium.chrome.ChromeDriver.&lt;init&gt;(ChromeDriver.java:168)
	at org.openqa.selenium.chrome.ChromeDriver.&lt;init&gt;(ChromeDriver.java:123)
	at test.AbstractTest.beforeSuite(AbstractTest.java:16)
... Removed 24 stack frames</div></td></tr></table><p class="totop"><a href="#summary">back to summary</a></p>
<h3 id="m26">test.NewUserTests#newUserTestLastName21char</h3><table class="result"><tr><th>Exception</th></tr><tr><td><div class="stacktrace">org.openqa.selenium.SessionNotCreatedException: session not created
from chrome not reachable
  (Session info: chrome=80.0.3987.149)
Build info: version: &apos;3.141.59&apos;, revision: &apos;e82be7d358&apos;, time: &apos;2018-11-14T08:17:03&apos;
System info: host: &apos;GINBAKS&apos;, ip: &apos;192.168.56.1&apos;, os.name: &apos;Windows 10&apos;, os.arch: &apos;amd64&apos;, os.version: &apos;10.0&apos;, java.version: &apos;1.8.0_231&apos;
Driver info: driver.version: ChromeDriver
remote stacktrace: Backtrace:
	Ordinal0 [0x00ABA113+1548563]
	Ordinal0 [0x00A3DDA1+1039777]
	Ordinal0 [0x009BE32E+516910]
	Ordinal0 [0x009B8012+491538]
	Ordinal0 [0x009B86EB+493291]
	Ordinal0 [0x009B9855+497749]
	Ordinal0 [0x009B5885+481413]
	Ordinal0 [0x009BF0D0+520400]
	Ordinal0 [0x0096C030+180272]
	Ordinal0 [0x0096B59D+177565]
	Ordinal0 [0x009695FB+169467]
	Ordinal0 [0x0095160A+71178]
	Ordinal0 [0x00952690+75408]
	Ordinal0 [0x00952629+75305]
	Ordinal0 [0x00A571B7+1143223]
	GetHandleVerifier [0x00B52B46+507814]
	GetHandleVerifier [0x00B52864+507076]
	GetHandleVerifier [0x00B59F47+537511]
	GetHandleVerifier [0x00B53402+510050]
	Ordinal0 [0x00A4F29C+1110684]
	Ordinal0 [0x00A5938B+1151883]
	Ordinal0 [0x00A594F3+1152243]
	Ordinal0 [0x00A583F5+1147893]
	BaseThreadInitThunk [0x76EC8494+36]
	RtlAreBitsSet [0x778441C8+136]
	RtlAreBitsSet [0x77844198+88]

	at org.openqa.selenium.remote.W3CHandshakeResponse.lambda$errorHandler$0(W3CHandshakeResponse.java:62)
	at org.openqa.selenium.remote.HandshakeResponse.lambda$getResponseFunction$0(HandshakeResponse.java:30)
	at org.openqa.selenium.remote.ProtocolHandshake.lambda$createSession$0(ProtocolHandshake.java:126)
	at java.util.stream.ReferencePipeline$3$1.accept(ReferencePipeline.java:193)
	at java.util.Spliterators$ArraySpliterator.tryAdvance(Spliterators.java:958)
	at java.util.stream.ReferencePipeline.forEachWithCancel(ReferencePipeline.java:126)
	at java.util.stream.AbstractPipeline.copyIntoWithCancel(AbstractPipeline.java:499)
	at java.util.stream.AbstractPipeline.copyInto(AbstractPipeline.java:486)
	at java.util.stream.AbstractPipeline.wrapAndCopyInto(AbstractPipeline.java:472)
	at java.util.stream.FindOps$FindOp.evaluateSequential(FindOps.java:152)
	at java.util.stream.AbstractPipeline.evaluate(AbstractPipeline.java:234)
	at java.util.stream.ReferencePipeline.findFirst(ReferencePipeline.java:464)
	at org.openqa.selenium.remote.ProtocolHandshake.createSession(ProtocolHandshake.java:128)
	at org.openqa.selenium.remote.ProtocolHandshake.createSession(ProtocolHandshake.java:74)
	at org.openqa.selenium.remote.HttpCommandExecutor.execute(HttpCommandExecutor.java:136)
	at org.openqa.selenium.remote.service.DriverCommandExecutor.execute(DriverCommandExecutor.java:83)
	at org.openqa.selenium.remote.RemoteWebDriver.execute(RemoteWebDriver.java:552)
	at org.openqa.selenium.remote.RemoteWebDriver.startSession(RemoteWebDriver.java:213)
	at org.openqa.selenium.remote.RemoteWebDriver.&lt;init&gt;(RemoteWebDriver.java:131)
	at org.openqa.selenium.chrome.ChromeDriver.&lt;init&gt;(ChromeDriver.java:181)
	at org.openqa.selenium.chrome.ChromeDriver.&lt;init&gt;(ChromeDriver.java:168)
	at org.openqa.selenium.chrome.ChromeDriver.&lt;init&gt;(ChromeDriver.java:123)
	at test.AbstractTest.beforeSuite(AbstractTest.java:16)
... Removed 24 stack frames</div></td></tr></table><p class="totop"><a href="#summary">back to summary</a></p>
<h3 id="m27">test.NewUserTests#newUserTestNotUniqueUsername</h3><table class="result"><tr><th>Exception</th></tr><tr><td><div class="stacktrace">org.openqa.selenium.SessionNotCreatedException: session not created
from chrome not reachable
  (Session info: chrome=80.0.3987.149)
Build info: version: &apos;3.141.59&apos;, revision: &apos;e82be7d358&apos;, time: &apos;2018-11-14T08:17:03&apos;
System info: host: &apos;GINBAKS&apos;, ip: &apos;192.168.56.1&apos;, os.name: &apos;Windows 10&apos;, os.arch: &apos;amd64&apos;, os.version: &apos;10.0&apos;, java.version: &apos;1.8.0_231&apos;
Driver info: driver.version: ChromeDriver
remote stacktrace: Backtrace:
	Ordinal0 [0x00ABA113+1548563]
	Ordinal0 [0x00A3DDA1+1039777]
	Ordinal0 [0x009BE32E+516910]
	Ordinal0 [0x009B8012+491538]
	Ordinal0 [0x009B86EB+493291]
	Ordinal0 [0x009B9855+497749]
	Ordinal0 [0x009B5885+481413]
	Ordinal0 [0x009BF0D0+520400]
	Ordinal0 [0x0096C030+180272]
	Ordinal0 [0x0096B59D+177565]
	Ordinal0 [0x009695FB+169467]
	Ordinal0 [0x0095160A+71178]
	Ordinal0 [0x00952690+75408]
	Ordinal0 [0x00952629+75305]
	Ordinal0 [0x00A571B7+1143223]
	GetHandleVerifier [0x00B52B46+507814]
	GetHandleVerifier [0x00B52864+507076]
	GetHandleVerifier [0x00B59F47+537511]
	GetHandleVerifier [0x00B53402+510050]
	Ordinal0 [0x00A4F29C+1110684]
	Ordinal0 [0x00A5938B+1151883]
	Ordinal0 [0x00A594F3+1152243]
	Ordinal0 [0x00A583F5+1147893]
	BaseThreadInitThunk [0x76EC8494+36]
	RtlAreBitsSet [0x778441C8+136]
	RtlAreBitsSet [0x77844198+88]

	at org.openqa.selenium.remote.W3CHandshakeResponse.lambda$errorHandler$0(W3CHandshakeResponse.java:62)
	at org.openqa.selenium.remote.HandshakeResponse.lambda$getResponseFunction$0(HandshakeResponse.java:30)
	at org.openqa.selenium.remote.ProtocolHandshake.lambda$createSession$0(ProtocolHandshake.java:126)
	at java.util.stream.ReferencePipeline$3$1.accept(ReferencePipeline.java:193)
	at java.util.Spliterators$ArraySpliterator.tryAdvance(Spliterators.java:958)
	at java.util.stream.ReferencePipeline.forEachWithCancel(ReferencePipeline.java:126)
	at java.util.stream.AbstractPipeline.copyIntoWithCancel(AbstractPipeline.java:499)
	at java.util.stream.AbstractPipeline.copyInto(AbstractPipeline.java:486)
	at java.util.stream.AbstractPipeline.wrapAndCopyInto(AbstractPipeline.java:472)
	at java.util.stream.FindOps$FindOp.evaluateSequential(FindOps.java:152)
	at java.util.stream.AbstractPipeline.evaluate(AbstractPipeline.java:234)
	at java.util.stream.ReferencePipeline.findFirst(ReferencePipeline.java:464)
	at org.openqa.selenium.remote.ProtocolHandshake.createSession(ProtocolHandshake.java:128)
	at org.openqa.selenium.remote.ProtocolHandshake.createSession(ProtocolHandshake.java:74)
	at org.openqa.selenium.remote.HttpCommandExecutor.execute(HttpCommandExecutor.java:136)
	at org.openqa.selenium.remote.service.DriverCommandExecutor.execute(DriverCommandExecutor.java:83)
	at org.openqa.selenium.remote.RemoteWebDriver.execute(RemoteWebDriver.java:552)
	at org.openqa.selenium.remote.RemoteWebDriver.startSession(RemoteWebDriver.java:213)
	at org.openqa.selenium.remote.RemoteWebDriver.&lt;init&gt;(RemoteWebDriver.java:131)
	at org.openqa.selenium.chrome.ChromeDriver.&lt;init&gt;(ChromeDriver.java:181)
	at org.openqa.selenium.chrome.ChromeDriver.&lt;init&gt;(ChromeDriver.java:168)
	at org.openqa.selenium.chrome.ChromeDriver.&lt;init&gt;(ChromeDriver.java:123)
	at test.AbstractTest.beforeSuite(AbstractTest.java:16)
... Removed 24 stack frames</div></td></tr></table><p class="totop"><a href="#summary">back to summary</a></p>
<h3 id="m28">test.NewUserTests#newUserTestPassword21char</h3><table class="result"><tr><th>Exception</th></tr><tr><td><div class="stacktrace">org.openqa.selenium.SessionNotCreatedException: session not created
from chrome not reachable
  (Session info: chrome=80.0.3987.149)
Build info: version: &apos;3.141.59&apos;, revision: &apos;e82be7d358&apos;, time: &apos;2018-11-14T08:17:03&apos;
System info: host: &apos;GINBAKS&apos;, ip: &apos;192.168.56.1&apos;, os.name: &apos;Windows 10&apos;, os.arch: &apos;amd64&apos;, os.version: &apos;10.0&apos;, java.version: &apos;1.8.0_231&apos;
Driver info: driver.version: ChromeDriver
remote stacktrace: Backtrace:
	Ordinal0 [0x00ABA113+1548563]
	Ordinal0 [0x00A3DDA1+1039777]
	Ordinal0 [0x009BE32E+516910]
	Ordinal0 [0x009B8012+491538]
	Ordinal0 [0x009B86EB+493291]
	Ordinal0 [0x009B9855+497749]
	Ordinal0 [0x009B5885+481413]
	Ordinal0 [0x009BF0D0+520400]
	Ordinal0 [0x0096C030+180272]
	Ordinal0 [0x0096B59D+177565]
	Ordinal0 [0x009695FB+169467]
	Ordinal0 [0x0095160A+71178]
	Ordinal0 [0x00952690+75408]
	Ordinal0 [0x00952629+75305]
	Ordinal0 [0x00A571B7+1143223]
	GetHandleVerifier [0x00B52B46+507814]
	GetHandleVerifier [0x00B52864+507076]
	GetHandleVerifier [0x00B59F47+537511]
	GetHandleVerifier [0x00B53402+510050]
	Ordinal0 [0x00A4F29C+1110684]
	Ordinal0 [0x00A5938B+1151883]
	Ordinal0 [0x00A594F3+1152243]
	Ordinal0 [0x00A583F5+1147893]
	BaseThreadInitThunk [0x76EC8494+36]
	RtlAreBitsSet [0x778441C8+136]
	RtlAreBitsSet [0x77844198+88]

	at org.openqa.selenium.remote.W3CHandshakeResponse.lambda$errorHandler$0(W3CHandshakeResponse.java:62)
	at org.openqa.selenium.remote.HandshakeResponse.lambda$getResponseFunction$0(HandshakeResponse.java:30)
	at org.openqa.selenium.remote.ProtocolHandshake.lambda$createSession$0(ProtocolHandshake.java:126)
	at java.util.stream.ReferencePipeline$3$1.accept(ReferencePipeline.java:193)
	at java.util.Spliterators$ArraySpliterator.tryAdvance(Spliterators.java:958)
	at java.util.stream.ReferencePipeline.forEachWithCancel(ReferencePipeline.java:126)
	at java.util.stream.AbstractPipeline.copyIntoWithCancel(AbstractPipeline.java:499)
	at java.util.stream.AbstractPipeline.copyInto(AbstractPipeline.java:486)
	at java.util.stream.AbstractPipeline.wrapAndCopyInto(AbstractPipeline.java:472)
	at java.util.stream.FindOps$FindOp.evaluateSequential(FindOps.java:152)
	at java.util.stream.AbstractPipeline.evaluate(AbstractPipeline.java:234)
	at java.util.stream.ReferencePipeline.findFirst(ReferencePipeline.java:464)
	at org.openqa.selenium.remote.ProtocolHandshake.createSession(ProtocolHandshake.java:128)
	at org.openqa.selenium.remote.ProtocolHandshake.createSession(ProtocolHandshake.java:74)
	at org.openqa.selenium.remote.HttpCommandExecutor.execute(HttpCommandExecutor.java:136)
	at org.openqa.selenium.remote.service.DriverCommandExecutor.execute(DriverCommandExecutor.java:83)
	at org.openqa.selenium.remote.RemoteWebDriver.execute(RemoteWebDriver.java:552)
	at org.openqa.selenium.remote.RemoteWebDriver.startSession(RemoteWebDriver.java:213)
	at org.openqa.selenium.remote.RemoteWebDriver.&lt;init&gt;(RemoteWebDriver.java:131)
	at org.openqa.selenium.chrome.ChromeDriver.&lt;init&gt;(ChromeDriver.java:181)
	at org.openqa.selenium.chrome.ChromeDriver.&lt;init&gt;(ChromeDriver.java:168)
	at org.openqa.selenium.chrome.ChromeDriver.&lt;init&gt;(ChromeDriver.java:123)
	at test.AbstractTest.beforeSuite(AbstractTest.java:16)
... Removed 24 stack frames</div></td></tr></table><p class="totop"><a href="#summary">back to summary</a></p>
<h3 id="m29">test.NewUserTests#newUserTestPassword3char</h3><table class="result"><tr><th>Exception</th></tr><tr><td><div class="stacktrace">org.openqa.selenium.SessionNotCreatedException: session not created
from chrome not reachable
  (Session info: chrome=80.0.3987.149)
Build info: version: &apos;3.141.59&apos;, revision: &apos;e82be7d358&apos;, time: &apos;2018-11-14T08:17:03&apos;
System info: host: &apos;GINBAKS&apos;, ip: &apos;192.168.56.1&apos;, os.name: &apos;Windows 10&apos;, os.arch: &apos;amd64&apos;, os.version: &apos;10.0&apos;, java.version: &apos;1.8.0_231&apos;
Driver info: driver.version: ChromeDriver
remote stacktrace: Backtrace:
	Ordinal0 [0x00ABA113+1548563]
	Ordinal0 [0x00A3DDA1+1039777]
	Ordinal0 [0x009BE32E+516910]
	Ordinal0 [0x009B8012+491538]
	Ordinal0 [0x009B86EB+493291]
	Ordinal0 [0x009B9855+497749]
	Ordinal0 [0x009B5885+481413]
	Ordinal0 [0x009BF0D0+520400]
	Ordinal0 [0x0096C030+180272]
	Ordinal0 [0x0096B59D+177565]
	Ordinal0 [0x009695FB+169467]
	Ordinal0 [0x0095160A+71178]
	Ordinal0 [0x00952690+75408]
	Ordinal0 [0x00952629+75305]
	Ordinal0 [0x00A571B7+1143223]
	GetHandleVerifier [0x00B52B46+507814]
	GetHandleVerifier [0x00B52864+507076]
	GetHandleVerifier [0x00B59F47+537511]
	GetHandleVerifier [0x00B53402+510050]
	Ordinal0 [0x00A4F29C+1110684]
	Ordinal0 [0x00A5938B+1151883]
	Ordinal0 [0x00A594F3+1152243]
	Ordinal0 [0x00A583F5+1147893]
	BaseThreadInitThunk [0x76EC8494+36]
	RtlAreBitsSet [0x778441C8+136]
	RtlAreBitsSet [0x77844198+88]

	at org.openqa.selenium.remote.W3CHandshakeResponse.lambda$errorHandler$0(W3CHandshakeResponse.java:62)
	at org.openqa.selenium.remote.HandshakeResponse.lambda$getResponseFunction$0(HandshakeResponse.java:30)
	at org.openqa.selenium.remote.ProtocolHandshake.lambda$createSession$0(ProtocolHandshake.java:126)
	at java.util.stream.ReferencePipeline$3$1.accept(ReferencePipeline.java:193)
	at java.util.Spliterators$ArraySpliterator.tryAdvance(Spliterators.java:958)
	at java.util.stream.ReferencePipeline.forEachWithCancel(ReferencePipeline.java:126)
	at java.util.stream.AbstractPipeline.copyIntoWithCancel(AbstractPipeline.java:499)
	at java.util.stream.AbstractPipeline.copyInto(AbstractPipeline.java:486)
	at java.util.stream.AbstractPipeline.wrapAndCopyInto(AbstractPipeline.java:472)
	at java.util.stream.FindOps$FindOp.evaluateSequential(FindOps.java:152)
	at java.util.stream.AbstractPipeline.evaluate(AbstractPipeline.java:234)
	at java.util.stream.ReferencePipeline.findFirst(ReferencePipeline.java:464)
	at org.openqa.selenium.remote.ProtocolHandshake.createSession(ProtocolHandshake.java:128)
	at org.openqa.selenium.remote.ProtocolHandshake.createSession(ProtocolHandshake.java:74)
	at org.openqa.selenium.remote.HttpCommandExecutor.execute(HttpCommandExecutor.java:136)
	at org.openqa.selenium.remote.service.DriverCommandExecutor.execute(DriverCommandExecutor.java:83)
	at org.openqa.selenium.remote.RemoteWebDriver.execute(RemoteWebDriver.java:552)
	at org.openqa.selenium.remote.RemoteWebDriver.startSession(RemoteWebDriver.java:213)
	at org.openqa.selenium.remote.RemoteWebDriver.&lt;init&gt;(RemoteWebDriver.java:131)
	at org.openqa.selenium.chrome.ChromeDriver.&lt;init&gt;(ChromeDriver.java:181)
	at org.openqa.selenium.chrome.ChromeDriver.&lt;init&gt;(ChromeDriver.java:168)
	at org.openqa.selenium.chrome.ChromeDriver.&lt;init&gt;(ChromeDriver.java:123)
	at test.AbstractTest.beforeSuite(AbstractTest.java:16)
... Removed 24 stack frames</div></td></tr></table><p class="totop"><a href="#summary">back to summary</a></p>
<h3 id="m30">test.NewUserTests#newUserTestPasswordWithSpace</h3><table class="result"><tr><th>Exception</th></tr><tr><td><div class="stacktrace">org.openqa.selenium.SessionNotCreatedException: session not created
from chrome not reachable
  (Session info: chrome=80.0.3987.149)
Build info: version: &apos;3.141.59&apos;, revision: &apos;e82be7d358&apos;, time: &apos;2018-11-14T08:17:03&apos;
System info: host: &apos;GINBAKS&apos;, ip: &apos;192.168.56.1&apos;, os.name: &apos;Windows 10&apos;, os.arch: &apos;amd64&apos;, os.version: &apos;10.0&apos;, java.version: &apos;1.8.0_231&apos;
Driver info: driver.version: ChromeDriver
remote stacktrace: Backtrace:
	Ordinal0 [0x00ABA113+1548563]
	Ordinal0 [0x00A3DDA1+1039777]
	Ordinal0 [0x009BE32E+516910]
	Ordinal0 [0x009B8012+491538]
	Ordinal0 [0x009B86EB+493291]
	Ordinal0 [0x009B9855+497749]
	Ordinal0 [0x009B5885+481413]
	Ordinal0 [0x009BF0D0+520400]
	Ordinal0 [0x0096C030+180272]
	Ordinal0 [0x0096B59D+177565]
	Ordinal0 [0x009695FB+169467]
	Ordinal0 [0x0095160A+71178]
	Ordinal0 [0x00952690+75408]
	Ordinal0 [0x00952629+75305]
	Ordinal0 [0x00A571B7+1143223]
	GetHandleVerifier [0x00B52B46+507814]
	GetHandleVerifier [0x00B52864+507076]
	GetHandleVerifier [0x00B59F47+537511]
	GetHandleVerifier [0x00B53402+510050]
	Ordinal0 [0x00A4F29C+1110684]
	Ordinal0 [0x00A5938B+1151883]
	Ordinal0 [0x00A594F3+1152243]
	Ordinal0 [0x00A583F5+1147893]
	BaseThreadInitThunk [0x76EC8494+36]
	RtlAreBitsSet [0x778441C8+136]
	RtlAreBitsSet [0x77844198+88]

	at org.openqa.selenium.remote.W3CHandshakeResponse.lambda$errorHandler$0(W3CHandshakeResponse.java:62)
	at org.openqa.selenium.remote.HandshakeResponse.lambda$getResponseFunction$0(HandshakeResponse.java:30)
	at org.openqa.selenium.remote.ProtocolHandshake.lambda$createSession$0(ProtocolHandshake.java:126)
	at java.util.stream.ReferencePipeline$3$1.accept(ReferencePipeline.java:193)
	at java.util.Spliterators$ArraySpliterator.tryAdvance(Spliterators.java:958)
	at java.util.stream.ReferencePipeline.forEachWithCancel(ReferencePipeline.java:126)
	at java.util.stream.AbstractPipeline.copyIntoWithCancel(AbstractPipeline.java:499)
	at java.util.stream.AbstractPipeline.copyInto(AbstractPipeline.java:486)
	at java.util.stream.AbstractPipeline.wrapAndCopyInto(AbstractPipeline.java:472)
	at java.util.stream.FindOps$FindOp.evaluateSequential(FindOps.java:152)
	at java.util.stream.AbstractPipeline.evaluate(AbstractPipeline.java:234)
	at java.util.stream.ReferencePipeline.findFirst(ReferencePipeline.java:464)
	at org.openqa.selenium.remote.ProtocolHandshake.createSession(ProtocolHandshake.java:128)
	at org.openqa.selenium.remote.ProtocolHandshake.createSession(ProtocolHandshake.java:74)
	at org.openqa.selenium.remote.HttpCommandExecutor.execute(HttpCommandExecutor.java:136)
	at org.openqa.selenium.remote.service.DriverCommandExecutor.execute(DriverCommandExecutor.java:83)
	at org.openqa.selenium.remote.RemoteWebDriver.execute(RemoteWebDriver.java:552)
	at org.openqa.selenium.remote.RemoteWebDriver.startSession(RemoteWebDriver.java:213)
	at org.openqa.selenium.remote.RemoteWebDriver.&lt;init&gt;(RemoteWebDriver.java:131)
	at org.openqa.selenium.chrome.ChromeDriver.&lt;init&gt;(ChromeDriver.java:181)
	at org.openqa.selenium.chrome.ChromeDriver.&lt;init&gt;(ChromeDriver.java:168)
	at org.openqa.selenium.chrome.ChromeDriver.&lt;init&gt;(ChromeDriver.java:123)
	at test.AbstractTest.beforeSuite(AbstractTest.java:16)
... Removed 24 stack frames</div></td></tr></table><p class="totop"><a href="#summary">back to summary</a></p>
<h3 id="m31">test.NewUserTests#newUserTestUsername21char</h3><table class="result"><tr><th>Exception</th></tr><tr><td><div class="stacktrace">org.openqa.selenium.SessionNotCreatedException: session not created
from chrome not reachable
  (Session info: chrome=80.0.3987.149)
Build info: version: &apos;3.141.59&apos;, revision: &apos;e82be7d358&apos;, time: &apos;2018-11-14T08:17:03&apos;
System info: host: &apos;GINBAKS&apos;, ip: &apos;192.168.56.1&apos;, os.name: &apos;Windows 10&apos;, os.arch: &apos;amd64&apos;, os.version: &apos;10.0&apos;, java.version: &apos;1.8.0_231&apos;
Driver info: driver.version: ChromeDriver
remote stacktrace: Backtrace:
	Ordinal0 [0x00ABA113+1548563]
	Ordinal0 [0x00A3DDA1+1039777]
	Ordinal0 [0x009BE32E+516910]
	Ordinal0 [0x009B8012+491538]
	Ordinal0 [0x009B86EB+493291]
	Ordinal0 [0x009B9855+497749]
	Ordinal0 [0x009B5885+481413]
	Ordinal0 [0x009BF0D0+520400]
	Ordinal0 [0x0096C030+180272]
	Ordinal0 [0x0096B59D+177565]
	Ordinal0 [0x009695FB+169467]
	Ordinal0 [0x0095160A+71178]
	Ordinal0 [0x00952690+75408]
	Ordinal0 [0x00952629+75305]
	Ordinal0 [0x00A571B7+1143223]
	GetHandleVerifier [0x00B52B46+507814]
	GetHandleVerifier [0x00B52864+507076]
	GetHandleVerifier [0x00B59F47+537511]
	GetHandleVerifier [0x00B53402+510050]
	Ordinal0 [0x00A4F29C+1110684]
	Ordinal0 [0x00A5938B+1151883]
	Ordinal0 [0x00A594F3+1152243]
	Ordinal0 [0x00A583F5+1147893]
	BaseThreadInitThunk [0x76EC8494+36]
	RtlAreBitsSet [0x778441C8+136]
	RtlAreBitsSet [0x77844198+88]

	at org.openqa.selenium.remote.W3CHandshakeResponse.lambda$errorHandler$0(W3CHandshakeResponse.java:62)
	at org.openqa.selenium.remote.HandshakeResponse.lambda$getResponseFunction$0(HandshakeResponse.java:30)
	at org.openqa.selenium.remote.ProtocolHandshake.lambda$createSession$0(ProtocolHandshake.java:126)
	at java.util.stream.ReferencePipeline$3$1.accept(ReferencePipeline.java:193)
	at java.util.Spliterators$ArraySpliterator.tryAdvance(Spliterators.java:958)
	at java.util.stream.ReferencePipeline.forEachWithCancel(ReferencePipeline.java:126)
	at java.util.stream.AbstractPipeline.copyIntoWithCancel(AbstractPipeline.java:499)
	at java.util.stream.AbstractPipeline.copyInto(AbstractPipeline.java:486)
	at java.util.stream.AbstractPipeline.wrapAndCopyInto(AbstractPipeline.java:472)
	at java.util.stream.FindOps$FindOp.evaluateSequential(FindOps.java:152)
	at java.util.stream.AbstractPipeline.evaluate(AbstractPipeline.java:234)
	at java.util.stream.ReferencePipeline.findFirst(ReferencePipeline.java:464)
	at org.openqa.selenium.remote.ProtocolHandshake.createSession(ProtocolHandshake.java:128)
	at org.openqa.selenium.remote.ProtocolHandshake.createSession(ProtocolHandshake.java:74)
	at org.openqa.selenium.remote.HttpCommandExecutor.execute(HttpCommandExecutor.java:136)
	at org.openqa.selenium.remote.service.DriverCommandExecutor.execute(DriverCommandExecutor.java:83)
	at org.openqa.selenium.remote.RemoteWebDriver.execute(RemoteWebDriver.java:552)
	at org.openqa.selenium.remote.RemoteWebDriver.startSession(RemoteWebDriver.java:213)
	at org.openqa.selenium.remote.RemoteWebDriver.&lt;init&gt;(RemoteWebDriver.java:131)
	at org.openqa.selenium.chrome.ChromeDriver.&lt;init&gt;(ChromeDriver.java:181)
	at org.openqa.selenium.chrome.ChromeDriver.&lt;init&gt;(ChromeDriver.java:168)
	at org.openqa.selenium.chrome.ChromeDriver.&lt;init&gt;(ChromeDriver.java:123)
	at test.AbstractTest.beforeSuite(AbstractTest.java:16)
... Removed 24 stack frames</div></td></tr></table><p class="totop"><a href="#summary">back to summary</a></p>
<h3 id="m32">test.NewUserTests#newUserTestUsername3char</h3><table class="result"><tr><th>Exception</th></tr><tr><td><div class="stacktrace">org.openqa.selenium.SessionNotCreatedException: session not created
from chrome not reachable
  (Session info: chrome=80.0.3987.149)
Build info: version: &apos;3.141.59&apos;, revision: &apos;e82be7d358&apos;, time: &apos;2018-11-14T08:17:03&apos;
System info: host: &apos;GINBAKS&apos;, ip: &apos;192.168.56.1&apos;, os.name: &apos;Windows 10&apos;, os.arch: &apos;amd64&apos;, os.version: &apos;10.0&apos;, java.version: &apos;1.8.0_231&apos;
Driver info: driver.version: ChromeDriver
remote stacktrace: Backtrace:
	Ordinal0 [0x00ABA113+1548563]
	Ordinal0 [0x00A3DDA1+1039777]
	Ordinal0 [0x009BE32E+516910]
	Ordinal0 [0x009B8012+491538]
	Ordinal0 [0x009B86EB+493291]
	Ordinal0 [0x009B9855+497749]
	Ordinal0 [0x009B5885+481413]
	Ordinal0 [0x009BF0D0+520400]
	Ordinal0 [0x0096C030+180272]
	Ordinal0 [0x0096B59D+177565]
	Ordinal0 [0x009695FB+169467]
	Ordinal0 [0x0095160A+71178]
	Ordinal0 [0x00952690+75408]
	Ordinal0 [0x00952629+75305]
	Ordinal0 [0x00A571B7+1143223]
	GetHandleVerifier [0x00B52B46+507814]
	GetHandleVerifier [0x00B52864+507076]
	GetHandleVerifier [0x00B59F47+537511]
	GetHandleVerifier [0x00B53402+510050]
	Ordinal0 [0x00A4F29C+1110684]
	Ordinal0 [0x00A5938B+1151883]
	Ordinal0 [0x00A594F3+1152243]
	Ordinal0 [0x00A583F5+1147893]
	BaseThreadInitThunk [0x76EC8494+36]
	RtlAreBitsSet [0x778441C8+136]
	RtlAreBitsSet [0x77844198+88]

	at org.openqa.selenium.remote.W3CHandshakeResponse.lambda$errorHandler$0(W3CHandshakeResponse.java:62)
	at org.openqa.selenium.remote.HandshakeResponse.lambda$getResponseFunction$0(HandshakeResponse.java:30)
	at org.openqa.selenium.remote.ProtocolHandshake.lambda$createSession$0(ProtocolHandshake.java:126)
	at java.util.stream.ReferencePipeline$3$1.accept(ReferencePipeline.java:193)
	at java.util.Spliterators$ArraySpliterator.tryAdvance(Spliterators.java:958)
	at java.util.stream.ReferencePipeline.forEachWithCancel(ReferencePipeline.java:126)
	at java.util.stream.AbstractPipeline.copyIntoWithCancel(AbstractPipeline.java:499)
	at java.util.stream.AbstractPipeline.copyInto(AbstractPipeline.java:486)
	at java.util.stream.AbstractPipeline.wrapAndCopyInto(AbstractPipeline.java:472)
	at java.util.stream.FindOps$FindOp.evaluateSequential(FindOps.java:152)
	at java.util.stream.AbstractPipeline.evaluate(AbstractPipeline.java:234)
	at java.util.stream.ReferencePipeline.findFirst(ReferencePipeline.java:464)
	at org.openqa.selenium.remote.ProtocolHandshake.createSession(ProtocolHandshake.java:128)
	at org.openqa.selenium.remote.ProtocolHandshake.createSession(ProtocolHandshake.java:74)
	at org.openqa.selenium.remote.HttpCommandExecutor.execute(HttpCommandExecutor.java:136)
	at org.openqa.selenium.remote.service.DriverCommandExecutor.execute(DriverCommandExecutor.java:83)
	at org.openqa.selenium.remote.RemoteWebDriver.execute(RemoteWebDriver.java:552)
	at org.openqa.selenium.remote.RemoteWebDriver.startSession(RemoteWebDriver.java:213)
	at org.openqa.selenium.remote.RemoteWebDriver.&lt;init&gt;(RemoteWebDriver.java:131)
	at org.openqa.selenium.chrome.ChromeDriver.&lt;init&gt;(ChromeDriver.java:181)
	at org.openqa.selenium.chrome.ChromeDriver.&lt;init&gt;(ChromeDriver.java:168)
	at org.openqa.selenium.chrome.ChromeDriver.&lt;init&gt;(ChromeDriver.java:123)
	at test.AbstractTest.beforeSuite(AbstractTest.java:16)
... Removed 24 stack frames</div></td></tr></table><p class="totop"><a href="#summary">back to summary</a></p>
<h3 id="m33">test.NewUserTests#newUserTestUsernameSpecChar</h3><table class="result"><tr><th>Exception</th></tr><tr><td><div class="stacktrace">org.openqa.selenium.SessionNotCreatedException: session not created
from chrome not reachable
  (Session info: chrome=80.0.3987.149)
Build info: version: &apos;3.141.59&apos;, revision: &apos;e82be7d358&apos;, time: &apos;2018-11-14T08:17:03&apos;
System info: host: &apos;GINBAKS&apos;, ip: &apos;192.168.56.1&apos;, os.name: &apos;Windows 10&apos;, os.arch: &apos;amd64&apos;, os.version: &apos;10.0&apos;, java.version: &apos;1.8.0_231&apos;
Driver info: driver.version: ChromeDriver
remote stacktrace: Backtrace:
	Ordinal0 [0x00ABA113+1548563]
	Ordinal0 [0x00A3DDA1+1039777]
	Ordinal0 [0x009BE32E+516910]
	Ordinal0 [0x009B8012+491538]
	Ordinal0 [0x009B86EB+493291]
	Ordinal0 [0x009B9855+497749]
	Ordinal0 [0x009B5885+481413]
	Ordinal0 [0x009BF0D0+520400]
	Ordinal0 [0x0096C030+180272]
	Ordinal0 [0x0096B59D+177565]
	Ordinal0 [0x009695FB+169467]
	Ordinal0 [0x0095160A+71178]
	Ordinal0 [0x00952690+75408]
	Ordinal0 [0x00952629+75305]
	Ordinal0 [0x00A571B7+1143223]
	GetHandleVerifier [0x00B52B46+507814]
	GetHandleVerifier [0x00B52864+507076]
	GetHandleVerifier [0x00B59F47+537511]
	GetHandleVerifier [0x00B53402+510050]
	Ordinal0 [0x00A4F29C+1110684]
	Ordinal0 [0x00A5938B+1151883]
	Ordinal0 [0x00A594F3+1152243]
	Ordinal0 [0x00A583F5+1147893]
	BaseThreadInitThunk [0x76EC8494+36]
	RtlAreBitsSet [0x778441C8+136]
	RtlAreBitsSet [0x77844198+88]

	at org.openqa.selenium.remote.W3CHandshakeResponse.lambda$errorHandler$0(W3CHandshakeResponse.java:62)
	at org.openqa.selenium.remote.HandshakeResponse.lambda$getResponseFunction$0(HandshakeResponse.java:30)
	at org.openqa.selenium.remote.ProtocolHandshake.lambda$createSession$0(ProtocolHandshake.java:126)
	at java.util.stream.ReferencePipeline$3$1.accept(ReferencePipeline.java:193)
	at java.util.Spliterators$ArraySpliterator.tryAdvance(Spliterators.java:958)
	at java.util.stream.ReferencePipeline.forEachWithCancel(ReferencePipeline.java:126)
	at java.util.stream.AbstractPipeline.copyIntoWithCancel(AbstractPipeline.java:499)
	at java.util.stream.AbstractPipeline.copyInto(AbstractPipeline.java:486)
	at java.util.stream.AbstractPipeline.wrapAndCopyInto(AbstractPipeline.java:472)
	at java.util.stream.FindOps$FindOp.evaluateSequential(FindOps.java:152)
	at java.util.stream.AbstractPipeline.evaluate(AbstractPipeline.java:234)
	at java.util.stream.ReferencePipeline.findFirst(ReferencePipeline.java:464)
	at org.openqa.selenium.remote.ProtocolHandshake.createSession(ProtocolHandshake.java:128)
	at org.openqa.selenium.remote.ProtocolHandshake.createSession(ProtocolHandshake.java:74)
	at org.openqa.selenium.remote.HttpCommandExecutor.execute(HttpCommandExecutor.java:136)
	at org.openqa.selenium.remote.service.DriverCommandExecutor.execute(DriverCommandExecutor.java:83)
	at org.openqa.selenium.remote.RemoteWebDriver.execute(RemoteWebDriver.java:552)
	at org.openqa.selenium.remote.RemoteWebDriver.startSession(RemoteWebDriver.java:213)
	at org.openqa.selenium.remote.RemoteWebDriver.&lt;init&gt;(RemoteWebDriver.java:131)
	at org.openqa.selenium.chrome.ChromeDriver.&lt;init&gt;(ChromeDriver.java:181)
	at org.openqa.selenium.chrome.ChromeDriver.&lt;init&gt;(ChromeDriver.java:168)
	at org.openqa.selenium.chrome.ChromeDriver.&lt;init&gt;(ChromeDriver.java:123)
	at test.AbstractTest.beforeSuite(AbstractTest.java:16)
... Removed 24 stack frames</div></td></tr></table><p class="totop"><a href="#summary">back to summary</a></p>
<h3 id="m34">test.NewUserTests#newUserTestUsernameWithSpace</h3><table class="result"><tr><th>Exception</th></tr><tr><td><div class="stacktrace">org.openqa.selenium.SessionNotCreatedException: session not created
from chrome not reachable
  (Session info: chrome=80.0.3987.149)
Build info: version: &apos;3.141.59&apos;, revision: &apos;e82be7d358&apos;, time: &apos;2018-11-14T08:17:03&apos;
System info: host: &apos;GINBAKS&apos;, ip: &apos;192.168.56.1&apos;, os.name: &apos;Windows 10&apos;, os.arch: &apos;amd64&apos;, os.version: &apos;10.0&apos;, java.version: &apos;1.8.0_231&apos;
Driver info: driver.version: ChromeDriver
remote stacktrace: Backtrace:
	Ordinal0 [0x00ABA113+1548563]
	Ordinal0 [0x00A3DDA1+1039777]
	Ordinal0 [0x009BE32E+516910]
	Ordinal0 [0x009B8012+491538]
	Ordinal0 [0x009B86EB+493291]
	Ordinal0 [0x009B9855+497749]
	Ordinal0 [0x009B5885+481413]
	Ordinal0 [0x009BF0D0+520400]
	Ordinal0 [0x0096C030+180272]
	Ordinal0 [0x0096B59D+177565]
	Ordinal0 [0x009695FB+169467]
	Ordinal0 [0x0095160A+71178]
	Ordinal0 [0x00952690+75408]
	Ordinal0 [0x00952629+75305]
	Ordinal0 [0x00A571B7+1143223]
	GetHandleVerifier [0x00B52B46+507814]
	GetHandleVerifier [0x00B52864+507076]
	GetHandleVerifier [0x00B59F47+537511]
	GetHandleVerifier [0x00B53402+510050]
	Ordinal0 [0x00A4F29C+1110684]
	Ordinal0 [0x00A5938B+1151883]
	Ordinal0 [0x00A594F3+1152243]
	Ordinal0 [0x00A583F5+1147893]
	BaseThreadInitThunk [0x76EC8494+36]
	RtlAreBitsSet [0x778441C8+136]
	RtlAreBitsSet [0x77844198+88]

	at org.openqa.selenium.remote.W3CHandshakeResponse.lambda$errorHandler$0(W3CHandshakeResponse.java:62)
	at org.openqa.selenium.remote.HandshakeResponse.lambda$getResponseFunction$0(HandshakeResponse.java:30)
	at org.openqa.selenium.remote.ProtocolHandshake.lambda$createSession$0(ProtocolHandshake.java:126)
	at java.util.stream.ReferencePipeline$3$1.accept(ReferencePipeline.java:193)
	at java.util.Spliterators$ArraySpliterator.tryAdvance(Spliterators.java:958)
	at java.util.stream.ReferencePipeline.forEachWithCancel(ReferencePipeline.java:126)
	at java.util.stream.AbstractPipeline.copyIntoWithCancel(AbstractPipeline.java:499)
	at java.util.stream.AbstractPipeline.copyInto(AbstractPipeline.java:486)
	at java.util.stream.AbstractPipeline.wrapAndCopyInto(AbstractPipeline.java:472)
	at java.util.stream.FindOps$FindOp.evaluateSequential(FindOps.java:152)
	at java.util.stream.AbstractPipeline.evaluate(AbstractPipeline.java:234)
	at java.util.stream.ReferencePipeline.findFirst(ReferencePipeline.java:464)
	at org.openqa.selenium.remote.ProtocolHandshake.createSession(ProtocolHandshake.java:128)
	at org.openqa.selenium.remote.ProtocolHandshake.createSession(ProtocolHandshake.java:74)
	at org.openqa.selenium.remote.HttpCommandExecutor.execute(HttpCommandExecutor.java:136)
	at org.openqa.selenium.remote.service.DriverCommandExecutor.execute(DriverCommandExecutor.java:83)
	at org.openqa.selenium.remote.RemoteWebDriver.execute(RemoteWebDriver.java:552)
	at org.openqa.selenium.remote.RemoteWebDriver.startSession(RemoteWebDriver.java:213)
	at org.openqa.selenium.remote.RemoteWebDriver.&lt;init&gt;(RemoteWebDriver.java:131)
	at org.openqa.selenium.chrome.ChromeDriver.&lt;init&gt;(ChromeDriver.java:181)
	at org.openqa.selenium.chrome.ChromeDriver.&lt;init&gt;(ChromeDriver.java:168)
	at org.openqa.selenium.chrome.ChromeDriver.&lt;init&gt;(ChromeDriver.java:123)
	at test.AbstractTest.beforeSuite(AbstractTest.java:16)
... Removed 24 stack frames</div></td></tr></table><p class="totop"><a href="#summary">back to summary</a></p>
</body>
</html>
