<?xml version="1.0" encoding="UTF-8"?>
<testng-results skipped="14" failed="0" ignored="0" total="14" passed="0">
  <reporter-output>
  </reporter-output>
  <suite name="newUserTests" duration-ms="59" started-at="2020-03-25T18:35:44Z" finished-at="2020-03-25T18:35:45Z">
    <groups>
      <group name="newUserFieldValidationTests">
        <method signature="NewUserTests.newUserTestEmptyFirstNameField(java.lang.String, java.lang.String, java.lang.String)[pri:1, instance:test.NewUserTests@553f17c]" name="newUserTestEmptyFirstNameField" class="test.NewUserTests"/>
        <method signature="NewUserTests.newUserTestEmptyLastNameField(java.lang.String, java.lang.String, java.lang.String)[pri:1, instance:test.NewUserTests@553f17c]" name="newUserTestEmptyLastNameField" class="test.NewUserTests"/>
        <method signature="NewUserTests.newUserTestFirstName21char(java.lang.String, java.lang.String, java.lang.String, java.lang.String)[pri:3, instance:test.NewUserTests@553f17c]" name="newUserTestFirstName21char" class="test.NewUserTests"/>
        <method signature="NewUserTests.newUserTestLastName21char(java.lang.String, java.lang.String, java.lang.String, java.lang.String)[pri:3, instance:test.NewUserTests@553f17c]" name="newUserTestLastName21char" class="test.NewUserTests"/>
        <method signature="NewUserTests.newUserTestNotUniqueUsername(java.lang.String, java.lang.String, java.lang.String, java.lang.String)[pri:1, instance:test.NewUserTests@553f17c]" name="newUserTestNotUniqueUsername" class="test.NewUserTests"/>
        <method signature="NewUserTests.newUserTestPassword21char(java.lang.String, java.lang.String, java.lang.String, java.lang.String)[pri:3, instance:test.NewUserTests@553f17c]" name="newUserTestPassword21char" class="test.NewUserTests"/>
        <method signature="NewUserTests.newUserTestPassword3char(java.lang.String, java.lang.String, java.lang.String, java.lang.String)[pri:3, instance:test.NewUserTests@553f17c]" name="newUserTestPassword3char" class="test.NewUserTests"/>
        <method signature="NewUserTests.newUserTestPasswordWithSpace(java.lang.String, java.lang.String, java.lang.String, java.lang.String)[pri:3, instance:test.NewUserTests@553f17c]" name="newUserTestPasswordWithSpace" class="test.NewUserTests"/>
        <method signature="NewUserTests.newUserTestUsername21char(java.lang.String, java.lang.String, java.lang.String, java.lang.String)[pri:3, instance:test.NewUserTests@553f17c]" name="newUserTestUsername21char" class="test.NewUserTests"/>
        <method signature="NewUserTests.newUserTestUsername3char(java.lang.String, java.lang.String, java.lang.String, java.lang.String)[pri:3, instance:test.NewUserTests@553f17c]" name="newUserTestUsername3char" class="test.NewUserTests"/>
        <method signature="NewUserTests.newUserTestUsernameSpecChar(java.lang.String, java.lang.String, java.lang.String, java.lang.String)[pri:3, instance:test.NewUserTests@553f17c]" name="newUserTestUsernameSpecChar" class="test.NewUserTests"/>
        <method signature="NewUserTests.newUserTestUsernameWithSpace(java.lang.String, java.lang.String, java.lang.String, java.lang.String)[pri:3, instance:test.NewUserTests@553f17c]" name="newUserTestUsernameWithSpace" class="test.NewUserTests"/>
      </group> <!-- newUserFieldValidationTests -->
      <group name="newUserTests">
        <method signature="NewUserTests.createNewAdminTest(java.lang.String, java.lang.String, java.lang.String, java.lang.String, java.lang.String, java.lang.String)[pri:1, instance:test.NewUserTests@553f17c]" name="createNewAdminTest" class="test.NewUserTests"/>
        <method signature="NewUserTests.createNewUserTest(java.lang.String, java.lang.String, java.lang.String, java.lang.String, java.lang.String, java.lang.String)[pri:1, instance:test.NewUserTests@553f17c]" name="createNewUserTest" class="test.NewUserTests"/>
        <method signature="NewUserTests.newUserTestEmptyFirstNameField(java.lang.String, java.lang.String, java.lang.String)[pri:1, instance:test.NewUserTests@553f17c]" name="newUserTestEmptyFirstNameField" class="test.NewUserTests"/>
        <method signature="NewUserTests.newUserTestEmptyLastNameField(java.lang.String, java.lang.String, java.lang.String)[pri:1, instance:test.NewUserTests@553f17c]" name="newUserTestEmptyLastNameField" class="test.NewUserTests"/>
        <method signature="NewUserTests.newUserTestFirstName21char(java.lang.String, java.lang.String, java.lang.String, java.lang.String)[pri:3, instance:test.NewUserTests@553f17c]" name="newUserTestFirstName21char" class="test.NewUserTests"/>
        <method signature="NewUserTests.newUserTestLastName21char(java.lang.String, java.lang.String, java.lang.String, java.lang.String)[pri:3, instance:test.NewUserTests@553f17c]" name="newUserTestLastName21char" class="test.NewUserTests"/>
        <method signature="NewUserTests.newUserTestNotUniqueUsername(java.lang.String, java.lang.String, java.lang.String, java.lang.String)[pri:1, instance:test.NewUserTests@553f17c]" name="newUserTestNotUniqueUsername" class="test.NewUserTests"/>
        <method signature="NewUserTests.newUserTestPassword21char(java.lang.String, java.lang.String, java.lang.String, java.lang.String)[pri:3, instance:test.NewUserTests@553f17c]" name="newUserTestPassword21char" class="test.NewUserTests"/>
        <method signature="NewUserTests.newUserTestPassword3char(java.lang.String, java.lang.String, java.lang.String, java.lang.String)[pri:3, instance:test.NewUserTests@553f17c]" name="newUserTestPassword3char" class="test.NewUserTests"/>
        <method signature="NewUserTests.newUserTestPasswordWithSpace(java.lang.String, java.lang.String, java.lang.String, java.lang.String)[pri:3, instance:test.NewUserTests@553f17c]" name="newUserTestPasswordWithSpace" class="test.NewUserTests"/>
        <method signature="NewUserTests.newUserTestUsername21char(java.lang.String, java.lang.String, java.lang.String, java.lang.String)[pri:3, instance:test.NewUserTests@553f17c]" name="newUserTestUsername21char" class="test.NewUserTests"/>
        <method signature="NewUserTests.newUserTestUsername3char(java.lang.String, java.lang.String, java.lang.String, java.lang.String)[pri:3, instance:test.NewUserTests@553f17c]" name="newUserTestUsername3char" class="test.NewUserTests"/>
        <method signature="NewUserTests.newUserTestUsernameSpecChar(java.lang.String, java.lang.String, java.lang.String, java.lang.String)[pri:3, instance:test.NewUserTests@553f17c]" name="newUserTestUsernameSpecChar" class="test.NewUserTests"/>
        <method signature="NewUserTests.newUserTestUsernameWithSpace(java.lang.String, java.lang.String, java.lang.String, java.lang.String)[pri:3, instance:test.NewUserTests@553f17c]" name="newUserTestUsernameWithSpace" class="test.NewUserTests"/>
      </group> <!-- newUserTests -->
    </groups>
    <test name="newUserTests" duration-ms="59" started-at="2020-03-25T18:35:44Z" finished-at="2020-03-25T18:35:45Z">
      <class name="test.NewUserTests">
        <test-method status="FAIL" signature="beforeSuite()[pri:0, instance:test.NewUserTests@553f17c]" name="beforeSuite" is-config="true" duration-ms="7996" started-at="2020-03-25T18:35:36Z" finished-at="2020-03-25T18:35:44Z">
          <exception class="org.openqa.selenium.SessionNotCreatedException">
            <message>
              <![CDATA[session not created
from chrome not reachable
  (Session info: chrome=80.0.3987.149)
Build info: version: '3.141.59', revision: 'e82be7d358', time: '2018-11-14T08:17:03'
System info: host: 'GINBAKS', ip: '192.168.56.1', os.name: 'Windows 10', os.arch: 'amd64', os.version: '10.0', java.version: '1.8.0_231'
Driver info: driver.version: ChromeDriver
remote stacktrace: Backtrace:
Ordinal0 [0x00ABA113+1548563]
Ordinal0 [0x00A3DDA1+1039777]
Ordinal0 [0x009BE32E+516910]
Ordinal0 [0x009B8012+491538]
Ordinal0 [0x009B86EB+493291]
Ordinal0 [0x009B9855+497749]
Ordinal0 [0x009B5885+481413]
Ordinal0 [0x009BF0D0+520400]
Ordinal0 [0x0096C030+180272]
Ordinal0 [0x0096B59D+177565]
Ordinal0 [0x009695FB+169467]
Ordinal0 [0x0095160A+71178]
Ordinal0 [0x00952690+75408]
Ordinal0 [0x00952629+75305]
Ordinal0 [0x00A571B7+1143223]
GetHandleVerifier [0x00B52B46+507814]
GetHandleVerifier [0x00B52864+507076]
GetHandleVerifier [0x00B59F47+537511]
GetHandleVerifier [0x00B53402+510050]
Ordinal0 [0x00A4F29C+1110684]
Ordinal0 [0x00A5938B+1151883]
Ordinal0 [0x00A594F3+1152243]
Ordinal0 [0x00A583F5+1147893]
BaseThreadInitThunk [0x76EC8494+36]
RtlAreBitsSet [0x778441C8+136]
RtlAreBitsSet [0x77844198+88]
]]>
            </message>
            <full-stacktrace>
              <![CDATA[org.openqa.selenium.SessionNotCreatedException: session not created
from chrome not reachable
  (Session info: chrome=80.0.3987.149)
Build info: version: '3.141.59', revision: 'e82be7d358', time: '2018-11-14T08:17:03'
System info: host: 'GINBAKS', ip: '192.168.56.1', os.name: 'Windows 10', os.arch: 'amd64', os.version: '10.0', java.version: '1.8.0_231'
Driver info: driver.version: ChromeDriver
remote stacktrace: Backtrace:
Ordinal0 [0x00ABA113+1548563]
Ordinal0 [0x00A3DDA1+1039777]
Ordinal0 [0x009BE32E+516910]
Ordinal0 [0x009B8012+491538]
Ordinal0 [0x009B86EB+493291]
Ordinal0 [0x009B9855+497749]
Ordinal0 [0x009B5885+481413]
Ordinal0 [0x009BF0D0+520400]
Ordinal0 [0x0096C030+180272]
Ordinal0 [0x0096B59D+177565]
Ordinal0 [0x009695FB+169467]
Ordinal0 [0x0095160A+71178]
Ordinal0 [0x00952690+75408]
Ordinal0 [0x00952629+75305]
Ordinal0 [0x00A571B7+1143223]
GetHandleVerifier [0x00B52B46+507814]
GetHandleVerifier [0x00B52864+507076]
GetHandleVerifier [0x00B59F47+537511]
GetHandleVerifier [0x00B53402+510050]
Ordinal0 [0x00A4F29C+1110684]
Ordinal0 [0x00A5938B+1151883]
Ordinal0 [0x00A594F3+1152243]
Ordinal0 [0x00A583F5+1147893]
BaseThreadInitThunk [0x76EC8494+36]
RtlAreBitsSet [0x778441C8+136]
RtlAreBitsSet [0x77844198+88]

at sun.reflect.NativeConstructorAccessorImpl.newInstance0(Native Method)
at sun.reflect.NativeConstructorAccessorImpl.newInstance(NativeConstructorAccessorImpl.java:62)
at sun.reflect.DelegatingConstructorAccessorImpl.newInstance(DelegatingConstructorAccessorImpl.java:45)
at java.lang.reflect.Constructor.newInstance(Constructor.java:423)
at org.openqa.selenium.remote.W3CHandshakeResponse.lambda$errorHandler$0(W3CHandshakeResponse.java:62)
at org.openqa.selenium.remote.HandshakeResponse.lambda$getResponseFunction$0(HandshakeResponse.java:30)
at org.openqa.selenium.remote.ProtocolHandshake.lambda$createSession$0(ProtocolHandshake.java:126)
at java.util.stream.ReferencePipeline$3$1.accept(ReferencePipeline.java:193)
at java.util.Spliterators$ArraySpliterator.tryAdvance(Spliterators.java:958)
at java.util.stream.ReferencePipeline.forEachWithCancel(ReferencePipeline.java:126)
at java.util.stream.AbstractPipeline.copyIntoWithCancel(AbstractPipeline.java:499)
at java.util.stream.AbstractPipeline.copyInto(AbstractPipeline.java:486)
at java.util.stream.AbstractPipeline.wrapAndCopyInto(AbstractPipeline.java:472)
at java.util.stream.FindOps$FindOp.evaluateSequential(FindOps.java:152)
at java.util.stream.AbstractPipeline.evaluate(AbstractPipeline.java:234)
at java.util.stream.ReferencePipeline.findFirst(ReferencePipeline.java:464)
at org.openqa.selenium.remote.ProtocolHandshake.createSession(ProtocolHandshake.java:128)
at org.openqa.selenium.remote.ProtocolHandshake.createSession(ProtocolHandshake.java:74)
at org.openqa.selenium.remote.HttpCommandExecutor.execute(HttpCommandExecutor.java:136)
at org.openqa.selenium.remote.service.DriverCommandExecutor.execute(DriverCommandExecutor.java:83)
at org.openqa.selenium.remote.RemoteWebDriver.execute(RemoteWebDriver.java:552)
at org.openqa.selenium.remote.RemoteWebDriver.startSession(RemoteWebDriver.java:213)
at org.openqa.selenium.remote.RemoteWebDriver.<init>(RemoteWebDriver.java:131)
at org.openqa.selenium.chrome.ChromeDriver.<init>(ChromeDriver.java:181)
at org.openqa.selenium.chrome.ChromeDriver.<init>(ChromeDriver.java:168)
at org.openqa.selenium.chrome.ChromeDriver.<init>(ChromeDriver.java:123)
at test.AbstractTest.beforeSuite(AbstractTest.java:16)
at sun.reflect.NativeMethodAccessorImpl.invoke0(Native Method)
at sun.reflect.NativeMethodAccessorImpl.invoke(NativeMethodAccessorImpl.java:62)
at sun.reflect.DelegatingMethodAccessorImpl.invoke(DelegatingMethodAccessorImpl.java:43)
at java.lang.reflect.Method.invoke(Method.java:498)
at org.testng.internal.MethodInvocationHelper.invokeMethod(MethodInvocationHelper.java:124)
at org.testng.internal.MethodInvocationHelper.invokeMethodConsideringTimeout(MethodInvocationHelper.java:59)
at org.testng.internal.Invoker.invokeConfigurationMethod(Invoker.java:458)
at org.testng.internal.Invoker.invokeConfigurations(Invoker.java:222)
at org.testng.internal.Invoker.invokeConfigurations(Invoker.java:142)
at org.testng.SuiteRunner.privateRun(SuiteRunner.java:401)
at org.testng.SuiteRunner.run(SuiteRunner.java:364)
at org.testng.SuiteRunnerWorker.runSuite(SuiteRunnerWorker.java:52)
at org.testng.SuiteRunnerWorker.run(SuiteRunnerWorker.java:84)
at org.testng.TestNG.runSuitesSequentially(TestNG.java:1208)
at org.testng.TestNG.runSuitesLocally(TestNG.java:1137)
at org.testng.TestNG.runSuites(TestNG.java:1049)
at org.testng.TestNG.run(TestNG.java:1017)
at org.testng.remote.AbstractRemoteTestNG.run(AbstractRemoteTestNG.java:115)
at org.testng.remote.RemoteTestNG.initAndRun(RemoteTestNG.java:251)
at org.testng.remote.RemoteTestNG.main(RemoteTestNG.java:77)
]]>
            </full-stacktrace>
          </exception> <!-- org.openqa.selenium.SessionNotCreatedException -->
          <reporter-output>
          </reporter-output>
        </test-method> <!-- beforeSuite -->
        <test-method status="SKIP" signature="preconditions(java.lang.String, java.lang.String, java.lang.String)[pri:0, instance:test.NewUserTests@553f17c]" name="preconditions" is-config="true" duration-ms="0" started-at="2020-03-25T18:35:44Z" finished-at="2020-03-25T18:35:44Z">
          <reporter-output>
          </reporter-output>
        </test-method> <!-- preconditions -->
        <test-method status="SKIP" signature="login(java.lang.String, java.lang.String, java.lang.String)[pri:0, instance:test.NewUserTests@553f17c]" name="login" is-config="true" duration-ms="0" started-at="2020-03-25T18:35:44Z" finished-at="2020-03-25T18:35:44Z">
          <reporter-output>
          </reporter-output>
        </test-method> <!-- login -->
        <test-method status="SKIP" signature="navigateToNewUserPage()[pri:0, instance:test.NewUserTests@553f17c]" name="navigateToNewUserPage" is-config="true" duration-ms="0" started-at="2020-03-25T18:35:44Z" finished-at="2020-03-25T18:35:44Z">
          <reporter-output>
          </reporter-output>
        </test-method> <!-- navigateToNewUserPage -->
        <test-method status="SKIP" signature="createNewUserTest(java.lang.String, java.lang.String, java.lang.String, java.lang.String, java.lang.String, java.lang.String)[pri:1, instance:test.NewUserTests@553f17c]" name="createNewUserTest" duration-ms="0" started-at="2020-03-25T18:35:44Z" finished-at="2020-03-25T18:35:44Z">
          <exception class="org.openqa.selenium.SessionNotCreatedException">
            <message>
              <![CDATA[session not created
from chrome not reachable
  (Session info: chrome=80.0.3987.149)
Build info: version: '3.141.59', revision: 'e82be7d358', time: '2018-11-14T08:17:03'
System info: host: 'GINBAKS', ip: '192.168.56.1', os.name: 'Windows 10', os.arch: 'amd64', os.version: '10.0', java.version: '1.8.0_231'
Driver info: driver.version: ChromeDriver
remote stacktrace: Backtrace:
Ordinal0 [0x00ABA113+1548563]
Ordinal0 [0x00A3DDA1+1039777]
Ordinal0 [0x009BE32E+516910]
Ordinal0 [0x009B8012+491538]
Ordinal0 [0x009B86EB+493291]
Ordinal0 [0x009B9855+497749]
Ordinal0 [0x009B5885+481413]
Ordinal0 [0x009BF0D0+520400]
Ordinal0 [0x0096C030+180272]
Ordinal0 [0x0096B59D+177565]
Ordinal0 [0x009695FB+169467]
Ordinal0 [0x0095160A+71178]
Ordinal0 [0x00952690+75408]
Ordinal0 [0x00952629+75305]
Ordinal0 [0x00A571B7+1143223]
GetHandleVerifier [0x00B52B46+507814]
GetHandleVerifier [0x00B52864+507076]
GetHandleVerifier [0x00B59F47+537511]
GetHandleVerifier [0x00B53402+510050]
Ordinal0 [0x00A4F29C+1110684]
Ordinal0 [0x00A5938B+1151883]
Ordinal0 [0x00A594F3+1152243]
Ordinal0 [0x00A583F5+1147893]
BaseThreadInitThunk [0x76EC8494+36]
RtlAreBitsSet [0x778441C8+136]
RtlAreBitsSet [0x77844198+88]
]]>
            </message>
            <full-stacktrace>
              <![CDATA[org.openqa.selenium.SessionNotCreatedException: session not created
from chrome not reachable
  (Session info: chrome=80.0.3987.149)
Build info: version: '3.141.59', revision: 'e82be7d358', time: '2018-11-14T08:17:03'
System info: host: 'GINBAKS', ip: '192.168.56.1', os.name: 'Windows 10', os.arch: 'amd64', os.version: '10.0', java.version: '1.8.0_231'
Driver info: driver.version: ChromeDriver
remote stacktrace: Backtrace:
Ordinal0 [0x00ABA113+1548563]
Ordinal0 [0x00A3DDA1+1039777]
Ordinal0 [0x009BE32E+516910]
Ordinal0 [0x009B8012+491538]
Ordinal0 [0x009B86EB+493291]
Ordinal0 [0x009B9855+497749]
Ordinal0 [0x009B5885+481413]
Ordinal0 [0x009BF0D0+520400]
Ordinal0 [0x0096C030+180272]
Ordinal0 [0x0096B59D+177565]
Ordinal0 [0x009695FB+169467]
Ordinal0 [0x0095160A+71178]
Ordinal0 [0x00952690+75408]
Ordinal0 [0x00952629+75305]
Ordinal0 [0x00A571B7+1143223]
GetHandleVerifier [0x00B52B46+507814]
GetHandleVerifier [0x00B52864+507076]
GetHandleVerifier [0x00B59F47+537511]
GetHandleVerifier [0x00B53402+510050]
Ordinal0 [0x00A4F29C+1110684]
Ordinal0 [0x00A5938B+1151883]
Ordinal0 [0x00A594F3+1152243]
Ordinal0 [0x00A583F5+1147893]
BaseThreadInitThunk [0x76EC8494+36]
RtlAreBitsSet [0x778441C8+136]
RtlAreBitsSet [0x77844198+88]

at sun.reflect.NativeConstructorAccessorImpl.newInstance0(Native Method)
at sun.reflect.NativeConstructorAccessorImpl.newInstance(NativeConstructorAccessorImpl.java:62)
at sun.reflect.DelegatingConstructorAccessorImpl.newInstance(DelegatingConstructorAccessorImpl.java:45)
at java.lang.reflect.Constructor.newInstance(Constructor.java:423)
at org.openqa.selenium.remote.W3CHandshakeResponse.lambda$errorHandler$0(W3CHandshakeResponse.java:62)
at org.openqa.selenium.remote.HandshakeResponse.lambda$getResponseFunction$0(HandshakeResponse.java:30)
at org.openqa.selenium.remote.ProtocolHandshake.lambda$createSession$0(ProtocolHandshake.java:126)
at java.util.stream.ReferencePipeline$3$1.accept(ReferencePipeline.java:193)
at java.util.Spliterators$ArraySpliterator.tryAdvance(Spliterators.java:958)
at java.util.stream.ReferencePipeline.forEachWithCancel(ReferencePipeline.java:126)
at java.util.stream.AbstractPipeline.copyIntoWithCancel(AbstractPipeline.java:499)
at java.util.stream.AbstractPipeline.copyInto(AbstractPipeline.java:486)
at java.util.stream.AbstractPipeline.wrapAndCopyInto(AbstractPipeline.java:472)
at java.util.stream.FindOps$FindOp.evaluateSequential(FindOps.java:152)
at java.util.stream.AbstractPipeline.evaluate(AbstractPipeline.java:234)
at java.util.stream.ReferencePipeline.findFirst(ReferencePipeline.java:464)
at org.openqa.selenium.remote.ProtocolHandshake.createSession(ProtocolHandshake.java:128)
at org.openqa.selenium.remote.ProtocolHandshake.createSession(ProtocolHandshake.java:74)
at org.openqa.selenium.remote.HttpCommandExecutor.execute(HttpCommandExecutor.java:136)
at org.openqa.selenium.remote.service.DriverCommandExecutor.execute(DriverCommandExecutor.java:83)
at org.openqa.selenium.remote.RemoteWebDriver.execute(RemoteWebDriver.java:552)
at org.openqa.selenium.remote.RemoteWebDriver.startSession(RemoteWebDriver.java:213)
at org.openqa.selenium.remote.RemoteWebDriver.<init>(RemoteWebDriver.java:131)
at org.openqa.selenium.chrome.ChromeDriver.<init>(ChromeDriver.java:181)
at org.openqa.selenium.chrome.ChromeDriver.<init>(ChromeDriver.java:168)
at org.openqa.selenium.chrome.ChromeDriver.<init>(ChromeDriver.java:123)
at test.AbstractTest.beforeSuite(AbstractTest.java:16)
at sun.reflect.NativeMethodAccessorImpl.invoke0(Native Method)
at sun.reflect.NativeMethodAccessorImpl.invoke(NativeMethodAccessorImpl.java:62)
at sun.reflect.DelegatingMethodAccessorImpl.invoke(DelegatingMethodAccessorImpl.java:43)
at java.lang.reflect.Method.invoke(Method.java:498)
at org.testng.internal.MethodInvocationHelper.invokeMethod(MethodInvocationHelper.java:124)
at org.testng.internal.MethodInvocationHelper.invokeMethodConsideringTimeout(MethodInvocationHelper.java:59)
at org.testng.internal.Invoker.invokeConfigurationMethod(Invoker.java:458)
at org.testng.internal.Invoker.invokeConfigurations(Invoker.java:222)
at org.testng.internal.Invoker.invokeConfigurations(Invoker.java:142)
at org.testng.SuiteRunner.privateRun(SuiteRunner.java:401)
at org.testng.SuiteRunner.run(SuiteRunner.java:364)
at org.testng.SuiteRunnerWorker.runSuite(SuiteRunnerWorker.java:52)
at org.testng.SuiteRunnerWorker.run(SuiteRunnerWorker.java:84)
at org.testng.TestNG.runSuitesSequentially(TestNG.java:1208)
at org.testng.TestNG.runSuitesLocally(TestNG.java:1137)
at org.testng.TestNG.runSuites(TestNG.java:1049)
at org.testng.TestNG.run(TestNG.java:1017)
at org.testng.remote.AbstractRemoteTestNG.run(AbstractRemoteTestNG.java:115)
at org.testng.remote.RemoteTestNG.initAndRun(RemoteTestNG.java:251)
at org.testng.remote.RemoteTestNG.main(RemoteTestNG.java:77)
]]>
            </full-stacktrace>
          </exception> <!-- org.openqa.selenium.SessionNotCreatedException -->
          <reporter-output>
          </reporter-output>
        </test-method> <!-- createNewUserTest -->
        <test-method status="SKIP" signature="navigateToNewUserPage()[pri:0, instance:test.NewUserTests@553f17c]" name="navigateToNewUserPage" is-config="true" duration-ms="0" started-at="2020-03-25T18:35:44Z" finished-at="2020-03-25T18:35:44Z">
          <reporter-output>
          </reporter-output>
        </test-method> <!-- navigateToNewUserPage -->
        <test-method status="SKIP" signature="login(java.lang.String, java.lang.String, java.lang.String)[pri:0, instance:test.NewUserTests@553f17c]" name="login" is-config="true" duration-ms="0" started-at="2020-03-25T18:35:44Z" finished-at="2020-03-25T18:35:44Z">
          <reporter-output>
          </reporter-output>
        </test-method> <!-- login -->
        <test-method status="SKIP" signature="createNewAdminTest(java.lang.String, java.lang.String, java.lang.String, java.lang.String, java.lang.String, java.lang.String)[pri:1, instance:test.NewUserTests@553f17c]" name="createNewAdminTest" duration-ms="0" started-at="2020-03-25T18:35:44Z" finished-at="2020-03-25T18:35:44Z">
          <exception class="org.openqa.selenium.SessionNotCreatedException">
            <message>
              <![CDATA[session not created
from chrome not reachable
  (Session info: chrome=80.0.3987.149)
Build info: version: '3.141.59', revision: 'e82be7d358', time: '2018-11-14T08:17:03'
System info: host: 'GINBAKS', ip: '192.168.56.1', os.name: 'Windows 10', os.arch: 'amd64', os.version: '10.0', java.version: '1.8.0_231'
Driver info: driver.version: ChromeDriver
remote stacktrace: Backtrace:
Ordinal0 [0x00ABA113+1548563]
Ordinal0 [0x00A3DDA1+1039777]
Ordinal0 [0x009BE32E+516910]
Ordinal0 [0x009B8012+491538]
Ordinal0 [0x009B86EB+493291]
Ordinal0 [0x009B9855+497749]
Ordinal0 [0x009B5885+481413]
Ordinal0 [0x009BF0D0+520400]
Ordinal0 [0x0096C030+180272]
Ordinal0 [0x0096B59D+177565]
Ordinal0 [0x009695FB+169467]
Ordinal0 [0x0095160A+71178]
Ordinal0 [0x00952690+75408]
Ordinal0 [0x00952629+75305]
Ordinal0 [0x00A571B7+1143223]
GetHandleVerifier [0x00B52B46+507814]
GetHandleVerifier [0x00B52864+507076]
GetHandleVerifier [0x00B59F47+537511]
GetHandleVerifier [0x00B53402+510050]
Ordinal0 [0x00A4F29C+1110684]
Ordinal0 [0x00A5938B+1151883]
Ordinal0 [0x00A594F3+1152243]
Ordinal0 [0x00A583F5+1147893]
BaseThreadInitThunk [0x76EC8494+36]
RtlAreBitsSet [0x778441C8+136]
RtlAreBitsSet [0x77844198+88]
]]>
            </message>
            <full-stacktrace>
              <![CDATA[org.openqa.selenium.SessionNotCreatedException: session not created
from chrome not reachable
  (Session info: chrome=80.0.3987.149)
Build info: version: '3.141.59', revision: 'e82be7d358', time: '2018-11-14T08:17:03'
System info: host: 'GINBAKS', ip: '192.168.56.1', os.name: 'Windows 10', os.arch: 'amd64', os.version: '10.0', java.version: '1.8.0_231'
Driver info: driver.version: ChromeDriver
remote stacktrace: Backtrace:
Ordinal0 [0x00ABA113+1548563]
Ordinal0 [0x00A3DDA1+1039777]
Ordinal0 [0x009BE32E+516910]
Ordinal0 [0x009B8012+491538]
Ordinal0 [0x009B86EB+493291]
Ordinal0 [0x009B9855+497749]
Ordinal0 [0x009B5885+481413]
Ordinal0 [0x009BF0D0+520400]
Ordinal0 [0x0096C030+180272]
Ordinal0 [0x0096B59D+177565]
Ordinal0 [0x009695FB+169467]
Ordinal0 [0x0095160A+71178]
Ordinal0 [0x00952690+75408]
Ordinal0 [0x00952629+75305]
Ordinal0 [0x00A571B7+1143223]
GetHandleVerifier [0x00B52B46+507814]
GetHandleVerifier [0x00B52864+507076]
GetHandleVerifier [0x00B59F47+537511]
GetHandleVerifier [0x00B53402+510050]
Ordinal0 [0x00A4F29C+1110684]
Ordinal0 [0x00A5938B+1151883]
Ordinal0 [0x00A594F3+1152243]
Ordinal0 [0x00A583F5+1147893]
BaseThreadInitThunk [0x76EC8494+36]
RtlAreBitsSet [0x778441C8+136]
RtlAreBitsSet [0x77844198+88]

at sun.reflect.NativeConstructorAccessorImpl.newInstance0(Native Method)
at sun.reflect.NativeConstructorAccessorImpl.newInstance(NativeConstructorAccessorImpl.java:62)
at sun.reflect.DelegatingConstructorAccessorImpl.newInstance(DelegatingConstructorAccessorImpl.java:45)
at java.lang.reflect.Constructor.newInstance(Constructor.java:423)
at org.openqa.selenium.remote.W3CHandshakeResponse.lambda$errorHandler$0(W3CHandshakeResponse.java:62)
at org.openqa.selenium.remote.HandshakeResponse.lambda$getResponseFunction$0(HandshakeResponse.java:30)
at org.openqa.selenium.remote.ProtocolHandshake.lambda$createSession$0(ProtocolHandshake.java:126)
at java.util.stream.ReferencePipeline$3$1.accept(ReferencePipeline.java:193)
at java.util.Spliterators$ArraySpliterator.tryAdvance(Spliterators.java:958)
at java.util.stream.ReferencePipeline.forEachWithCancel(ReferencePipeline.java:126)
at java.util.stream.AbstractPipeline.copyIntoWithCancel(AbstractPipeline.java:499)
at java.util.stream.AbstractPipeline.copyInto(AbstractPipeline.java:486)
at java.util.stream.AbstractPipeline.wrapAndCopyInto(AbstractPipeline.java:472)
at java.util.stream.FindOps$FindOp.evaluateSequential(FindOps.java:152)
at java.util.stream.AbstractPipeline.evaluate(AbstractPipeline.java:234)
at java.util.stream.ReferencePipeline.findFirst(ReferencePipeline.java:464)
at org.openqa.selenium.remote.ProtocolHandshake.createSession(ProtocolHandshake.java:128)
at org.openqa.selenium.remote.ProtocolHandshake.createSession(ProtocolHandshake.java:74)
at org.openqa.selenium.remote.HttpCommandExecutor.execute(HttpCommandExecutor.java:136)
at org.openqa.selenium.remote.service.DriverCommandExecutor.execute(DriverCommandExecutor.java:83)
at org.openqa.selenium.remote.RemoteWebDriver.execute(RemoteWebDriver.java:552)
at org.openqa.selenium.remote.RemoteWebDriver.startSession(RemoteWebDriver.java:213)
at org.openqa.selenium.remote.RemoteWebDriver.<init>(RemoteWebDriver.java:131)
at org.openqa.selenium.chrome.ChromeDriver.<init>(ChromeDriver.java:181)
at org.openqa.selenium.chrome.ChromeDriver.<init>(ChromeDriver.java:168)
at org.openqa.selenium.chrome.ChromeDriver.<init>(ChromeDriver.java:123)
at test.AbstractTest.beforeSuite(AbstractTest.java:16)
at sun.reflect.NativeMethodAccessorImpl.invoke0(Native Method)
at sun.reflect.NativeMethodAccessorImpl.invoke(NativeMethodAccessorImpl.java:62)
at sun.reflect.DelegatingMethodAccessorImpl.invoke(DelegatingMethodAccessorImpl.java:43)
at java.lang.reflect.Method.invoke(Method.java:498)
at org.testng.internal.MethodInvocationHelper.invokeMethod(MethodInvocationHelper.java:124)
at org.testng.internal.MethodInvocationHelper.invokeMethodConsideringTimeout(MethodInvocationHelper.java:59)
at org.testng.internal.Invoker.invokeConfigurationMethod(Invoker.java:458)
at org.testng.internal.Invoker.invokeConfigurations(Invoker.java:222)
at org.testng.internal.Invoker.invokeConfigurations(Invoker.java:142)
at org.testng.SuiteRunner.privateRun(SuiteRunner.java:401)
at org.testng.SuiteRunner.run(SuiteRunner.java:364)
at org.testng.SuiteRunnerWorker.runSuite(SuiteRunnerWorker.java:52)
at org.testng.SuiteRunnerWorker.run(SuiteRunnerWorker.java:84)
at org.testng.TestNG.runSuitesSequentially(TestNG.java:1208)
at org.testng.TestNG.runSuitesLocally(TestNG.java:1137)
at org.testng.TestNG.runSuites(TestNG.java:1049)
at org.testng.TestNG.run(TestNG.java:1017)
at org.testng.remote.AbstractRemoteTestNG.run(AbstractRemoteTestNG.java:115)
at org.testng.remote.RemoteTestNG.initAndRun(RemoteTestNG.java:251)
at org.testng.remote.RemoteTestNG.main(RemoteTestNG.java:77)
]]>
            </full-stacktrace>
          </exception> <!-- org.openqa.selenium.SessionNotCreatedException -->
          <reporter-output>
          </reporter-output>
        </test-method> <!-- createNewAdminTest -->
        <test-method status="SKIP" signature="navigateToNewUserPage()[pri:0, instance:test.NewUserTests@553f17c]" name="navigateToNewUserPage" is-config="true" duration-ms="0" started-at="2020-03-25T18:35:44Z" finished-at="2020-03-25T18:35:44Z">
          <reporter-output>
          </reporter-output>
        </test-method> <!-- navigateToNewUserPage -->
        <test-method status="SKIP" signature="newUserTestEmptyLastNameField(java.lang.String, java.lang.String, java.lang.String)[pri:1, instance:test.NewUserTests@553f17c]" name="newUserTestEmptyLastNameField" duration-ms="0" started-at="2020-03-25T18:35:44Z" finished-at="2020-03-25T18:35:44Z">
          <exception class="org.openqa.selenium.SessionNotCreatedException">
            <message>
              <![CDATA[session not created
from chrome not reachable
  (Session info: chrome=80.0.3987.149)
Build info: version: '3.141.59', revision: 'e82be7d358', time: '2018-11-14T08:17:03'
System info: host: 'GINBAKS', ip: '192.168.56.1', os.name: 'Windows 10', os.arch: 'amd64', os.version: '10.0', java.version: '1.8.0_231'
Driver info: driver.version: ChromeDriver
remote stacktrace: Backtrace:
Ordinal0 [0x00ABA113+1548563]
Ordinal0 [0x00A3DDA1+1039777]
Ordinal0 [0x009BE32E+516910]
Ordinal0 [0x009B8012+491538]
Ordinal0 [0x009B86EB+493291]
Ordinal0 [0x009B9855+497749]
Ordinal0 [0x009B5885+481413]
Ordinal0 [0x009BF0D0+520400]
Ordinal0 [0x0096C030+180272]
Ordinal0 [0x0096B59D+177565]
Ordinal0 [0x009695FB+169467]
Ordinal0 [0x0095160A+71178]
Ordinal0 [0x00952690+75408]
Ordinal0 [0x00952629+75305]
Ordinal0 [0x00A571B7+1143223]
GetHandleVerifier [0x00B52B46+507814]
GetHandleVerifier [0x00B52864+507076]
GetHandleVerifier [0x00B59F47+537511]
GetHandleVerifier [0x00B53402+510050]
Ordinal0 [0x00A4F29C+1110684]
Ordinal0 [0x00A5938B+1151883]
Ordinal0 [0x00A594F3+1152243]
Ordinal0 [0x00A583F5+1147893]
BaseThreadInitThunk [0x76EC8494+36]
RtlAreBitsSet [0x778441C8+136]
RtlAreBitsSet [0x77844198+88]
]]>
            </message>
            <full-stacktrace>
              <![CDATA[org.openqa.selenium.SessionNotCreatedException: session not created
from chrome not reachable
  (Session info: chrome=80.0.3987.149)
Build info: version: '3.141.59', revision: 'e82be7d358', time: '2018-11-14T08:17:03'
System info: host: 'GINBAKS', ip: '192.168.56.1', os.name: 'Windows 10', os.arch: 'amd64', os.version: '10.0', java.version: '1.8.0_231'
Driver info: driver.version: ChromeDriver
remote stacktrace: Backtrace:
Ordinal0 [0x00ABA113+1548563]
Ordinal0 [0x00A3DDA1+1039777]
Ordinal0 [0x009BE32E+516910]
Ordinal0 [0x009B8012+491538]
Ordinal0 [0x009B86EB+493291]
Ordinal0 [0x009B9855+497749]
Ordinal0 [0x009B5885+481413]
Ordinal0 [0x009BF0D0+520400]
Ordinal0 [0x0096C030+180272]
Ordinal0 [0x0096B59D+177565]
Ordinal0 [0x009695FB+169467]
Ordinal0 [0x0095160A+71178]
Ordinal0 [0x00952690+75408]
Ordinal0 [0x00952629+75305]
Ordinal0 [0x00A571B7+1143223]
GetHandleVerifier [0x00B52B46+507814]
GetHandleVerifier [0x00B52864+507076]
GetHandleVerifier [0x00B59F47+537511]
GetHandleVerifier [0x00B53402+510050]
Ordinal0 [0x00A4F29C+1110684]
Ordinal0 [0x00A5938B+1151883]
Ordinal0 [0x00A594F3+1152243]
Ordinal0 [0x00A583F5+1147893]
BaseThreadInitThunk [0x76EC8494+36]
RtlAreBitsSet [0x778441C8+136]
RtlAreBitsSet [0x77844198+88]

at sun.reflect.NativeConstructorAccessorImpl.newInstance0(Native Method)
at sun.reflect.NativeConstructorAccessorImpl.newInstance(NativeConstructorAccessorImpl.java:62)
at sun.reflect.DelegatingConstructorAccessorImpl.newInstance(DelegatingConstructorAccessorImpl.java:45)
at java.lang.reflect.Constructor.newInstance(Constructor.java:423)
at org.openqa.selenium.remote.W3CHandshakeResponse.lambda$errorHandler$0(W3CHandshakeResponse.java:62)
at org.openqa.selenium.remote.HandshakeResponse.lambda$getResponseFunction$0(HandshakeResponse.java:30)
at org.openqa.selenium.remote.ProtocolHandshake.lambda$createSession$0(ProtocolHandshake.java:126)
at java.util.stream.ReferencePipeline$3$1.accept(ReferencePipeline.java:193)
at java.util.Spliterators$ArraySpliterator.tryAdvance(Spliterators.java:958)
at java.util.stream.ReferencePipeline.forEachWithCancel(ReferencePipeline.java:126)
at java.util.stream.AbstractPipeline.copyIntoWithCancel(AbstractPipeline.java:499)
at java.util.stream.AbstractPipeline.copyInto(AbstractPipeline.java:486)
at java.util.stream.AbstractPipeline.wrapAndCopyInto(AbstractPipeline.java:472)
at java.util.stream.FindOps$FindOp.evaluateSequential(FindOps.java:152)
at java.util.stream.AbstractPipeline.evaluate(AbstractPipeline.java:234)
at java.util.stream.ReferencePipeline.findFirst(ReferencePipeline.java:464)
at org.openqa.selenium.remote.ProtocolHandshake.createSession(ProtocolHandshake.java:128)
at org.openqa.selenium.remote.ProtocolHandshake.createSession(ProtocolHandshake.java:74)
at org.openqa.selenium.remote.HttpCommandExecutor.execute(HttpCommandExecutor.java:136)
at org.openqa.selenium.remote.service.DriverCommandExecutor.execute(DriverCommandExecutor.java:83)
at org.openqa.selenium.remote.RemoteWebDriver.execute(RemoteWebDriver.java:552)
at org.openqa.selenium.remote.RemoteWebDriver.startSession(RemoteWebDriver.java:213)
at org.openqa.selenium.remote.RemoteWebDriver.<init>(RemoteWebDriver.java:131)
at org.openqa.selenium.chrome.ChromeDriver.<init>(ChromeDriver.java:181)
at org.openqa.selenium.chrome.ChromeDriver.<init>(ChromeDriver.java:168)
at org.openqa.selenium.chrome.ChromeDriver.<init>(ChromeDriver.java:123)
at test.AbstractTest.beforeSuite(AbstractTest.java:16)
at sun.reflect.NativeMethodAccessorImpl.invoke0(Native Method)
at sun.reflect.NativeMethodAccessorImpl.invoke(NativeMethodAccessorImpl.java:62)
at sun.reflect.DelegatingMethodAccessorImpl.invoke(DelegatingMethodAccessorImpl.java:43)
at java.lang.reflect.Method.invoke(Method.java:498)
at org.testng.internal.MethodInvocationHelper.invokeMethod(MethodInvocationHelper.java:124)
at org.testng.internal.MethodInvocationHelper.invokeMethodConsideringTimeout(MethodInvocationHelper.java:59)
at org.testng.internal.Invoker.invokeConfigurationMethod(Invoker.java:458)
at org.testng.internal.Invoker.invokeConfigurations(Invoker.java:222)
at org.testng.internal.Invoker.invokeConfigurations(Invoker.java:142)
at org.testng.SuiteRunner.privateRun(SuiteRunner.java:401)
at org.testng.SuiteRunner.run(SuiteRunner.java:364)
at org.testng.SuiteRunnerWorker.runSuite(SuiteRunnerWorker.java:52)
at org.testng.SuiteRunnerWorker.run(SuiteRunnerWorker.java:84)
at org.testng.TestNG.runSuitesSequentially(TestNG.java:1208)
at org.testng.TestNG.runSuitesLocally(TestNG.java:1137)
at org.testng.TestNG.runSuites(TestNG.java:1049)
at org.testng.TestNG.run(TestNG.java:1017)
at org.testng.remote.AbstractRemoteTestNG.run(AbstractRemoteTestNG.java:115)
at org.testng.remote.RemoteTestNG.initAndRun(RemoteTestNG.java:251)
at org.testng.remote.RemoteTestNG.main(RemoteTestNG.java:77)
]]>
            </full-stacktrace>
          </exception> <!-- org.openqa.selenium.SessionNotCreatedException -->
          <reporter-output>
          </reporter-output>
        </test-method> <!-- newUserTestEmptyLastNameField -->
        <test-method status="SKIP" signature="navigateToNewUserPage()[pri:0, instance:test.NewUserTests@553f17c]" name="navigateToNewUserPage" is-config="true" duration-ms="0" started-at="2020-03-25T18:35:44Z" finished-at="2020-03-25T18:35:44Z">
          <reporter-output>
          </reporter-output>
        </test-method> <!-- navigateToNewUserPage -->
        <test-method status="SKIP" signature="navigateToNewUserPage()[pri:0, instance:test.NewUserTests@553f17c]" name="navigateToNewUserPage" is-config="true" duration-ms="0" started-at="2020-03-25T18:35:44Z" finished-at="2020-03-25T18:35:44Z">
          <reporter-output>
          </reporter-output>
        </test-method> <!-- navigateToNewUserPage -->
        <test-method status="SKIP" signature="navigateToNewUserPage()[pri:0, instance:test.NewUserTests@553f17c]" name="navigateToNewUserPage" is-config="true" duration-ms="0" started-at="2020-03-25T18:35:44Z" finished-at="2020-03-25T18:35:44Z">
          <reporter-output>
          </reporter-output>
        </test-method> <!-- navigateToNewUserPage -->
        <test-method status="SKIP" signature="newUserTestLastName21char(java.lang.String, java.lang.String, java.lang.String, java.lang.String)[pri:3, instance:test.NewUserTests@553f17c]" name="newUserTestLastName21char" duration-ms="0" started-at="2020-03-25T18:35:44Z" finished-at="2020-03-25T18:35:44Z">
          <exception class="org.openqa.selenium.SessionNotCreatedException">
            <message>
              <![CDATA[session not created
from chrome not reachable
  (Session info: chrome=80.0.3987.149)
Build info: version: '3.141.59', revision: 'e82be7d358', time: '2018-11-14T08:17:03'
System info: host: 'GINBAKS', ip: '192.168.56.1', os.name: 'Windows 10', os.arch: 'amd64', os.version: '10.0', java.version: '1.8.0_231'
Driver info: driver.version: ChromeDriver
remote stacktrace: Backtrace:
Ordinal0 [0x00ABA113+1548563]
Ordinal0 [0x00A3DDA1+1039777]
Ordinal0 [0x009BE32E+516910]
Ordinal0 [0x009B8012+491538]
Ordinal0 [0x009B86EB+493291]
Ordinal0 [0x009B9855+497749]
Ordinal0 [0x009B5885+481413]
Ordinal0 [0x009BF0D0+520400]
Ordinal0 [0x0096C030+180272]
Ordinal0 [0x0096B59D+177565]
Ordinal0 [0x009695FB+169467]
Ordinal0 [0x0095160A+71178]
Ordinal0 [0x00952690+75408]
Ordinal0 [0x00952629+75305]
Ordinal0 [0x00A571B7+1143223]
GetHandleVerifier [0x00B52B46+507814]
GetHandleVerifier [0x00B52864+507076]
GetHandleVerifier [0x00B59F47+537511]
GetHandleVerifier [0x00B53402+510050]
Ordinal0 [0x00A4F29C+1110684]
Ordinal0 [0x00A5938B+1151883]
Ordinal0 [0x00A594F3+1152243]
Ordinal0 [0x00A583F5+1147893]
BaseThreadInitThunk [0x76EC8494+36]
RtlAreBitsSet [0x778441C8+136]
RtlAreBitsSet [0x77844198+88]
]]>
            </message>
            <full-stacktrace>
              <![CDATA[org.openqa.selenium.SessionNotCreatedException: session not created
from chrome not reachable
  (Session info: chrome=80.0.3987.149)
Build info: version: '3.141.59', revision: 'e82be7d358', time: '2018-11-14T08:17:03'
System info: host: 'GINBAKS', ip: '192.168.56.1', os.name: 'Windows 10', os.arch: 'amd64', os.version: '10.0', java.version: '1.8.0_231'
Driver info: driver.version: ChromeDriver
remote stacktrace: Backtrace:
Ordinal0 [0x00ABA113+1548563]
Ordinal0 [0x00A3DDA1+1039777]
Ordinal0 [0x009BE32E+516910]
Ordinal0 [0x009B8012+491538]
Ordinal0 [0x009B86EB+493291]
Ordinal0 [0x009B9855+497749]
Ordinal0 [0x009B5885+481413]
Ordinal0 [0x009BF0D0+520400]
Ordinal0 [0x0096C030+180272]
Ordinal0 [0x0096B59D+177565]
Ordinal0 [0x009695FB+169467]
Ordinal0 [0x0095160A+71178]
Ordinal0 [0x00952690+75408]
Ordinal0 [0x00952629+75305]
Ordinal0 [0x00A571B7+1143223]
GetHandleVerifier [0x00B52B46+507814]
GetHandleVerifier [0x00B52864+507076]
GetHandleVerifier [0x00B59F47+537511]
GetHandleVerifier [0x00B53402+510050]
Ordinal0 [0x00A4F29C+1110684]
Ordinal0 [0x00A5938B+1151883]
Ordinal0 [0x00A594F3+1152243]
Ordinal0 [0x00A583F5+1147893]
BaseThreadInitThunk [0x76EC8494+36]
RtlAreBitsSet [0x778441C8+136]
RtlAreBitsSet [0x77844198+88]

at sun.reflect.NativeConstructorAccessorImpl.newInstance0(Native Method)
at sun.reflect.NativeConstructorAccessorImpl.newInstance(NativeConstructorAccessorImpl.java:62)
at sun.reflect.DelegatingConstructorAccessorImpl.newInstance(DelegatingConstructorAccessorImpl.java:45)
at java.lang.reflect.Constructor.newInstance(Constructor.java:423)
at org.openqa.selenium.remote.W3CHandshakeResponse.lambda$errorHandler$0(W3CHandshakeResponse.java:62)
at org.openqa.selenium.remote.HandshakeResponse.lambda$getResponseFunction$0(HandshakeResponse.java:30)
at org.openqa.selenium.remote.ProtocolHandshake.lambda$createSession$0(ProtocolHandshake.java:126)
at java.util.stream.ReferencePipeline$3$1.accept(ReferencePipeline.java:193)
at java.util.Spliterators$ArraySpliterator.tryAdvance(Spliterators.java:958)
at java.util.stream.ReferencePipeline.forEachWithCancel(ReferencePipeline.java:126)
at java.util.stream.AbstractPipeline.copyIntoWithCancel(AbstractPipeline.java:499)
at java.util.stream.AbstractPipeline.copyInto(AbstractPipeline.java:486)
at java.util.stream.AbstractPipeline.wrapAndCopyInto(AbstractPipeline.java:472)
at java.util.stream.FindOps$FindOp.evaluateSequential(FindOps.java:152)
at java.util.stream.AbstractPipeline.evaluate(AbstractPipeline.java:234)
at java.util.stream.ReferencePipeline.findFirst(ReferencePipeline.java:464)
at org.openqa.selenium.remote.ProtocolHandshake.createSession(ProtocolHandshake.java:128)
at org.openqa.selenium.remote.ProtocolHandshake.createSession(ProtocolHandshake.java:74)
at org.openqa.selenium.remote.HttpCommandExecutor.execute(HttpCommandExecutor.java:136)
at org.openqa.selenium.remote.service.DriverCommandExecutor.execute(DriverCommandExecutor.java:83)
at org.openqa.selenium.remote.RemoteWebDriver.execute(RemoteWebDriver.java:552)
at org.openqa.selenium.remote.RemoteWebDriver.startSession(RemoteWebDriver.java:213)
at org.openqa.selenium.remote.RemoteWebDriver.<init>(RemoteWebDriver.java:131)
at org.openqa.selenium.chrome.ChromeDriver.<init>(ChromeDriver.java:181)
at org.openqa.selenium.chrome.ChromeDriver.<init>(ChromeDriver.java:168)
at org.openqa.selenium.chrome.ChromeDriver.<init>(ChromeDriver.java:123)
at test.AbstractTest.beforeSuite(AbstractTest.java:16)
at sun.reflect.NativeMethodAccessorImpl.invoke0(Native Method)
at sun.reflect.NativeMethodAccessorImpl.invoke(NativeMethodAccessorImpl.java:62)
at sun.reflect.DelegatingMethodAccessorImpl.invoke(DelegatingMethodAccessorImpl.java:43)
at java.lang.reflect.Method.invoke(Method.java:498)
at org.testng.internal.MethodInvocationHelper.invokeMethod(MethodInvocationHelper.java:124)
at org.testng.internal.MethodInvocationHelper.invokeMethodConsideringTimeout(MethodInvocationHelper.java:59)
at org.testng.internal.Invoker.invokeConfigurationMethod(Invoker.java:458)
at org.testng.internal.Invoker.invokeConfigurations(Invoker.java:222)
at org.testng.internal.Invoker.invokeConfigurations(Invoker.java:142)
at org.testng.SuiteRunner.privateRun(SuiteRunner.java:401)
at org.testng.SuiteRunner.run(SuiteRunner.java:364)
at org.testng.SuiteRunnerWorker.runSuite(SuiteRunnerWorker.java:52)
at org.testng.SuiteRunnerWorker.run(SuiteRunnerWorker.java:84)
at org.testng.TestNG.runSuitesSequentially(TestNG.java:1208)
at org.testng.TestNG.runSuitesLocally(TestNG.java:1137)
at org.testng.TestNG.runSuites(TestNG.java:1049)
at org.testng.TestNG.run(TestNG.java:1017)
at org.testng.remote.AbstractRemoteTestNG.run(AbstractRemoteTestNG.java:115)
at org.testng.remote.RemoteTestNG.initAndRun(RemoteTestNG.java:251)
at org.testng.remote.RemoteTestNG.main(RemoteTestNG.java:77)
]]>
            </full-stacktrace>
          </exception> <!-- org.openqa.selenium.SessionNotCreatedException -->
          <reporter-output>
          </reporter-output>
        </test-method> <!-- newUserTestLastName21char -->
        <test-method status="SKIP" signature="newUserTestNotUniqueUsername(java.lang.String, java.lang.String, java.lang.String, java.lang.String)[pri:1, instance:test.NewUserTests@553f17c]" name="newUserTestNotUniqueUsername" duration-ms="0" started-at="2020-03-25T18:35:44Z" finished-at="2020-03-25T18:35:44Z">
          <exception class="org.openqa.selenium.SessionNotCreatedException">
            <message>
              <![CDATA[session not created
from chrome not reachable
  (Session info: chrome=80.0.3987.149)
Build info: version: '3.141.59', revision: 'e82be7d358', time: '2018-11-14T08:17:03'
System info: host: 'GINBAKS', ip: '192.168.56.1', os.name: 'Windows 10', os.arch: 'amd64', os.version: '10.0', java.version: '1.8.0_231'
Driver info: driver.version: ChromeDriver
remote stacktrace: Backtrace:
Ordinal0 [0x00ABA113+1548563]
Ordinal0 [0x00A3DDA1+1039777]
Ordinal0 [0x009BE32E+516910]
Ordinal0 [0x009B8012+491538]
Ordinal0 [0x009B86EB+493291]
Ordinal0 [0x009B9855+497749]
Ordinal0 [0x009B5885+481413]
Ordinal0 [0x009BF0D0+520400]
Ordinal0 [0x0096C030+180272]
Ordinal0 [0x0096B59D+177565]
Ordinal0 [0x009695FB+169467]
Ordinal0 [0x0095160A+71178]
Ordinal0 [0x00952690+75408]
Ordinal0 [0x00952629+75305]
Ordinal0 [0x00A571B7+1143223]
GetHandleVerifier [0x00B52B46+507814]
GetHandleVerifier [0x00B52864+507076]
GetHandleVerifier [0x00B59F47+537511]
GetHandleVerifier [0x00B53402+510050]
Ordinal0 [0x00A4F29C+1110684]
Ordinal0 [0x00A5938B+1151883]
Ordinal0 [0x00A594F3+1152243]
Ordinal0 [0x00A583F5+1147893]
BaseThreadInitThunk [0x76EC8494+36]
RtlAreBitsSet [0x778441C8+136]
RtlAreBitsSet [0x77844198+88]
]]>
            </message>
            <full-stacktrace>
              <![CDATA[org.openqa.selenium.SessionNotCreatedException: session not created
from chrome not reachable
  (Session info: chrome=80.0.3987.149)
Build info: version: '3.141.59', revision: 'e82be7d358', time: '2018-11-14T08:17:03'
System info: host: 'GINBAKS', ip: '192.168.56.1', os.name: 'Windows 10', os.arch: 'amd64', os.version: '10.0', java.version: '1.8.0_231'
Driver info: driver.version: ChromeDriver
remote stacktrace: Backtrace:
Ordinal0 [0x00ABA113+1548563]
Ordinal0 [0x00A3DDA1+1039777]
Ordinal0 [0x009BE32E+516910]
Ordinal0 [0x009B8012+491538]
Ordinal0 [0x009B86EB+493291]
Ordinal0 [0x009B9855+497749]
Ordinal0 [0x009B5885+481413]
Ordinal0 [0x009BF0D0+520400]
Ordinal0 [0x0096C030+180272]
Ordinal0 [0x0096B59D+177565]
Ordinal0 [0x009695FB+169467]
Ordinal0 [0x0095160A+71178]
Ordinal0 [0x00952690+75408]
Ordinal0 [0x00952629+75305]
Ordinal0 [0x00A571B7+1143223]
GetHandleVerifier [0x00B52B46+507814]
GetHandleVerifier [0x00B52864+507076]
GetHandleVerifier [0x00B59F47+537511]
GetHandleVerifier [0x00B53402+510050]
Ordinal0 [0x00A4F29C+1110684]
Ordinal0 [0x00A5938B+1151883]
Ordinal0 [0x00A594F3+1152243]
Ordinal0 [0x00A583F5+1147893]
BaseThreadInitThunk [0x76EC8494+36]
RtlAreBitsSet [0x778441C8+136]
RtlAreBitsSet [0x77844198+88]

at sun.reflect.NativeConstructorAccessorImpl.newInstance0(Native Method)
at sun.reflect.NativeConstructorAccessorImpl.newInstance(NativeConstructorAccessorImpl.java:62)
at sun.reflect.DelegatingConstructorAccessorImpl.newInstance(DelegatingConstructorAccessorImpl.java:45)
at java.lang.reflect.Constructor.newInstance(Constructor.java:423)
at org.openqa.selenium.remote.W3CHandshakeResponse.lambda$errorHandler$0(W3CHandshakeResponse.java:62)
at org.openqa.selenium.remote.HandshakeResponse.lambda$getResponseFunction$0(HandshakeResponse.java:30)
at org.openqa.selenium.remote.ProtocolHandshake.lambda$createSession$0(ProtocolHandshake.java:126)
at java.util.stream.ReferencePipeline$3$1.accept(ReferencePipeline.java:193)
at java.util.Spliterators$ArraySpliterator.tryAdvance(Spliterators.java:958)
at java.util.stream.ReferencePipeline.forEachWithCancel(ReferencePipeline.java:126)
at java.util.stream.AbstractPipeline.copyIntoWithCancel(AbstractPipeline.java:499)
at java.util.stream.AbstractPipeline.copyInto(AbstractPipeline.java:486)
at java.util.stream.AbstractPipeline.wrapAndCopyInto(AbstractPipeline.java:472)
at java.util.stream.FindOps$FindOp.evaluateSequential(FindOps.java:152)
at java.util.stream.AbstractPipeline.evaluate(AbstractPipeline.java:234)
at java.util.stream.ReferencePipeline.findFirst(ReferencePipeline.java:464)
at org.openqa.selenium.remote.ProtocolHandshake.createSession(ProtocolHandshake.java:128)
at org.openqa.selenium.remote.ProtocolHandshake.createSession(ProtocolHandshake.java:74)
at org.openqa.selenium.remote.HttpCommandExecutor.execute(HttpCommandExecutor.java:136)
at org.openqa.selenium.remote.service.DriverCommandExecutor.execute(DriverCommandExecutor.java:83)
at org.openqa.selenium.remote.RemoteWebDriver.execute(RemoteWebDriver.java:552)
at org.openqa.selenium.remote.RemoteWebDriver.startSession(RemoteWebDriver.java:213)
at org.openqa.selenium.remote.RemoteWebDriver.<init>(RemoteWebDriver.java:131)
at org.openqa.selenium.chrome.ChromeDriver.<init>(ChromeDriver.java:181)
at org.openqa.selenium.chrome.ChromeDriver.<init>(ChromeDriver.java:168)
at org.openqa.selenium.chrome.ChromeDriver.<init>(ChromeDriver.java:123)
at test.AbstractTest.beforeSuite(AbstractTest.java:16)
at sun.reflect.NativeMethodAccessorImpl.invoke0(Native Method)
at sun.reflect.NativeMethodAccessorImpl.invoke(NativeMethodAccessorImpl.java:62)
at sun.reflect.DelegatingMethodAccessorImpl.invoke(DelegatingMethodAccessorImpl.java:43)
at java.lang.reflect.Method.invoke(Method.java:498)
at org.testng.internal.MethodInvocationHelper.invokeMethod(MethodInvocationHelper.java:124)
at org.testng.internal.MethodInvocationHelper.invokeMethodConsideringTimeout(MethodInvocationHelper.java:59)
at org.testng.internal.Invoker.invokeConfigurationMethod(Invoker.java:458)
at org.testng.internal.Invoker.invokeConfigurations(Invoker.java:222)
at org.testng.internal.Invoker.invokeConfigurations(Invoker.java:142)
at org.testng.SuiteRunner.privateRun(SuiteRunner.java:401)
at org.testng.SuiteRunner.run(SuiteRunner.java:364)
at org.testng.SuiteRunnerWorker.runSuite(SuiteRunnerWorker.java:52)
at org.testng.SuiteRunnerWorker.run(SuiteRunnerWorker.java:84)
at org.testng.TestNG.runSuitesSequentially(TestNG.java:1208)
at org.testng.TestNG.runSuitesLocally(TestNG.java:1137)
at org.testng.TestNG.runSuites(TestNG.java:1049)
at org.testng.TestNG.run(TestNG.java:1017)
at org.testng.remote.AbstractRemoteTestNG.run(AbstractRemoteTestNG.java:115)
at org.testng.remote.RemoteTestNG.initAndRun(RemoteTestNG.java:251)
at org.testng.remote.RemoteTestNG.main(RemoteTestNG.java:77)
]]>
            </full-stacktrace>
          </exception> <!-- org.openqa.selenium.SessionNotCreatedException -->
          <reporter-output>
          </reporter-output>
        </test-method> <!-- newUserTestNotUniqueUsername -->
        <test-method status="SKIP" signature="navigateToNewUserPage()[pri:0, instance:test.NewUserTests@553f17c]" name="navigateToNewUserPage" is-config="true" duration-ms="0" started-at="2020-03-25T18:35:44Z" finished-at="2020-03-25T18:35:44Z">
          <reporter-output>
          </reporter-output>
        </test-method> <!-- navigateToNewUserPage -->
        <test-method status="SKIP" signature="newUserTestEmptyFirstNameField(java.lang.String, java.lang.String, java.lang.String)[pri:1, instance:test.NewUserTests@553f17c]" name="newUserTestEmptyFirstNameField" duration-ms="0" started-at="2020-03-25T18:35:44Z" finished-at="2020-03-25T18:35:44Z">
          <exception class="org.openqa.selenium.SessionNotCreatedException">
            <message>
              <![CDATA[session not created
from chrome not reachable
  (Session info: chrome=80.0.3987.149)
Build info: version: '3.141.59', revision: 'e82be7d358', time: '2018-11-14T08:17:03'
System info: host: 'GINBAKS', ip: '192.168.56.1', os.name: 'Windows 10', os.arch: 'amd64', os.version: '10.0', java.version: '1.8.0_231'
Driver info: driver.version: ChromeDriver
remote stacktrace: Backtrace:
Ordinal0 [0x00ABA113+1548563]
Ordinal0 [0x00A3DDA1+1039777]
Ordinal0 [0x009BE32E+516910]
Ordinal0 [0x009B8012+491538]
Ordinal0 [0x009B86EB+493291]
Ordinal0 [0x009B9855+497749]
Ordinal0 [0x009B5885+481413]
Ordinal0 [0x009BF0D0+520400]
Ordinal0 [0x0096C030+180272]
Ordinal0 [0x0096B59D+177565]
Ordinal0 [0x009695FB+169467]
Ordinal0 [0x0095160A+71178]
Ordinal0 [0x00952690+75408]
Ordinal0 [0x00952629+75305]
Ordinal0 [0x00A571B7+1143223]
GetHandleVerifier [0x00B52B46+507814]
GetHandleVerifier [0x00B52864+507076]
GetHandleVerifier [0x00B59F47+537511]
GetHandleVerifier [0x00B53402+510050]
Ordinal0 [0x00A4F29C+1110684]
Ordinal0 [0x00A5938B+1151883]
Ordinal0 [0x00A594F3+1152243]
Ordinal0 [0x00A583F5+1147893]
BaseThreadInitThunk [0x76EC8494+36]
RtlAreBitsSet [0x778441C8+136]
RtlAreBitsSet [0x77844198+88]
]]>
            </message>
            <full-stacktrace>
              <![CDATA[org.openqa.selenium.SessionNotCreatedException: session not created
from chrome not reachable
  (Session info: chrome=80.0.3987.149)
Build info: version: '3.141.59', revision: 'e82be7d358', time: '2018-11-14T08:17:03'
System info: host: 'GINBAKS', ip: '192.168.56.1', os.name: 'Windows 10', os.arch: 'amd64', os.version: '10.0', java.version: '1.8.0_231'
Driver info: driver.version: ChromeDriver
remote stacktrace: Backtrace:
Ordinal0 [0x00ABA113+1548563]
Ordinal0 [0x00A3DDA1+1039777]
Ordinal0 [0x009BE32E+516910]
Ordinal0 [0x009B8012+491538]
Ordinal0 [0x009B86EB+493291]
Ordinal0 [0x009B9855+497749]
Ordinal0 [0x009B5885+481413]
Ordinal0 [0x009BF0D0+520400]
Ordinal0 [0x0096C030+180272]
Ordinal0 [0x0096B59D+177565]
Ordinal0 [0x009695FB+169467]
Ordinal0 [0x0095160A+71178]
Ordinal0 [0x00952690+75408]
Ordinal0 [0x00952629+75305]
Ordinal0 [0x00A571B7+1143223]
GetHandleVerifier [0x00B52B46+507814]
GetHandleVerifier [0x00B52864+507076]
GetHandleVerifier [0x00B59F47+537511]
GetHandleVerifier [0x00B53402+510050]
Ordinal0 [0x00A4F29C+1110684]
Ordinal0 [0x00A5938B+1151883]
Ordinal0 [0x00A594F3+1152243]
Ordinal0 [0x00A583F5+1147893]
BaseThreadInitThunk [0x76EC8494+36]
RtlAreBitsSet [0x778441C8+136]
RtlAreBitsSet [0x77844198+88]

at sun.reflect.NativeConstructorAccessorImpl.newInstance0(Native Method)
at sun.reflect.NativeConstructorAccessorImpl.newInstance(NativeConstructorAccessorImpl.java:62)
at sun.reflect.DelegatingConstructorAccessorImpl.newInstance(DelegatingConstructorAccessorImpl.java:45)
at java.lang.reflect.Constructor.newInstance(Constructor.java:423)
at org.openqa.selenium.remote.W3CHandshakeResponse.lambda$errorHandler$0(W3CHandshakeResponse.java:62)
at org.openqa.selenium.remote.HandshakeResponse.lambda$getResponseFunction$0(HandshakeResponse.java:30)
at org.openqa.selenium.remote.ProtocolHandshake.lambda$createSession$0(ProtocolHandshake.java:126)
at java.util.stream.ReferencePipeline$3$1.accept(ReferencePipeline.java:193)
at java.util.Spliterators$ArraySpliterator.tryAdvance(Spliterators.java:958)
at java.util.stream.ReferencePipeline.forEachWithCancel(ReferencePipeline.java:126)
at java.util.stream.AbstractPipeline.copyIntoWithCancel(AbstractPipeline.java:499)
at java.util.stream.AbstractPipeline.copyInto(AbstractPipeline.java:486)
at java.util.stream.AbstractPipeline.wrapAndCopyInto(AbstractPipeline.java:472)
at java.util.stream.FindOps$FindOp.evaluateSequential(FindOps.java:152)
at java.util.stream.AbstractPipeline.evaluate(AbstractPipeline.java:234)
at java.util.stream.ReferencePipeline.findFirst(ReferencePipeline.java:464)
at org.openqa.selenium.remote.ProtocolHandshake.createSession(ProtocolHandshake.java:128)
at org.openqa.selenium.remote.ProtocolHandshake.createSession(ProtocolHandshake.java:74)
at org.openqa.selenium.remote.HttpCommandExecutor.execute(HttpCommandExecutor.java:136)
at org.openqa.selenium.remote.service.DriverCommandExecutor.execute(DriverCommandExecutor.java:83)
at org.openqa.selenium.remote.RemoteWebDriver.execute(RemoteWebDriver.java:552)
at org.openqa.selenium.remote.RemoteWebDriver.startSession(RemoteWebDriver.java:213)
at org.openqa.selenium.remote.RemoteWebDriver.<init>(RemoteWebDriver.java:131)
at org.openqa.selenium.chrome.ChromeDriver.<init>(ChromeDriver.java:181)
at org.openqa.selenium.chrome.ChromeDriver.<init>(ChromeDriver.java:168)
at org.openqa.selenium.chrome.ChromeDriver.<init>(ChromeDriver.java:123)
at test.AbstractTest.beforeSuite(AbstractTest.java:16)
at sun.reflect.NativeMethodAccessorImpl.invoke0(Native Method)
at sun.reflect.NativeMethodAccessorImpl.invoke(NativeMethodAccessorImpl.java:62)
at sun.reflect.DelegatingMethodAccessorImpl.invoke(DelegatingMethodAccessorImpl.java:43)
at java.lang.reflect.Method.invoke(Method.java:498)
at org.testng.internal.MethodInvocationHelper.invokeMethod(MethodInvocationHelper.java:124)
at org.testng.internal.MethodInvocationHelper.invokeMethodConsideringTimeout(MethodInvocationHelper.java:59)
at org.testng.internal.Invoker.invokeConfigurationMethod(Invoker.java:458)
at org.testng.internal.Invoker.invokeConfigurations(Invoker.java:222)
at org.testng.internal.Invoker.invokeConfigurations(Invoker.java:142)
at org.testng.SuiteRunner.privateRun(SuiteRunner.java:401)
at org.testng.SuiteRunner.run(SuiteRunner.java:364)
at org.testng.SuiteRunnerWorker.runSuite(SuiteRunnerWorker.java:52)
at org.testng.SuiteRunnerWorker.run(SuiteRunnerWorker.java:84)
at org.testng.TestNG.runSuitesSequentially(TestNG.java:1208)
at org.testng.TestNG.runSuitesLocally(TestNG.java:1137)
at org.testng.TestNG.runSuites(TestNG.java:1049)
at org.testng.TestNG.run(TestNG.java:1017)
at org.testng.remote.AbstractRemoteTestNG.run(AbstractRemoteTestNG.java:115)
at org.testng.remote.RemoteTestNG.initAndRun(RemoteTestNG.java:251)
at org.testng.remote.RemoteTestNG.main(RemoteTestNG.java:77)
]]>
            </full-stacktrace>
          </exception> <!-- org.openqa.selenium.SessionNotCreatedException -->
          <reporter-output>
          </reporter-output>
        </test-method> <!-- newUserTestEmptyFirstNameField -->
        <test-method status="SKIP" signature="newUserTestFirstName21char(java.lang.String, java.lang.String, java.lang.String, java.lang.String)[pri:3, instance:test.NewUserTests@553f17c]" name="newUserTestFirstName21char" duration-ms="0" started-at="2020-03-25T18:35:44Z" finished-at="2020-03-25T18:35:44Z">
          <exception class="org.openqa.selenium.SessionNotCreatedException">
            <message>
              <![CDATA[session not created
from chrome not reachable
  (Session info: chrome=80.0.3987.149)
Build info: version: '3.141.59', revision: 'e82be7d358', time: '2018-11-14T08:17:03'
System info: host: 'GINBAKS', ip: '192.168.56.1', os.name: 'Windows 10', os.arch: 'amd64', os.version: '10.0', java.version: '1.8.0_231'
Driver info: driver.version: ChromeDriver
remote stacktrace: Backtrace:
Ordinal0 [0x00ABA113+1548563]
Ordinal0 [0x00A3DDA1+1039777]
Ordinal0 [0x009BE32E+516910]
Ordinal0 [0x009B8012+491538]
Ordinal0 [0x009B86EB+493291]
Ordinal0 [0x009B9855+497749]
Ordinal0 [0x009B5885+481413]
Ordinal0 [0x009BF0D0+520400]
Ordinal0 [0x0096C030+180272]
Ordinal0 [0x0096B59D+177565]
Ordinal0 [0x009695FB+169467]
Ordinal0 [0x0095160A+71178]
Ordinal0 [0x00952690+75408]
Ordinal0 [0x00952629+75305]
Ordinal0 [0x00A571B7+1143223]
GetHandleVerifier [0x00B52B46+507814]
GetHandleVerifier [0x00B52864+507076]
GetHandleVerifier [0x00B59F47+537511]
GetHandleVerifier [0x00B53402+510050]
Ordinal0 [0x00A4F29C+1110684]
Ordinal0 [0x00A5938B+1151883]
Ordinal0 [0x00A594F3+1152243]
Ordinal0 [0x00A583F5+1147893]
BaseThreadInitThunk [0x76EC8494+36]
RtlAreBitsSet [0x778441C8+136]
RtlAreBitsSet [0x77844198+88]
]]>
            </message>
            <full-stacktrace>
              <![CDATA[org.openqa.selenium.SessionNotCreatedException: session not created
from chrome not reachable
  (Session info: chrome=80.0.3987.149)
Build info: version: '3.141.59', revision: 'e82be7d358', time: '2018-11-14T08:17:03'
System info: host: 'GINBAKS', ip: '192.168.56.1', os.name: 'Windows 10', os.arch: 'amd64', os.version: '10.0', java.version: '1.8.0_231'
Driver info: driver.version: ChromeDriver
remote stacktrace: Backtrace:
Ordinal0 [0x00ABA113+1548563]
Ordinal0 [0x00A3DDA1+1039777]
Ordinal0 [0x009BE32E+516910]
Ordinal0 [0x009B8012+491538]
Ordinal0 [0x009B86EB+493291]
Ordinal0 [0x009B9855+497749]
Ordinal0 [0x009B5885+481413]
Ordinal0 [0x009BF0D0+520400]
Ordinal0 [0x0096C030+180272]
Ordinal0 [0x0096B59D+177565]
Ordinal0 [0x009695FB+169467]
Ordinal0 [0x0095160A+71178]
Ordinal0 [0x00952690+75408]
Ordinal0 [0x00952629+75305]
Ordinal0 [0x00A571B7+1143223]
GetHandleVerifier [0x00B52B46+507814]
GetHandleVerifier [0x00B52864+507076]
GetHandleVerifier [0x00B59F47+537511]
GetHandleVerifier [0x00B53402+510050]
Ordinal0 [0x00A4F29C+1110684]
Ordinal0 [0x00A5938B+1151883]
Ordinal0 [0x00A594F3+1152243]
Ordinal0 [0x00A583F5+1147893]
BaseThreadInitThunk [0x76EC8494+36]
RtlAreBitsSet [0x778441C8+136]
RtlAreBitsSet [0x77844198+88]

at sun.reflect.NativeConstructorAccessorImpl.newInstance0(Native Method)
at sun.reflect.NativeConstructorAccessorImpl.newInstance(NativeConstructorAccessorImpl.java:62)
at sun.reflect.DelegatingConstructorAccessorImpl.newInstance(DelegatingConstructorAccessorImpl.java:45)
at java.lang.reflect.Constructor.newInstance(Constructor.java:423)
at org.openqa.selenium.remote.W3CHandshakeResponse.lambda$errorHandler$0(W3CHandshakeResponse.java:62)
at org.openqa.selenium.remote.HandshakeResponse.lambda$getResponseFunction$0(HandshakeResponse.java:30)
at org.openqa.selenium.remote.ProtocolHandshake.lambda$createSession$0(ProtocolHandshake.java:126)
at java.util.stream.ReferencePipeline$3$1.accept(ReferencePipeline.java:193)
at java.util.Spliterators$ArraySpliterator.tryAdvance(Spliterators.java:958)
at java.util.stream.ReferencePipeline.forEachWithCancel(ReferencePipeline.java:126)
at java.util.stream.AbstractPipeline.copyIntoWithCancel(AbstractPipeline.java:499)
at java.util.stream.AbstractPipeline.copyInto(AbstractPipeline.java:486)
at java.util.stream.AbstractPipeline.wrapAndCopyInto(AbstractPipeline.java:472)
at java.util.stream.FindOps$FindOp.evaluateSequential(FindOps.java:152)
at java.util.stream.AbstractPipeline.evaluate(AbstractPipeline.java:234)
at java.util.stream.ReferencePipeline.findFirst(ReferencePipeline.java:464)
at org.openqa.selenium.remote.ProtocolHandshake.createSession(ProtocolHandshake.java:128)
at org.openqa.selenium.remote.ProtocolHandshake.createSession(ProtocolHandshake.java:74)
at org.openqa.selenium.remote.HttpCommandExecutor.execute(HttpCommandExecutor.java:136)
at org.openqa.selenium.remote.service.DriverCommandExecutor.execute(DriverCommandExecutor.java:83)
at org.openqa.selenium.remote.RemoteWebDriver.execute(RemoteWebDriver.java:552)
at org.openqa.selenium.remote.RemoteWebDriver.startSession(RemoteWebDriver.java:213)
at org.openqa.selenium.remote.RemoteWebDriver.<init>(RemoteWebDriver.java:131)
at org.openqa.selenium.chrome.ChromeDriver.<init>(ChromeDriver.java:181)
at org.openqa.selenium.chrome.ChromeDriver.<init>(ChromeDriver.java:168)
at org.openqa.selenium.chrome.ChromeDriver.<init>(ChromeDriver.java:123)
at test.AbstractTest.beforeSuite(AbstractTest.java:16)
at sun.reflect.NativeMethodAccessorImpl.invoke0(Native Method)
at sun.reflect.NativeMethodAccessorImpl.invoke(NativeMethodAccessorImpl.java:62)
at sun.reflect.DelegatingMethodAccessorImpl.invoke(DelegatingMethodAccessorImpl.java:43)
at java.lang.reflect.Method.invoke(Method.java:498)
at org.testng.internal.MethodInvocationHelper.invokeMethod(MethodInvocationHelper.java:124)
at org.testng.internal.MethodInvocationHelper.invokeMethodConsideringTimeout(MethodInvocationHelper.java:59)
at org.testng.internal.Invoker.invokeConfigurationMethod(Invoker.java:458)
at org.testng.internal.Invoker.invokeConfigurations(Invoker.java:222)
at org.testng.internal.Invoker.invokeConfigurations(Invoker.java:142)
at org.testng.SuiteRunner.privateRun(SuiteRunner.java:401)
at org.testng.SuiteRunner.run(SuiteRunner.java:364)
at org.testng.SuiteRunnerWorker.runSuite(SuiteRunnerWorker.java:52)
at org.testng.SuiteRunnerWorker.run(SuiteRunnerWorker.java:84)
at org.testng.TestNG.runSuitesSequentially(TestNG.java:1208)
at org.testng.TestNG.runSuitesLocally(TestNG.java:1137)
at org.testng.TestNG.runSuites(TestNG.java:1049)
at org.testng.TestNG.run(TestNG.java:1017)
at org.testng.remote.AbstractRemoteTestNG.run(AbstractRemoteTestNG.java:115)
at org.testng.remote.RemoteTestNG.initAndRun(RemoteTestNG.java:251)
at org.testng.remote.RemoteTestNG.main(RemoteTestNG.java:77)
]]>
            </full-stacktrace>
          </exception> <!-- org.openqa.selenium.SessionNotCreatedException -->
          <reporter-output>
          </reporter-output>
        </test-method> <!-- newUserTestFirstName21char -->
        <test-method status="SKIP" signature="newUserTestPassword21char(java.lang.String, java.lang.String, java.lang.String, java.lang.String)[pri:3, instance:test.NewUserTests@553f17c]" name="newUserTestPassword21char" duration-ms="0" started-at="2020-03-25T18:35:44Z" finished-at="2020-03-25T18:35:44Z">
          <exception class="org.openqa.selenium.SessionNotCreatedException">
            <message>
              <![CDATA[session not created
from chrome not reachable
  (Session info: chrome=80.0.3987.149)
Build info: version: '3.141.59', revision: 'e82be7d358', time: '2018-11-14T08:17:03'
System info: host: 'GINBAKS', ip: '192.168.56.1', os.name: 'Windows 10', os.arch: 'amd64', os.version: '10.0', java.version: '1.8.0_231'
Driver info: driver.version: ChromeDriver
remote stacktrace: Backtrace:
Ordinal0 [0x00ABA113+1548563]
Ordinal0 [0x00A3DDA1+1039777]
Ordinal0 [0x009BE32E+516910]
Ordinal0 [0x009B8012+491538]
Ordinal0 [0x009B86EB+493291]
Ordinal0 [0x009B9855+497749]
Ordinal0 [0x009B5885+481413]
Ordinal0 [0x009BF0D0+520400]
Ordinal0 [0x0096C030+180272]
Ordinal0 [0x0096B59D+177565]
Ordinal0 [0x009695FB+169467]
Ordinal0 [0x0095160A+71178]
Ordinal0 [0x00952690+75408]
Ordinal0 [0x00952629+75305]
Ordinal0 [0x00A571B7+1143223]
GetHandleVerifier [0x00B52B46+507814]
GetHandleVerifier [0x00B52864+507076]
GetHandleVerifier [0x00B59F47+537511]
GetHandleVerifier [0x00B53402+510050]
Ordinal0 [0x00A4F29C+1110684]
Ordinal0 [0x00A5938B+1151883]
Ordinal0 [0x00A594F3+1152243]
Ordinal0 [0x00A583F5+1147893]
BaseThreadInitThunk [0x76EC8494+36]
RtlAreBitsSet [0x778441C8+136]
RtlAreBitsSet [0x77844198+88]
]]>
            </message>
            <full-stacktrace>
              <![CDATA[org.openqa.selenium.SessionNotCreatedException: session not created
from chrome not reachable
  (Session info: chrome=80.0.3987.149)
Build info: version: '3.141.59', revision: 'e82be7d358', time: '2018-11-14T08:17:03'
System info: host: 'GINBAKS', ip: '192.168.56.1', os.name: 'Windows 10', os.arch: 'amd64', os.version: '10.0', java.version: '1.8.0_231'
Driver info: driver.version: ChromeDriver
remote stacktrace: Backtrace:
Ordinal0 [0x00ABA113+1548563]
Ordinal0 [0x00A3DDA1+1039777]
Ordinal0 [0x009BE32E+516910]
Ordinal0 [0x009B8012+491538]
Ordinal0 [0x009B86EB+493291]
Ordinal0 [0x009B9855+497749]
Ordinal0 [0x009B5885+481413]
Ordinal0 [0x009BF0D0+520400]
Ordinal0 [0x0096C030+180272]
Ordinal0 [0x0096B59D+177565]
Ordinal0 [0x009695FB+169467]
Ordinal0 [0x0095160A+71178]
Ordinal0 [0x00952690+75408]
Ordinal0 [0x00952629+75305]
Ordinal0 [0x00A571B7+1143223]
GetHandleVerifier [0x00B52B46+507814]
GetHandleVerifier [0x00B52864+507076]
GetHandleVerifier [0x00B59F47+537511]
GetHandleVerifier [0x00B53402+510050]
Ordinal0 [0x00A4F29C+1110684]
Ordinal0 [0x00A5938B+1151883]
Ordinal0 [0x00A594F3+1152243]
Ordinal0 [0x00A583F5+1147893]
BaseThreadInitThunk [0x76EC8494+36]
RtlAreBitsSet [0x778441C8+136]
RtlAreBitsSet [0x77844198+88]

at sun.reflect.NativeConstructorAccessorImpl.newInstance0(Native Method)
at sun.reflect.NativeConstructorAccessorImpl.newInstance(NativeConstructorAccessorImpl.java:62)
at sun.reflect.DelegatingConstructorAccessorImpl.newInstance(DelegatingConstructorAccessorImpl.java:45)
at java.lang.reflect.Constructor.newInstance(Constructor.java:423)
at org.openqa.selenium.remote.W3CHandshakeResponse.lambda$errorHandler$0(W3CHandshakeResponse.java:62)
at org.openqa.selenium.remote.HandshakeResponse.lambda$getResponseFunction$0(HandshakeResponse.java:30)
at org.openqa.selenium.remote.ProtocolHandshake.lambda$createSession$0(ProtocolHandshake.java:126)
at java.util.stream.ReferencePipeline$3$1.accept(ReferencePipeline.java:193)
at java.util.Spliterators$ArraySpliterator.tryAdvance(Spliterators.java:958)
at java.util.stream.ReferencePipeline.forEachWithCancel(ReferencePipeline.java:126)
at java.util.stream.AbstractPipeline.copyIntoWithCancel(AbstractPipeline.java:499)
at java.util.stream.AbstractPipeline.copyInto(AbstractPipeline.java:486)
at java.util.stream.AbstractPipeline.wrapAndCopyInto(AbstractPipeline.java:472)
at java.util.stream.FindOps$FindOp.evaluateSequential(FindOps.java:152)
at java.util.stream.AbstractPipeline.evaluate(AbstractPipeline.java:234)
at java.util.stream.ReferencePipeline.findFirst(ReferencePipeline.java:464)
at org.openqa.selenium.remote.ProtocolHandshake.createSession(ProtocolHandshake.java:128)
at org.openqa.selenium.remote.ProtocolHandshake.createSession(ProtocolHandshake.java:74)
at org.openqa.selenium.remote.HttpCommandExecutor.execute(HttpCommandExecutor.java:136)
at org.openqa.selenium.remote.service.DriverCommandExecutor.execute(DriverCommandExecutor.java:83)
at org.openqa.selenium.remote.RemoteWebDriver.execute(RemoteWebDriver.java:552)
at org.openqa.selenium.remote.RemoteWebDriver.startSession(RemoteWebDriver.java:213)
at org.openqa.selenium.remote.RemoteWebDriver.<init>(RemoteWebDriver.java:131)
at org.openqa.selenium.chrome.ChromeDriver.<init>(ChromeDriver.java:181)
at org.openqa.selenium.chrome.ChromeDriver.<init>(ChromeDriver.java:168)
at org.openqa.selenium.chrome.ChromeDriver.<init>(ChromeDriver.java:123)
at test.AbstractTest.beforeSuite(AbstractTest.java:16)
at sun.reflect.NativeMethodAccessorImpl.invoke0(Native Method)
at sun.reflect.NativeMethodAccessorImpl.invoke(NativeMethodAccessorImpl.java:62)
at sun.reflect.DelegatingMethodAccessorImpl.invoke(DelegatingMethodAccessorImpl.java:43)
at java.lang.reflect.Method.invoke(Method.java:498)
at org.testng.internal.MethodInvocationHelper.invokeMethod(MethodInvocationHelper.java:124)
at org.testng.internal.MethodInvocationHelper.invokeMethodConsideringTimeout(MethodInvocationHelper.java:59)
at org.testng.internal.Invoker.invokeConfigurationMethod(Invoker.java:458)
at org.testng.internal.Invoker.invokeConfigurations(Invoker.java:222)
at org.testng.internal.Invoker.invokeConfigurations(Invoker.java:142)
at org.testng.SuiteRunner.privateRun(SuiteRunner.java:401)
at org.testng.SuiteRunner.run(SuiteRunner.java:364)
at org.testng.SuiteRunnerWorker.runSuite(SuiteRunnerWorker.java:52)
at org.testng.SuiteRunnerWorker.run(SuiteRunnerWorker.java:84)
at org.testng.TestNG.runSuitesSequentially(TestNG.java:1208)
at org.testng.TestNG.runSuitesLocally(TestNG.java:1137)
at org.testng.TestNG.runSuites(TestNG.java:1049)
at org.testng.TestNG.run(TestNG.java:1017)
at org.testng.remote.AbstractRemoteTestNG.run(AbstractRemoteTestNG.java:115)
at org.testng.remote.RemoteTestNG.initAndRun(RemoteTestNG.java:251)
at org.testng.remote.RemoteTestNG.main(RemoteTestNG.java:77)
]]>
            </full-stacktrace>
          </exception> <!-- org.openqa.selenium.SessionNotCreatedException -->
          <reporter-output>
          </reporter-output>
        </test-method> <!-- newUserTestPassword21char -->
        <test-method status="SKIP" signature="newUserTestPassword3char(java.lang.String, java.lang.String, java.lang.String, java.lang.String)[pri:3, instance:test.NewUserTests@553f17c]" name="newUserTestPassword3char" duration-ms="0" started-at="2020-03-25T18:35:44Z" finished-at="2020-03-25T18:35:44Z">
          <exception class="org.openqa.selenium.SessionNotCreatedException">
            <message>
              <![CDATA[session not created
from chrome not reachable
  (Session info: chrome=80.0.3987.149)
Build info: version: '3.141.59', revision: 'e82be7d358', time: '2018-11-14T08:17:03'
System info: host: 'GINBAKS', ip: '192.168.56.1', os.name: 'Windows 10', os.arch: 'amd64', os.version: '10.0', java.version: '1.8.0_231'
Driver info: driver.version: ChromeDriver
remote stacktrace: Backtrace:
Ordinal0 [0x00ABA113+1548563]
Ordinal0 [0x00A3DDA1+1039777]
Ordinal0 [0x009BE32E+516910]
Ordinal0 [0x009B8012+491538]
Ordinal0 [0x009B86EB+493291]
Ordinal0 [0x009B9855+497749]
Ordinal0 [0x009B5885+481413]
Ordinal0 [0x009BF0D0+520400]
Ordinal0 [0x0096C030+180272]
Ordinal0 [0x0096B59D+177565]
Ordinal0 [0x009695FB+169467]
Ordinal0 [0x0095160A+71178]
Ordinal0 [0x00952690+75408]
Ordinal0 [0x00952629+75305]
Ordinal0 [0x00A571B7+1143223]
GetHandleVerifier [0x00B52B46+507814]
GetHandleVerifier [0x00B52864+507076]
GetHandleVerifier [0x00B59F47+537511]
GetHandleVerifier [0x00B53402+510050]
Ordinal0 [0x00A4F29C+1110684]
Ordinal0 [0x00A5938B+1151883]
Ordinal0 [0x00A594F3+1152243]
Ordinal0 [0x00A583F5+1147893]
BaseThreadInitThunk [0x76EC8494+36]
RtlAreBitsSet [0x778441C8+136]
RtlAreBitsSet [0x77844198+88]
]]>
            </message>
            <full-stacktrace>
              <![CDATA[org.openqa.selenium.SessionNotCreatedException: session not created
from chrome not reachable
  (Session info: chrome=80.0.3987.149)
Build info: version: '3.141.59', revision: 'e82be7d358', time: '2018-11-14T08:17:03'
System info: host: 'GINBAKS', ip: '192.168.56.1', os.name: 'Windows 10', os.arch: 'amd64', os.version: '10.0', java.version: '1.8.0_231'
Driver info: driver.version: ChromeDriver
remote stacktrace: Backtrace:
Ordinal0 [0x00ABA113+1548563]
Ordinal0 [0x00A3DDA1+1039777]
Ordinal0 [0x009BE32E+516910]
Ordinal0 [0x009B8012+491538]
Ordinal0 [0x009B86EB+493291]
Ordinal0 [0x009B9855+497749]
Ordinal0 [0x009B5885+481413]
Ordinal0 [0x009BF0D0+520400]
Ordinal0 [0x0096C030+180272]
Ordinal0 [0x0096B59D+177565]
Ordinal0 [0x009695FB+169467]
Ordinal0 [0x0095160A+71178]
Ordinal0 [0x00952690+75408]
Ordinal0 [0x00952629+75305]
Ordinal0 [0x00A571B7+1143223]
GetHandleVerifier [0x00B52B46+507814]
GetHandleVerifier [0x00B52864+507076]
GetHandleVerifier [0x00B59F47+537511]
GetHandleVerifier [0x00B53402+510050]
Ordinal0 [0x00A4F29C+1110684]
Ordinal0 [0x00A5938B+1151883]
Ordinal0 [0x00A594F3+1152243]
Ordinal0 [0x00A583F5+1147893]
BaseThreadInitThunk [0x76EC8494+36]
RtlAreBitsSet [0x778441C8+136]
RtlAreBitsSet [0x77844198+88]

at sun.reflect.NativeConstructorAccessorImpl.newInstance0(Native Method)
at sun.reflect.NativeConstructorAccessorImpl.newInstance(NativeConstructorAccessorImpl.java:62)
at sun.reflect.DelegatingConstructorAccessorImpl.newInstance(DelegatingConstructorAccessorImpl.java:45)
at java.lang.reflect.Constructor.newInstance(Constructor.java:423)
at org.openqa.selenium.remote.W3CHandshakeResponse.lambda$errorHandler$0(W3CHandshakeResponse.java:62)
at org.openqa.selenium.remote.HandshakeResponse.lambda$getResponseFunction$0(HandshakeResponse.java:30)
at org.openqa.selenium.remote.ProtocolHandshake.lambda$createSession$0(ProtocolHandshake.java:126)
at java.util.stream.ReferencePipeline$3$1.accept(ReferencePipeline.java:193)
at java.util.Spliterators$ArraySpliterator.tryAdvance(Spliterators.java:958)
at java.util.stream.ReferencePipeline.forEachWithCancel(ReferencePipeline.java:126)
at java.util.stream.AbstractPipeline.copyIntoWithCancel(AbstractPipeline.java:499)
at java.util.stream.AbstractPipeline.copyInto(AbstractPipeline.java:486)
at java.util.stream.AbstractPipeline.wrapAndCopyInto(AbstractPipeline.java:472)
at java.util.stream.FindOps$FindOp.evaluateSequential(FindOps.java:152)
at java.util.stream.AbstractPipeline.evaluate(AbstractPipeline.java:234)
at java.util.stream.ReferencePipeline.findFirst(ReferencePipeline.java:464)
at org.openqa.selenium.remote.ProtocolHandshake.createSession(ProtocolHandshake.java:128)
at org.openqa.selenium.remote.ProtocolHandshake.createSession(ProtocolHandshake.java:74)
at org.openqa.selenium.remote.HttpCommandExecutor.execute(HttpCommandExecutor.java:136)
at org.openqa.selenium.remote.service.DriverCommandExecutor.execute(DriverCommandExecutor.java:83)
at org.openqa.selenium.remote.RemoteWebDriver.execute(RemoteWebDriver.java:552)
at org.openqa.selenium.remote.RemoteWebDriver.startSession(RemoteWebDriver.java:213)
at org.openqa.selenium.remote.RemoteWebDriver.<init>(RemoteWebDriver.java:131)
at org.openqa.selenium.chrome.ChromeDriver.<init>(ChromeDriver.java:181)
at org.openqa.selenium.chrome.ChromeDriver.<init>(ChromeDriver.java:168)
at org.openqa.selenium.chrome.ChromeDriver.<init>(ChromeDriver.java:123)
at test.AbstractTest.beforeSuite(AbstractTest.java:16)
at sun.reflect.NativeMethodAccessorImpl.invoke0(Native Method)
at sun.reflect.NativeMethodAccessorImpl.invoke(NativeMethodAccessorImpl.java:62)
at sun.reflect.DelegatingMethodAccessorImpl.invoke(DelegatingMethodAccessorImpl.java:43)
at java.lang.reflect.Method.invoke(Method.java:498)
at org.testng.internal.MethodInvocationHelper.invokeMethod(MethodInvocationHelper.java:124)
at org.testng.internal.MethodInvocationHelper.invokeMethodConsideringTimeout(MethodInvocationHelper.java:59)
at org.testng.internal.Invoker.invokeConfigurationMethod(Invoker.java:458)
at org.testng.internal.Invoker.invokeConfigurations(Invoker.java:222)
at org.testng.internal.Invoker.invokeConfigurations(Invoker.java:142)
at org.testng.SuiteRunner.privateRun(SuiteRunner.java:401)
at org.testng.SuiteRunner.run(SuiteRunner.java:364)
at org.testng.SuiteRunnerWorker.runSuite(SuiteRunnerWorker.java:52)
at org.testng.SuiteRunnerWorker.run(SuiteRunnerWorker.java:84)
at org.testng.TestNG.runSuitesSequentially(TestNG.java:1208)
at org.testng.TestNG.runSuitesLocally(TestNG.java:1137)
at org.testng.TestNG.runSuites(TestNG.java:1049)
at org.testng.TestNG.run(TestNG.java:1017)
at org.testng.remote.AbstractRemoteTestNG.run(AbstractRemoteTestNG.java:115)
at org.testng.remote.RemoteTestNG.initAndRun(RemoteTestNG.java:251)
at org.testng.remote.RemoteTestNG.main(RemoteTestNG.java:77)
]]>
            </full-stacktrace>
          </exception> <!-- org.openqa.selenium.SessionNotCreatedException -->
          <reporter-output>
          </reporter-output>
        </test-method> <!-- newUserTestPassword3char -->
        <test-method status="SKIP" signature="navigateToNewUserPage()[pri:0, instance:test.NewUserTests@553f17c]" name="navigateToNewUserPage" is-config="true" duration-ms="0" started-at="2020-03-25T18:35:44Z" finished-at="2020-03-25T18:35:44Z">
          <reporter-output>
          </reporter-output>
        </test-method> <!-- navigateToNewUserPage -->
        <test-method status="SKIP" signature="navigateToNewUserPage()[pri:0, instance:test.NewUserTests@553f17c]" name="navigateToNewUserPage" is-config="true" duration-ms="0" started-at="2020-03-25T18:35:44Z" finished-at="2020-03-25T18:35:44Z">
          <reporter-output>
          </reporter-output>
        </test-method> <!-- navigateToNewUserPage -->
        <test-method status="SKIP" signature="navigateToNewUserPage()[pri:0, instance:test.NewUserTests@553f17c]" name="navigateToNewUserPage" is-config="true" duration-ms="0" started-at="2020-03-25T18:35:44Z" finished-at="2020-03-25T18:35:44Z">
          <reporter-output>
          </reporter-output>
        </test-method> <!-- navigateToNewUserPage -->
        <test-method status="SKIP" signature="newUserTestPasswordWithSpace(java.lang.String, java.lang.String, java.lang.String, java.lang.String)[pri:3, instance:test.NewUserTests@553f17c]" name="newUserTestPasswordWithSpace" duration-ms="0" started-at="2020-03-25T18:35:44Z" finished-at="2020-03-25T18:35:44Z">
          <exception class="org.openqa.selenium.SessionNotCreatedException">
            <message>
              <![CDATA[session not created
from chrome not reachable
  (Session info: chrome=80.0.3987.149)
Build info: version: '3.141.59', revision: 'e82be7d358', time: '2018-11-14T08:17:03'
System info: host: 'GINBAKS', ip: '192.168.56.1', os.name: 'Windows 10', os.arch: 'amd64', os.version: '10.0', java.version: '1.8.0_231'
Driver info: driver.version: ChromeDriver
remote stacktrace: Backtrace:
Ordinal0 [0x00ABA113+1548563]
Ordinal0 [0x00A3DDA1+1039777]
Ordinal0 [0x009BE32E+516910]
Ordinal0 [0x009B8012+491538]
Ordinal0 [0x009B86EB+493291]
Ordinal0 [0x009B9855+497749]
Ordinal0 [0x009B5885+481413]
Ordinal0 [0x009BF0D0+520400]
Ordinal0 [0x0096C030+180272]
Ordinal0 [0x0096B59D+177565]
Ordinal0 [0x009695FB+169467]
Ordinal0 [0x0095160A+71178]
Ordinal0 [0x00952690+75408]
Ordinal0 [0x00952629+75305]
Ordinal0 [0x00A571B7+1143223]
GetHandleVerifier [0x00B52B46+507814]
GetHandleVerifier [0x00B52864+507076]
GetHandleVerifier [0x00B59F47+537511]
GetHandleVerifier [0x00B53402+510050]
Ordinal0 [0x00A4F29C+1110684]
Ordinal0 [0x00A5938B+1151883]
Ordinal0 [0x00A594F3+1152243]
Ordinal0 [0x00A583F5+1147893]
BaseThreadInitThunk [0x76EC8494+36]
RtlAreBitsSet [0x778441C8+136]
RtlAreBitsSet [0x77844198+88]
]]>
            </message>
            <full-stacktrace>
              <![CDATA[org.openqa.selenium.SessionNotCreatedException: session not created
from chrome not reachable
  (Session info: chrome=80.0.3987.149)
Build info: version: '3.141.59', revision: 'e82be7d358', time: '2018-11-14T08:17:03'
System info: host: 'GINBAKS', ip: '192.168.56.1', os.name: 'Windows 10', os.arch: 'amd64', os.version: '10.0', java.version: '1.8.0_231'
Driver info: driver.version: ChromeDriver
remote stacktrace: Backtrace:
Ordinal0 [0x00ABA113+1548563]
Ordinal0 [0x00A3DDA1+1039777]
Ordinal0 [0x009BE32E+516910]
Ordinal0 [0x009B8012+491538]
Ordinal0 [0x009B86EB+493291]
Ordinal0 [0x009B9855+497749]
Ordinal0 [0x009B5885+481413]
Ordinal0 [0x009BF0D0+520400]
Ordinal0 [0x0096C030+180272]
Ordinal0 [0x0096B59D+177565]
Ordinal0 [0x009695FB+169467]
Ordinal0 [0x0095160A+71178]
Ordinal0 [0x00952690+75408]
Ordinal0 [0x00952629+75305]
Ordinal0 [0x00A571B7+1143223]
GetHandleVerifier [0x00B52B46+507814]
GetHandleVerifier [0x00B52864+507076]
GetHandleVerifier [0x00B59F47+537511]
GetHandleVerifier [0x00B53402+510050]
Ordinal0 [0x00A4F29C+1110684]
Ordinal0 [0x00A5938B+1151883]
Ordinal0 [0x00A594F3+1152243]
Ordinal0 [0x00A583F5+1147893]
BaseThreadInitThunk [0x76EC8494+36]
RtlAreBitsSet [0x778441C8+136]
RtlAreBitsSet [0x77844198+88]

at sun.reflect.NativeConstructorAccessorImpl.newInstance0(Native Method)
at sun.reflect.NativeConstructorAccessorImpl.newInstance(NativeConstructorAccessorImpl.java:62)
at sun.reflect.DelegatingConstructorAccessorImpl.newInstance(DelegatingConstructorAccessorImpl.java:45)
at java.lang.reflect.Constructor.newInstance(Constructor.java:423)
at org.openqa.selenium.remote.W3CHandshakeResponse.lambda$errorHandler$0(W3CHandshakeResponse.java:62)
at org.openqa.selenium.remote.HandshakeResponse.lambda$getResponseFunction$0(HandshakeResponse.java:30)
at org.openqa.selenium.remote.ProtocolHandshake.lambda$createSession$0(ProtocolHandshake.java:126)
at java.util.stream.ReferencePipeline$3$1.accept(ReferencePipeline.java:193)
at java.util.Spliterators$ArraySpliterator.tryAdvance(Spliterators.java:958)
at java.util.stream.ReferencePipeline.forEachWithCancel(ReferencePipeline.java:126)
at java.util.stream.AbstractPipeline.copyIntoWithCancel(AbstractPipeline.java:499)
at java.util.stream.AbstractPipeline.copyInto(AbstractPipeline.java:486)
at java.util.stream.AbstractPipeline.wrapAndCopyInto(AbstractPipeline.java:472)
at java.util.stream.FindOps$FindOp.evaluateSequential(FindOps.java:152)
at java.util.stream.AbstractPipeline.evaluate(AbstractPipeline.java:234)
at java.util.stream.ReferencePipeline.findFirst(ReferencePipeline.java:464)
at org.openqa.selenium.remote.ProtocolHandshake.createSession(ProtocolHandshake.java:128)
at org.openqa.selenium.remote.ProtocolHandshake.createSession(ProtocolHandshake.java:74)
at org.openqa.selenium.remote.HttpCommandExecutor.execute(HttpCommandExecutor.java:136)
at org.openqa.selenium.remote.service.DriverCommandExecutor.execute(DriverCommandExecutor.java:83)
at org.openqa.selenium.remote.RemoteWebDriver.execute(RemoteWebDriver.java:552)
at org.openqa.selenium.remote.RemoteWebDriver.startSession(RemoteWebDriver.java:213)
at org.openqa.selenium.remote.RemoteWebDriver.<init>(RemoteWebDriver.java:131)
at org.openqa.selenium.chrome.ChromeDriver.<init>(ChromeDriver.java:181)
at org.openqa.selenium.chrome.ChromeDriver.<init>(ChromeDriver.java:168)
at org.openqa.selenium.chrome.ChromeDriver.<init>(ChromeDriver.java:123)
at test.AbstractTest.beforeSuite(AbstractTest.java:16)
at sun.reflect.NativeMethodAccessorImpl.invoke0(Native Method)
at sun.reflect.NativeMethodAccessorImpl.invoke(NativeMethodAccessorImpl.java:62)
at sun.reflect.DelegatingMethodAccessorImpl.invoke(DelegatingMethodAccessorImpl.java:43)
at java.lang.reflect.Method.invoke(Method.java:498)
at org.testng.internal.MethodInvocationHelper.invokeMethod(MethodInvocationHelper.java:124)
at org.testng.internal.MethodInvocationHelper.invokeMethodConsideringTimeout(MethodInvocationHelper.java:59)
at org.testng.internal.Invoker.invokeConfigurationMethod(Invoker.java:458)
at org.testng.internal.Invoker.invokeConfigurations(Invoker.java:222)
at org.testng.internal.Invoker.invokeConfigurations(Invoker.java:142)
at org.testng.SuiteRunner.privateRun(SuiteRunner.java:401)
at org.testng.SuiteRunner.run(SuiteRunner.java:364)
at org.testng.SuiteRunnerWorker.runSuite(SuiteRunnerWorker.java:52)
at org.testng.SuiteRunnerWorker.run(SuiteRunnerWorker.java:84)
at org.testng.TestNG.runSuitesSequentially(TestNG.java:1208)
at org.testng.TestNG.runSuitesLocally(TestNG.java:1137)
at org.testng.TestNG.runSuites(TestNG.java:1049)
at org.testng.TestNG.run(TestNG.java:1017)
at org.testng.remote.AbstractRemoteTestNG.run(AbstractRemoteTestNG.java:115)
at org.testng.remote.RemoteTestNG.initAndRun(RemoteTestNG.java:251)
at org.testng.remote.RemoteTestNG.main(RemoteTestNG.java:77)
]]>
            </full-stacktrace>
          </exception> <!-- org.openqa.selenium.SessionNotCreatedException -->
          <reporter-output>
          </reporter-output>
        </test-method> <!-- newUserTestPasswordWithSpace -->
        <test-method status="SKIP" signature="newUserTestUsername3char(java.lang.String, java.lang.String, java.lang.String, java.lang.String)[pri:3, instance:test.NewUserTests@553f17c]" name="newUserTestUsername3char" duration-ms="0" started-at="2020-03-25T18:35:45Z" finished-at="2020-03-25T18:35:45Z">
          <exception class="org.openqa.selenium.SessionNotCreatedException">
            <message>
              <![CDATA[session not created
from chrome not reachable
  (Session info: chrome=80.0.3987.149)
Build info: version: '3.141.59', revision: 'e82be7d358', time: '2018-11-14T08:17:03'
System info: host: 'GINBAKS', ip: '192.168.56.1', os.name: 'Windows 10', os.arch: 'amd64', os.version: '10.0', java.version: '1.8.0_231'
Driver info: driver.version: ChromeDriver
remote stacktrace: Backtrace:
Ordinal0 [0x00ABA113+1548563]
Ordinal0 [0x00A3DDA1+1039777]
Ordinal0 [0x009BE32E+516910]
Ordinal0 [0x009B8012+491538]
Ordinal0 [0x009B86EB+493291]
Ordinal0 [0x009B9855+497749]
Ordinal0 [0x009B5885+481413]
Ordinal0 [0x009BF0D0+520400]
Ordinal0 [0x0096C030+180272]
Ordinal0 [0x0096B59D+177565]
Ordinal0 [0x009695FB+169467]
Ordinal0 [0x0095160A+71178]
Ordinal0 [0x00952690+75408]
Ordinal0 [0x00952629+75305]
Ordinal0 [0x00A571B7+1143223]
GetHandleVerifier [0x00B52B46+507814]
GetHandleVerifier [0x00B52864+507076]
GetHandleVerifier [0x00B59F47+537511]
GetHandleVerifier [0x00B53402+510050]
Ordinal0 [0x00A4F29C+1110684]
Ordinal0 [0x00A5938B+1151883]
Ordinal0 [0x00A594F3+1152243]
Ordinal0 [0x00A583F5+1147893]
BaseThreadInitThunk [0x76EC8494+36]
RtlAreBitsSet [0x778441C8+136]
RtlAreBitsSet [0x77844198+88]
]]>
            </message>
            <full-stacktrace>
              <![CDATA[org.openqa.selenium.SessionNotCreatedException: session not created
from chrome not reachable
  (Session info: chrome=80.0.3987.149)
Build info: version: '3.141.59', revision: 'e82be7d358', time: '2018-11-14T08:17:03'
System info: host: 'GINBAKS', ip: '192.168.56.1', os.name: 'Windows 10', os.arch: 'amd64', os.version: '10.0', java.version: '1.8.0_231'
Driver info: driver.version: ChromeDriver
remote stacktrace: Backtrace:
Ordinal0 [0x00ABA113+1548563]
Ordinal0 [0x00A3DDA1+1039777]
Ordinal0 [0x009BE32E+516910]
Ordinal0 [0x009B8012+491538]
Ordinal0 [0x009B86EB+493291]
Ordinal0 [0x009B9855+497749]
Ordinal0 [0x009B5885+481413]
Ordinal0 [0x009BF0D0+520400]
Ordinal0 [0x0096C030+180272]
Ordinal0 [0x0096B59D+177565]
Ordinal0 [0x009695FB+169467]
Ordinal0 [0x0095160A+71178]
Ordinal0 [0x00952690+75408]
Ordinal0 [0x00952629+75305]
Ordinal0 [0x00A571B7+1143223]
GetHandleVerifier [0x00B52B46+507814]
GetHandleVerifier [0x00B52864+507076]
GetHandleVerifier [0x00B59F47+537511]
GetHandleVerifier [0x00B53402+510050]
Ordinal0 [0x00A4F29C+1110684]
Ordinal0 [0x00A5938B+1151883]
Ordinal0 [0x00A594F3+1152243]
Ordinal0 [0x00A583F5+1147893]
BaseThreadInitThunk [0x76EC8494+36]
RtlAreBitsSet [0x778441C8+136]
RtlAreBitsSet [0x77844198+88]

at sun.reflect.NativeConstructorAccessorImpl.newInstance0(Native Method)
at sun.reflect.NativeConstructorAccessorImpl.newInstance(NativeConstructorAccessorImpl.java:62)
at sun.reflect.DelegatingConstructorAccessorImpl.newInstance(DelegatingConstructorAccessorImpl.java:45)
at java.lang.reflect.Constructor.newInstance(Constructor.java:423)
at org.openqa.selenium.remote.W3CHandshakeResponse.lambda$errorHandler$0(W3CHandshakeResponse.java:62)
at org.openqa.selenium.remote.HandshakeResponse.lambda$getResponseFunction$0(HandshakeResponse.java:30)
at org.openqa.selenium.remote.ProtocolHandshake.lambda$createSession$0(ProtocolHandshake.java:126)
at java.util.stream.ReferencePipeline$3$1.accept(ReferencePipeline.java:193)
at java.util.Spliterators$ArraySpliterator.tryAdvance(Spliterators.java:958)
at java.util.stream.ReferencePipeline.forEachWithCancel(ReferencePipeline.java:126)
at java.util.stream.AbstractPipeline.copyIntoWithCancel(AbstractPipeline.java:499)
at java.util.stream.AbstractPipeline.copyInto(AbstractPipeline.java:486)
at java.util.stream.AbstractPipeline.wrapAndCopyInto(AbstractPipeline.java:472)
at java.util.stream.FindOps$FindOp.evaluateSequential(FindOps.java:152)
at java.util.stream.AbstractPipeline.evaluate(AbstractPipeline.java:234)
at java.util.stream.ReferencePipeline.findFirst(ReferencePipeline.java:464)
at org.openqa.selenium.remote.ProtocolHandshake.createSession(ProtocolHandshake.java:128)
at org.openqa.selenium.remote.ProtocolHandshake.createSession(ProtocolHandshake.java:74)
at org.openqa.selenium.remote.HttpCommandExecutor.execute(HttpCommandExecutor.java:136)
at org.openqa.selenium.remote.service.DriverCommandExecutor.execute(DriverCommandExecutor.java:83)
at org.openqa.selenium.remote.RemoteWebDriver.execute(RemoteWebDriver.java:552)
at org.openqa.selenium.remote.RemoteWebDriver.startSession(RemoteWebDriver.java:213)
at org.openqa.selenium.remote.RemoteWebDriver.<init>(RemoteWebDriver.java:131)
at org.openqa.selenium.chrome.ChromeDriver.<init>(ChromeDriver.java:181)
at org.openqa.selenium.chrome.ChromeDriver.<init>(ChromeDriver.java:168)
at org.openqa.selenium.chrome.ChromeDriver.<init>(ChromeDriver.java:123)
at test.AbstractTest.beforeSuite(AbstractTest.java:16)
at sun.reflect.NativeMethodAccessorImpl.invoke0(Native Method)
at sun.reflect.NativeMethodAccessorImpl.invoke(NativeMethodAccessorImpl.java:62)
at sun.reflect.DelegatingMethodAccessorImpl.invoke(DelegatingMethodAccessorImpl.java:43)
at java.lang.reflect.Method.invoke(Method.java:498)
at org.testng.internal.MethodInvocationHelper.invokeMethod(MethodInvocationHelper.java:124)
at org.testng.internal.MethodInvocationHelper.invokeMethodConsideringTimeout(MethodInvocationHelper.java:59)
at org.testng.internal.Invoker.invokeConfigurationMethod(Invoker.java:458)
at org.testng.internal.Invoker.invokeConfigurations(Invoker.java:222)
at org.testng.internal.Invoker.invokeConfigurations(Invoker.java:142)
at org.testng.SuiteRunner.privateRun(SuiteRunner.java:401)
at org.testng.SuiteRunner.run(SuiteRunner.java:364)
at org.testng.SuiteRunnerWorker.runSuite(SuiteRunnerWorker.java:52)
at org.testng.SuiteRunnerWorker.run(SuiteRunnerWorker.java:84)
at org.testng.TestNG.runSuitesSequentially(TestNG.java:1208)
at org.testng.TestNG.runSuitesLocally(TestNG.java:1137)
at org.testng.TestNG.runSuites(TestNG.java:1049)
at org.testng.TestNG.run(TestNG.java:1017)
at org.testng.remote.AbstractRemoteTestNG.run(AbstractRemoteTestNG.java:115)
at org.testng.remote.RemoteTestNG.initAndRun(RemoteTestNG.java:251)
at org.testng.remote.RemoteTestNG.main(RemoteTestNG.java:77)
]]>
            </full-stacktrace>
          </exception> <!-- org.openqa.selenium.SessionNotCreatedException -->
          <reporter-output>
          </reporter-output>
        </test-method> <!-- newUserTestUsername3char -->
        <test-method status="SKIP" signature="navigateToNewUserPage()[pri:0, instance:test.NewUserTests@553f17c]" name="navigateToNewUserPage" is-config="true" duration-ms="0" started-at="2020-03-25T18:35:45Z" finished-at="2020-03-25T18:35:45Z">
          <reporter-output>
          </reporter-output>
        </test-method> <!-- navigateToNewUserPage -->
        <test-method status="SKIP" signature="navigateToNewUserPage()[pri:0, instance:test.NewUserTests@553f17c]" name="navigateToNewUserPage" is-config="true" duration-ms="0" started-at="2020-03-25T18:35:45Z" finished-at="2020-03-25T18:35:45Z">
          <reporter-output>
          </reporter-output>
        </test-method> <!-- navigateToNewUserPage -->
        <test-method status="SKIP" signature="navigateToNewUserPage()[pri:0, instance:test.NewUserTests@553f17c]" name="navigateToNewUserPage" is-config="true" duration-ms="0" started-at="2020-03-25T18:35:45Z" finished-at="2020-03-25T18:35:45Z">
          <reporter-output>
          </reporter-output>
        </test-method> <!-- navigateToNewUserPage -->
        <test-method status="SKIP" signature="newUserTestUsername21char(java.lang.String, java.lang.String, java.lang.String, java.lang.String)[pri:3, instance:test.NewUserTests@553f17c]" name="newUserTestUsername21char" duration-ms="0" started-at="2020-03-25T18:35:45Z" finished-at="2020-03-25T18:35:45Z">
          <exception class="org.openqa.selenium.SessionNotCreatedException">
            <message>
              <![CDATA[session not created
from chrome not reachable
  (Session info: chrome=80.0.3987.149)
Build info: version: '3.141.59', revision: 'e82be7d358', time: '2018-11-14T08:17:03'
System info: host: 'GINBAKS', ip: '192.168.56.1', os.name: 'Windows 10', os.arch: 'amd64', os.version: '10.0', java.version: '1.8.0_231'
Driver info: driver.version: ChromeDriver
remote stacktrace: Backtrace:
Ordinal0 [0x00ABA113+1548563]
Ordinal0 [0x00A3DDA1+1039777]
Ordinal0 [0x009BE32E+516910]
Ordinal0 [0x009B8012+491538]
Ordinal0 [0x009B86EB+493291]
Ordinal0 [0x009B9855+497749]
Ordinal0 [0x009B5885+481413]
Ordinal0 [0x009BF0D0+520400]
Ordinal0 [0x0096C030+180272]
Ordinal0 [0x0096B59D+177565]
Ordinal0 [0x009695FB+169467]
Ordinal0 [0x0095160A+71178]
Ordinal0 [0x00952690+75408]
Ordinal0 [0x00952629+75305]
Ordinal0 [0x00A571B7+1143223]
GetHandleVerifier [0x00B52B46+507814]
GetHandleVerifier [0x00B52864+507076]
GetHandleVerifier [0x00B59F47+537511]
GetHandleVerifier [0x00B53402+510050]
Ordinal0 [0x00A4F29C+1110684]
Ordinal0 [0x00A5938B+1151883]
Ordinal0 [0x00A594F3+1152243]
Ordinal0 [0x00A583F5+1147893]
BaseThreadInitThunk [0x76EC8494+36]
RtlAreBitsSet [0x778441C8+136]
RtlAreBitsSet [0x77844198+88]
]]>
            </message>
            <full-stacktrace>
              <![CDATA[org.openqa.selenium.SessionNotCreatedException: session not created
from chrome not reachable
  (Session info: chrome=80.0.3987.149)
Build info: version: '3.141.59', revision: 'e82be7d358', time: '2018-11-14T08:17:03'
System info: host: 'GINBAKS', ip: '192.168.56.1', os.name: 'Windows 10', os.arch: 'amd64', os.version: '10.0', java.version: '1.8.0_231'
Driver info: driver.version: ChromeDriver
remote stacktrace: Backtrace:
Ordinal0 [0x00ABA113+1548563]
Ordinal0 [0x00A3DDA1+1039777]
Ordinal0 [0x009BE32E+516910]
Ordinal0 [0x009B8012+491538]
Ordinal0 [0x009B86EB+493291]
Ordinal0 [0x009B9855+497749]
Ordinal0 [0x009B5885+481413]
Ordinal0 [0x009BF0D0+520400]
Ordinal0 [0x0096C030+180272]
Ordinal0 [0x0096B59D+177565]
Ordinal0 [0x009695FB+169467]
Ordinal0 [0x0095160A+71178]
Ordinal0 [0x00952690+75408]
Ordinal0 [0x00952629+75305]
Ordinal0 [0x00A571B7+1143223]
GetHandleVerifier [0x00B52B46+507814]
GetHandleVerifier [0x00B52864+507076]
GetHandleVerifier [0x00B59F47+537511]
GetHandleVerifier [0x00B53402+510050]
Ordinal0 [0x00A4F29C+1110684]
Ordinal0 [0x00A5938B+1151883]
Ordinal0 [0x00A594F3+1152243]
Ordinal0 [0x00A583F5+1147893]
BaseThreadInitThunk [0x76EC8494+36]
RtlAreBitsSet [0x778441C8+136]
RtlAreBitsSet [0x77844198+88]

at sun.reflect.NativeConstructorAccessorImpl.newInstance0(Native Method)
at sun.reflect.NativeConstructorAccessorImpl.newInstance(NativeConstructorAccessorImpl.java:62)
at sun.reflect.DelegatingConstructorAccessorImpl.newInstance(DelegatingConstructorAccessorImpl.java:45)
at java.lang.reflect.Constructor.newInstance(Constructor.java:423)
at org.openqa.selenium.remote.W3CHandshakeResponse.lambda$errorHandler$0(W3CHandshakeResponse.java:62)
at org.openqa.selenium.remote.HandshakeResponse.lambda$getResponseFunction$0(HandshakeResponse.java:30)
at org.openqa.selenium.remote.ProtocolHandshake.lambda$createSession$0(ProtocolHandshake.java:126)
at java.util.stream.ReferencePipeline$3$1.accept(ReferencePipeline.java:193)
at java.util.Spliterators$ArraySpliterator.tryAdvance(Spliterators.java:958)
at java.util.stream.ReferencePipeline.forEachWithCancel(ReferencePipeline.java:126)
at java.util.stream.AbstractPipeline.copyIntoWithCancel(AbstractPipeline.java:499)
at java.util.stream.AbstractPipeline.copyInto(AbstractPipeline.java:486)
at java.util.stream.AbstractPipeline.wrapAndCopyInto(AbstractPipeline.java:472)
at java.util.stream.FindOps$FindOp.evaluateSequential(FindOps.java:152)
at java.util.stream.AbstractPipeline.evaluate(AbstractPipeline.java:234)
at java.util.stream.ReferencePipeline.findFirst(ReferencePipeline.java:464)
at org.openqa.selenium.remote.ProtocolHandshake.createSession(ProtocolHandshake.java:128)
at org.openqa.selenium.remote.ProtocolHandshake.createSession(ProtocolHandshake.java:74)
at org.openqa.selenium.remote.HttpCommandExecutor.execute(HttpCommandExecutor.java:136)
at org.openqa.selenium.remote.service.DriverCommandExecutor.execute(DriverCommandExecutor.java:83)
at org.openqa.selenium.remote.RemoteWebDriver.execute(RemoteWebDriver.java:552)
at org.openqa.selenium.remote.RemoteWebDriver.startSession(RemoteWebDriver.java:213)
at org.openqa.selenium.remote.RemoteWebDriver.<init>(RemoteWebDriver.java:131)
at org.openqa.selenium.chrome.ChromeDriver.<init>(ChromeDriver.java:181)
at org.openqa.selenium.chrome.ChromeDriver.<init>(ChromeDriver.java:168)
at org.openqa.selenium.chrome.ChromeDriver.<init>(ChromeDriver.java:123)
at test.AbstractTest.beforeSuite(AbstractTest.java:16)
at sun.reflect.NativeMethodAccessorImpl.invoke0(Native Method)
at sun.reflect.NativeMethodAccessorImpl.invoke(NativeMethodAccessorImpl.java:62)
at sun.reflect.DelegatingMethodAccessorImpl.invoke(DelegatingMethodAccessorImpl.java:43)
at java.lang.reflect.Method.invoke(Method.java:498)
at org.testng.internal.MethodInvocationHelper.invokeMethod(MethodInvocationHelper.java:124)
at org.testng.internal.MethodInvocationHelper.invokeMethodConsideringTimeout(MethodInvocationHelper.java:59)
at org.testng.internal.Invoker.invokeConfigurationMethod(Invoker.java:458)
at org.testng.internal.Invoker.invokeConfigurations(Invoker.java:222)
at org.testng.internal.Invoker.invokeConfigurations(Invoker.java:142)
at org.testng.SuiteRunner.privateRun(SuiteRunner.java:401)
at org.testng.SuiteRunner.run(SuiteRunner.java:364)
at org.testng.SuiteRunnerWorker.runSuite(SuiteRunnerWorker.java:52)
at org.testng.SuiteRunnerWorker.run(SuiteRunnerWorker.java:84)
at org.testng.TestNG.runSuitesSequentially(TestNG.java:1208)
at org.testng.TestNG.runSuitesLocally(TestNG.java:1137)
at org.testng.TestNG.runSuites(TestNG.java:1049)
at org.testng.TestNG.run(TestNG.java:1017)
at org.testng.remote.AbstractRemoteTestNG.run(AbstractRemoteTestNG.java:115)
at org.testng.remote.RemoteTestNG.initAndRun(RemoteTestNG.java:251)
at org.testng.remote.RemoteTestNG.main(RemoteTestNG.java:77)
]]>
            </full-stacktrace>
          </exception> <!-- org.openqa.selenium.SessionNotCreatedException -->
          <reporter-output>
          </reporter-output>
        </test-method> <!-- newUserTestUsername21char -->
        <test-method status="SKIP" signature="navigateToNewUserPage()[pri:0, instance:test.NewUserTests@553f17c]" name="navigateToNewUserPage" is-config="true" duration-ms="0" started-at="2020-03-25T18:35:45Z" finished-at="2020-03-25T18:35:45Z">
          <reporter-output>
          </reporter-output>
        </test-method> <!-- navigateToNewUserPage -->
        <test-method status="SKIP" signature="newUserTestUsernameSpecChar(java.lang.String, java.lang.String, java.lang.String, java.lang.String)[pri:3, instance:test.NewUserTests@553f17c]" name="newUserTestUsernameSpecChar" duration-ms="0" started-at="2020-03-25T18:35:45Z" finished-at="2020-03-25T18:35:45Z">
          <exception class="org.openqa.selenium.SessionNotCreatedException">
            <message>
              <![CDATA[session not created
from chrome not reachable
  (Session info: chrome=80.0.3987.149)
Build info: version: '3.141.59', revision: 'e82be7d358', time: '2018-11-14T08:17:03'
System info: host: 'GINBAKS', ip: '192.168.56.1', os.name: 'Windows 10', os.arch: 'amd64', os.version: '10.0', java.version: '1.8.0_231'
Driver info: driver.version: ChromeDriver
remote stacktrace: Backtrace:
Ordinal0 [0x00ABA113+1548563]
Ordinal0 [0x00A3DDA1+1039777]
Ordinal0 [0x009BE32E+516910]
Ordinal0 [0x009B8012+491538]
Ordinal0 [0x009B86EB+493291]
Ordinal0 [0x009B9855+497749]
Ordinal0 [0x009B5885+481413]
Ordinal0 [0x009BF0D0+520400]
Ordinal0 [0x0096C030+180272]
Ordinal0 [0x0096B59D+177565]
Ordinal0 [0x009695FB+169467]
Ordinal0 [0x0095160A+71178]
Ordinal0 [0x00952690+75408]
Ordinal0 [0x00952629+75305]
Ordinal0 [0x00A571B7+1143223]
GetHandleVerifier [0x00B52B46+507814]
GetHandleVerifier [0x00B52864+507076]
GetHandleVerifier [0x00B59F47+537511]
GetHandleVerifier [0x00B53402+510050]
Ordinal0 [0x00A4F29C+1110684]
Ordinal0 [0x00A5938B+1151883]
Ordinal0 [0x00A594F3+1152243]
Ordinal0 [0x00A583F5+1147893]
BaseThreadInitThunk [0x76EC8494+36]
RtlAreBitsSet [0x778441C8+136]
RtlAreBitsSet [0x77844198+88]
]]>
            </message>
            <full-stacktrace>
              <![CDATA[org.openqa.selenium.SessionNotCreatedException: session not created
from chrome not reachable
  (Session info: chrome=80.0.3987.149)
Build info: version: '3.141.59', revision: 'e82be7d358', time: '2018-11-14T08:17:03'
System info: host: 'GINBAKS', ip: '192.168.56.1', os.name: 'Windows 10', os.arch: 'amd64', os.version: '10.0', java.version: '1.8.0_231'
Driver info: driver.version: ChromeDriver
remote stacktrace: Backtrace:
Ordinal0 [0x00ABA113+1548563]
Ordinal0 [0x00A3DDA1+1039777]
Ordinal0 [0x009BE32E+516910]
Ordinal0 [0x009B8012+491538]
Ordinal0 [0x009B86EB+493291]
Ordinal0 [0x009B9855+497749]
Ordinal0 [0x009B5885+481413]
Ordinal0 [0x009BF0D0+520400]
Ordinal0 [0x0096C030+180272]
Ordinal0 [0x0096B59D+177565]
Ordinal0 [0x009695FB+169467]
Ordinal0 [0x0095160A+71178]
Ordinal0 [0x00952690+75408]
Ordinal0 [0x00952629+75305]
Ordinal0 [0x00A571B7+1143223]
GetHandleVerifier [0x00B52B46+507814]
GetHandleVerifier [0x00B52864+507076]
GetHandleVerifier [0x00B59F47+537511]
GetHandleVerifier [0x00B53402+510050]
Ordinal0 [0x00A4F29C+1110684]
Ordinal0 [0x00A5938B+1151883]
Ordinal0 [0x00A594F3+1152243]
Ordinal0 [0x00A583F5+1147893]
BaseThreadInitThunk [0x76EC8494+36]
RtlAreBitsSet [0x778441C8+136]
RtlAreBitsSet [0x77844198+88]

at sun.reflect.NativeConstructorAccessorImpl.newInstance0(Native Method)
at sun.reflect.NativeConstructorAccessorImpl.newInstance(NativeConstructorAccessorImpl.java:62)
at sun.reflect.DelegatingConstructorAccessorImpl.newInstance(DelegatingConstructorAccessorImpl.java:45)
at java.lang.reflect.Constructor.newInstance(Constructor.java:423)
at org.openqa.selenium.remote.W3CHandshakeResponse.lambda$errorHandler$0(W3CHandshakeResponse.java:62)
at org.openqa.selenium.remote.HandshakeResponse.lambda$getResponseFunction$0(HandshakeResponse.java:30)
at org.openqa.selenium.remote.ProtocolHandshake.lambda$createSession$0(ProtocolHandshake.java:126)
at java.util.stream.ReferencePipeline$3$1.accept(ReferencePipeline.java:193)
at java.util.Spliterators$ArraySpliterator.tryAdvance(Spliterators.java:958)
at java.util.stream.ReferencePipeline.forEachWithCancel(ReferencePipeline.java:126)
at java.util.stream.AbstractPipeline.copyIntoWithCancel(AbstractPipeline.java:499)
at java.util.stream.AbstractPipeline.copyInto(AbstractPipeline.java:486)
at java.util.stream.AbstractPipeline.wrapAndCopyInto(AbstractPipeline.java:472)
at java.util.stream.FindOps$FindOp.evaluateSequential(FindOps.java:152)
at java.util.stream.AbstractPipeline.evaluate(AbstractPipeline.java:234)
at java.util.stream.ReferencePipeline.findFirst(ReferencePipeline.java:464)
at org.openqa.selenium.remote.ProtocolHandshake.createSession(ProtocolHandshake.java:128)
at org.openqa.selenium.remote.ProtocolHandshake.createSession(ProtocolHandshake.java:74)
at org.openqa.selenium.remote.HttpCommandExecutor.execute(HttpCommandExecutor.java:136)
at org.openqa.selenium.remote.service.DriverCommandExecutor.execute(DriverCommandExecutor.java:83)
at org.openqa.selenium.remote.RemoteWebDriver.execute(RemoteWebDriver.java:552)
at org.openqa.selenium.remote.RemoteWebDriver.startSession(RemoteWebDriver.java:213)
at org.openqa.selenium.remote.RemoteWebDriver.<init>(RemoteWebDriver.java:131)
at org.openqa.selenium.chrome.ChromeDriver.<init>(ChromeDriver.java:181)
at org.openqa.selenium.chrome.ChromeDriver.<init>(ChromeDriver.java:168)
at org.openqa.selenium.chrome.ChromeDriver.<init>(ChromeDriver.java:123)
at test.AbstractTest.beforeSuite(AbstractTest.java:16)
at sun.reflect.NativeMethodAccessorImpl.invoke0(Native Method)
at sun.reflect.NativeMethodAccessorImpl.invoke(NativeMethodAccessorImpl.java:62)
at sun.reflect.DelegatingMethodAccessorImpl.invoke(DelegatingMethodAccessorImpl.java:43)
at java.lang.reflect.Method.invoke(Method.java:498)
at org.testng.internal.MethodInvocationHelper.invokeMethod(MethodInvocationHelper.java:124)
at org.testng.internal.MethodInvocationHelper.invokeMethodConsideringTimeout(MethodInvocationHelper.java:59)
at org.testng.internal.Invoker.invokeConfigurationMethod(Invoker.java:458)
at org.testng.internal.Invoker.invokeConfigurations(Invoker.java:222)
at org.testng.internal.Invoker.invokeConfigurations(Invoker.java:142)
at org.testng.SuiteRunner.privateRun(SuiteRunner.java:401)
at org.testng.SuiteRunner.run(SuiteRunner.java:364)
at org.testng.SuiteRunnerWorker.runSuite(SuiteRunnerWorker.java:52)
at org.testng.SuiteRunnerWorker.run(SuiteRunnerWorker.java:84)
at org.testng.TestNG.runSuitesSequentially(TestNG.java:1208)
at org.testng.TestNG.runSuitesLocally(TestNG.java:1137)
at org.testng.TestNG.runSuites(TestNG.java:1049)
at org.testng.TestNG.run(TestNG.java:1017)
at org.testng.remote.AbstractRemoteTestNG.run(AbstractRemoteTestNG.java:115)
at org.testng.remote.RemoteTestNG.initAndRun(RemoteTestNG.java:251)
at org.testng.remote.RemoteTestNG.main(RemoteTestNG.java:77)
]]>
            </full-stacktrace>
          </exception> <!-- org.openqa.selenium.SessionNotCreatedException -->
          <reporter-output>
          </reporter-output>
        </test-method> <!-- newUserTestUsernameSpecChar -->
        <test-method status="SKIP" signature="newUserTestUsernameWithSpace(java.lang.String, java.lang.String, java.lang.String, java.lang.String)[pri:3, instance:test.NewUserTests@553f17c]" name="newUserTestUsernameWithSpace" duration-ms="0" started-at="2020-03-25T18:35:45Z" finished-at="2020-03-25T18:35:45Z">
          <exception class="org.openqa.selenium.SessionNotCreatedException">
            <message>
              <![CDATA[session not created
from chrome not reachable
  (Session info: chrome=80.0.3987.149)
Build info: version: '3.141.59', revision: 'e82be7d358', time: '2018-11-14T08:17:03'
System info: host: 'GINBAKS', ip: '192.168.56.1', os.name: 'Windows 10', os.arch: 'amd64', os.version: '10.0', java.version: '1.8.0_231'
Driver info: driver.version: ChromeDriver
remote stacktrace: Backtrace:
Ordinal0 [0x00ABA113+1548563]
Ordinal0 [0x00A3DDA1+1039777]
Ordinal0 [0x009BE32E+516910]
Ordinal0 [0x009B8012+491538]
Ordinal0 [0x009B86EB+493291]
Ordinal0 [0x009B9855+497749]
Ordinal0 [0x009B5885+481413]
Ordinal0 [0x009BF0D0+520400]
Ordinal0 [0x0096C030+180272]
Ordinal0 [0x0096B59D+177565]
Ordinal0 [0x009695FB+169467]
Ordinal0 [0x0095160A+71178]
Ordinal0 [0x00952690+75408]
Ordinal0 [0x00952629+75305]
Ordinal0 [0x00A571B7+1143223]
GetHandleVerifier [0x00B52B46+507814]
GetHandleVerifier [0x00B52864+507076]
GetHandleVerifier [0x00B59F47+537511]
GetHandleVerifier [0x00B53402+510050]
Ordinal0 [0x00A4F29C+1110684]
Ordinal0 [0x00A5938B+1151883]
Ordinal0 [0x00A594F3+1152243]
Ordinal0 [0x00A583F5+1147893]
BaseThreadInitThunk [0x76EC8494+36]
RtlAreBitsSet [0x778441C8+136]
RtlAreBitsSet [0x77844198+88]
]]>
            </message>
            <full-stacktrace>
              <![CDATA[org.openqa.selenium.SessionNotCreatedException: session not created
from chrome not reachable
  (Session info: chrome=80.0.3987.149)
Build info: version: '3.141.59', revision: 'e82be7d358', time: '2018-11-14T08:17:03'
System info: host: 'GINBAKS', ip: '192.168.56.1', os.name: 'Windows 10', os.arch: 'amd64', os.version: '10.0', java.version: '1.8.0_231'
Driver info: driver.version: ChromeDriver
remote stacktrace: Backtrace:
Ordinal0 [0x00ABA113+1548563]
Ordinal0 [0x00A3DDA1+1039777]
Ordinal0 [0x009BE32E+516910]
Ordinal0 [0x009B8012+491538]
Ordinal0 [0x009B86EB+493291]
Ordinal0 [0x009B9855+497749]
Ordinal0 [0x009B5885+481413]
Ordinal0 [0x009BF0D0+520400]
Ordinal0 [0x0096C030+180272]
Ordinal0 [0x0096B59D+177565]
Ordinal0 [0x009695FB+169467]
Ordinal0 [0x0095160A+71178]
Ordinal0 [0x00952690+75408]
Ordinal0 [0x00952629+75305]
Ordinal0 [0x00A571B7+1143223]
GetHandleVerifier [0x00B52B46+507814]
GetHandleVerifier [0x00B52864+507076]
GetHandleVerifier [0x00B59F47+537511]
GetHandleVerifier [0x00B53402+510050]
Ordinal0 [0x00A4F29C+1110684]
Ordinal0 [0x00A5938B+1151883]
Ordinal0 [0x00A594F3+1152243]
Ordinal0 [0x00A583F5+1147893]
BaseThreadInitThunk [0x76EC8494+36]
RtlAreBitsSet [0x778441C8+136]
RtlAreBitsSet [0x77844198+88]

at sun.reflect.NativeConstructorAccessorImpl.newInstance0(Native Method)
at sun.reflect.NativeConstructorAccessorImpl.newInstance(NativeConstructorAccessorImpl.java:62)
at sun.reflect.DelegatingConstructorAccessorImpl.newInstance(DelegatingConstructorAccessorImpl.java:45)
at java.lang.reflect.Constructor.newInstance(Constructor.java:423)
at org.openqa.selenium.remote.W3CHandshakeResponse.lambda$errorHandler$0(W3CHandshakeResponse.java:62)
at org.openqa.selenium.remote.HandshakeResponse.lambda$getResponseFunction$0(HandshakeResponse.java:30)
at org.openqa.selenium.remote.ProtocolHandshake.lambda$createSession$0(ProtocolHandshake.java:126)
at java.util.stream.ReferencePipeline$3$1.accept(ReferencePipeline.java:193)
at java.util.Spliterators$ArraySpliterator.tryAdvance(Spliterators.java:958)
at java.util.stream.ReferencePipeline.forEachWithCancel(ReferencePipeline.java:126)
at java.util.stream.AbstractPipeline.copyIntoWithCancel(AbstractPipeline.java:499)
at java.util.stream.AbstractPipeline.copyInto(AbstractPipeline.java:486)
at java.util.stream.AbstractPipeline.wrapAndCopyInto(AbstractPipeline.java:472)
at java.util.stream.FindOps$FindOp.evaluateSequential(FindOps.java:152)
at java.util.stream.AbstractPipeline.evaluate(AbstractPipeline.java:234)
at java.util.stream.ReferencePipeline.findFirst(ReferencePipeline.java:464)
at org.openqa.selenium.remote.ProtocolHandshake.createSession(ProtocolHandshake.java:128)
at org.openqa.selenium.remote.ProtocolHandshake.createSession(ProtocolHandshake.java:74)
at org.openqa.selenium.remote.HttpCommandExecutor.execute(HttpCommandExecutor.java:136)
at org.openqa.selenium.remote.service.DriverCommandExecutor.execute(DriverCommandExecutor.java:83)
at org.openqa.selenium.remote.RemoteWebDriver.execute(RemoteWebDriver.java:552)
at org.openqa.selenium.remote.RemoteWebDriver.startSession(RemoteWebDriver.java:213)
at org.openqa.selenium.remote.RemoteWebDriver.<init>(RemoteWebDriver.java:131)
at org.openqa.selenium.chrome.ChromeDriver.<init>(ChromeDriver.java:181)
at org.openqa.selenium.chrome.ChromeDriver.<init>(ChromeDriver.java:168)
at org.openqa.selenium.chrome.ChromeDriver.<init>(ChromeDriver.java:123)
at test.AbstractTest.beforeSuite(AbstractTest.java:16)
at sun.reflect.NativeMethodAccessorImpl.invoke0(Native Method)
at sun.reflect.NativeMethodAccessorImpl.invoke(NativeMethodAccessorImpl.java:62)
at sun.reflect.DelegatingMethodAccessorImpl.invoke(DelegatingMethodAccessorImpl.java:43)
at java.lang.reflect.Method.invoke(Method.java:498)
at org.testng.internal.MethodInvocationHelper.invokeMethod(MethodInvocationHelper.java:124)
at org.testng.internal.MethodInvocationHelper.invokeMethodConsideringTimeout(MethodInvocationHelper.java:59)
at org.testng.internal.Invoker.invokeConfigurationMethod(Invoker.java:458)
at org.testng.internal.Invoker.invokeConfigurations(Invoker.java:222)
at org.testng.internal.Invoker.invokeConfigurations(Invoker.java:142)
at org.testng.SuiteRunner.privateRun(SuiteRunner.java:401)
at org.testng.SuiteRunner.run(SuiteRunner.java:364)
at org.testng.SuiteRunnerWorker.runSuite(SuiteRunnerWorker.java:52)
at org.testng.SuiteRunnerWorker.run(SuiteRunnerWorker.java:84)
at org.testng.TestNG.runSuitesSequentially(TestNG.java:1208)
at org.testng.TestNG.runSuitesLocally(TestNG.java:1137)
at org.testng.TestNG.runSuites(TestNG.java:1049)
at org.testng.TestNG.run(TestNG.java:1017)
at org.testng.remote.AbstractRemoteTestNG.run(AbstractRemoteTestNG.java:115)
at org.testng.remote.RemoteTestNG.initAndRun(RemoteTestNG.java:251)
at org.testng.remote.RemoteTestNG.main(RemoteTestNG.java:77)
]]>
            </full-stacktrace>
          </exception> <!-- org.openqa.selenium.SessionNotCreatedException -->
          <reporter-output>
          </reporter-output>
        </test-method> <!-- newUserTestUsernameWithSpace -->
        <test-method status="SKIP" signature="deleteEntities(java.lang.String, java.lang.String, java.lang.String, java.lang.String, java.lang.String)[pri:0, instance:test.NewUserTests@553f17c]" name="deleteEntities" is-config="true" duration-ms="0" started-at="2020-03-25T18:35:45Z" finished-at="2020-03-25T18:35:45Z">
          <reporter-output>
          </reporter-output>
        </test-method> <!-- deleteEntities -->
        <test-method status="SKIP" signature="logout()[pri:0, instance:test.NewUserTests@553f17c]" name="logout" is-config="true" duration-ms="0" started-at="2020-03-25T18:35:45Z" finished-at="2020-03-25T18:35:45Z">
          <reporter-output>
          </reporter-output>
        </test-method> <!-- logout -->
        <test-method status="SKIP" signature="afterSuite()[pri:0, instance:test.NewUserTests@553f17c]" name="afterSuite" is-config="true" duration-ms="0" started-at="2020-03-25T18:35:45Z" finished-at="2020-03-25T18:35:45Z">
          <reporter-output>
          </reporter-output>
        </test-method> <!-- afterSuite -->
      </class> <!-- test.NewUserTests -->
    </test> <!-- newUserTests -->
  </suite> <!-- newUserTests -->
</testng-results>
