<?xml version="1.0" encoding="UTF-8"?>
<!-- Generated by org.testng.reporters.JUnitXMLReporter -->
<testsuite hostname="GINBAKS" ignored="0" name="newUserTests" tests="14" failures="0" timestamp="25 Mar 2020 18:35:45 GMT" time="0.059" errors="0">
  <testcase name="@BeforeSuite beforeSuite" time="7.996" classname="test.AbstractTest">
    <failure type="org.openqa.selenium.SessionNotCreatedException" message="session not created
from chrome not reachable
  (Session info: chrome=80.0.3987.149)
Build info: version: &amp;apos;3.141.59&amp;apos;, revision: &amp;apos;e82be7d358&amp;apos;, time: &amp;apos;2018-11-14T08:17:03&amp;apos;
System info: host: &amp;apos;GINBAKS&amp;apos;, ip: &amp;apos;192.168.56.1&amp;apos;, os.name: &amp;apos;Windows 10&amp;apos;, os.arch: &amp;apos;amd64&amp;apos;, os.version: &amp;apos;10.0&amp;apos;, java.version: &amp;apos;1.8.0_231&amp;apos;
Driver info: driver.version: ChromeDriver
remote stacktrace: Backtrace:
	Ordinal0 [0x00ABA113+1548563]
	Ordinal0 [0x00A3DDA1+1039777]
	Ordinal0 [0x009BE32E+516910]
	Ordinal0 [0x009B8012+491538]
	Ordinal0 [0x009B86EB+493291]
	Ordinal0 [0x009B9855+497749]
	Ordinal0 [0x009B5885+481413]
	Ordinal0 [0x009BF0D0+520400]
	Ordinal0 [0x0096C030+180272]
	Ordinal0 [0x0096B59D+177565]
	Ordinal0 [0x009695FB+169467]
	Ordinal0 [0x0095160A+71178]
	Ordinal0 [0x00952690+75408]
	Ordinal0 [0x00952629+75305]
	Ordinal0 [0x00A571B7+1143223]
	GetHandleVerifier [0x00B52B46+507814]
	GetHandleVerifier [0x00B52864+507076]
	GetHandleVerifier [0x00B59F47+537511]
	GetHandleVerifier [0x00B53402+510050]
	Ordinal0 [0x00A4F29C+1110684]
	Ordinal0 [0x00A5938B+1151883]
	Ordinal0 [0x00A594F3+1152243]
	Ordinal0 [0x00A583F5+1147893]
	BaseThreadInitThunk [0x76EC8494+36]
	RtlAreBitsSet [0x778441C8+136]
	RtlAreBitsSet [0x77844198+88]
">
      <![CDATA[org.openqa.selenium.SessionNotCreatedException: session not created
from chrome not reachable
  (Session info: chrome=80.0.3987.149)
Build info: version: '3.141.59', revision: 'e82be7d358', time: '2018-11-14T08:17:03'
System info: host: 'GINBAKS', ip: '192.168.56.1', os.name: 'Windows 10', os.arch: 'amd64', os.version: '10.0', java.version: '1.8.0_231'
Driver info: driver.version: ChromeDriver
remote stacktrace: Backtrace:
Ordinal0 [0x00ABA113+1548563]
Ordinal0 [0x00A3DDA1+1039777]
Ordinal0 [0x009BE32E+516910]
Ordinal0 [0x009B8012+491538]
Ordinal0 [0x009B86EB+493291]
Ordinal0 [0x009B9855+497749]
Ordinal0 [0x009B5885+481413]
Ordinal0 [0x009BF0D0+520400]
Ordinal0 [0x0096C030+180272]
Ordinal0 [0x0096B59D+177565]
Ordinal0 [0x009695FB+169467]
Ordinal0 [0x0095160A+71178]
Ordinal0 [0x00952690+75408]
Ordinal0 [0x00952629+75305]
Ordinal0 [0x00A571B7+1143223]
GetHandleVerifier [0x00B52B46+507814]
GetHandleVerifier [0x00B52864+507076]
GetHandleVerifier [0x00B59F47+537511]
GetHandleVerifier [0x00B53402+510050]
Ordinal0 [0x00A4F29C+1110684]
Ordinal0 [0x00A5938B+1151883]
Ordinal0 [0x00A594F3+1152243]
Ordinal0 [0x00A583F5+1147893]
BaseThreadInitThunk [0x76EC8494+36]
RtlAreBitsSet [0x778441C8+136]
RtlAreBitsSet [0x77844198+88]

at org.openqa.selenium.remote.W3CHandshakeResponse.lambda$errorHandler$0(W3CHandshakeResponse.java:62)
at org.openqa.selenium.remote.HandshakeResponse.lambda$getResponseFunction$0(HandshakeResponse.java:30)
at org.openqa.selenium.remote.ProtocolHandshake.lambda$createSession$0(ProtocolHandshake.java:126)
at java.util.stream.ReferencePipeline$3$1.accept(ReferencePipeline.java:193)
at java.util.Spliterators$ArraySpliterator.tryAdvance(Spliterators.java:958)
at java.util.stream.ReferencePipeline.forEachWithCancel(ReferencePipeline.java:126)
at java.util.stream.AbstractPipeline.copyIntoWithCancel(AbstractPipeline.java:499)
at java.util.stream.AbstractPipeline.copyInto(AbstractPipeline.java:486)
at java.util.stream.AbstractPipeline.wrapAndCopyInto(AbstractPipeline.java:472)
at java.util.stream.FindOps$FindOp.evaluateSequential(FindOps.java:152)
at java.util.stream.AbstractPipeline.evaluate(AbstractPipeline.java:234)
at java.util.stream.ReferencePipeline.findFirst(ReferencePipeline.java:464)
at org.openqa.selenium.remote.ProtocolHandshake.createSession(ProtocolHandshake.java:128)
at org.openqa.selenium.remote.ProtocolHandshake.createSession(ProtocolHandshake.java:74)
at org.openqa.selenium.remote.HttpCommandExecutor.execute(HttpCommandExecutor.java:136)
at org.openqa.selenium.remote.service.DriverCommandExecutor.execute(DriverCommandExecutor.java:83)
at org.openqa.selenium.remote.RemoteWebDriver.execute(RemoteWebDriver.java:552)
at org.openqa.selenium.remote.RemoteWebDriver.startSession(RemoteWebDriver.java:213)
at org.openqa.selenium.remote.RemoteWebDriver.<init>(RemoteWebDriver.java:131)
at org.openqa.selenium.chrome.ChromeDriver.<init>(ChromeDriver.java:181)
at org.openqa.selenium.chrome.ChromeDriver.<init>(ChromeDriver.java:168)
at org.openqa.selenium.chrome.ChromeDriver.<init>(ChromeDriver.java:123)
at test.AbstractTest.beforeSuite(AbstractTest.java:16)
... Removed 24 stack frames]]>
    </failure>
  </testcase> <!-- @BeforeSuite beforeSuite -->
  <testcase name="@BeforeClass preconditions" time="0.0" classname="test.NewUserTests">
    <skipped/>
  </testcase> <!-- @BeforeClass preconditions -->
  <testcase name="@BeforeGroups login" time="0.0" classname="test.NewUserTests">
    <skipped/>
  </testcase> <!-- @BeforeGroups login -->
  <testcase name="@BeforeMethod navigateToNewUserPage" time="0.0" classname="test.NewUserTests">
    <skipped/>
  </testcase> <!-- @BeforeMethod navigateToNewUserPage -->
  <testcase name="@BeforeMethod navigateToNewUserPage" time="0.0" classname="test.NewUserTests">
    <skipped/>
  </testcase> <!-- @BeforeMethod navigateToNewUserPage -->
  <testcase name="@BeforeGroups login" time="0.0" classname="test.NewUserTests">
    <skipped/>
  </testcase> <!-- @BeforeGroups login -->
  <testcase name="@BeforeMethod navigateToNewUserPage" time="0.0" classname="test.NewUserTests">
    <skipped/>
  </testcase> <!-- @BeforeMethod navigateToNewUserPage -->
  <testcase name="@BeforeMethod navigateToNewUserPage" time="0.0" classname="test.NewUserTests">
    <skipped/>
  </testcase> <!-- @BeforeMethod navigateToNewUserPage -->
  <testcase name="@BeforeMethod navigateToNewUserPage" time="0.0" classname="test.NewUserTests">
    <skipped/>
  </testcase> <!-- @BeforeMethod navigateToNewUserPage -->
  <testcase name="@BeforeMethod navigateToNewUserPage" time="0.0" classname="test.NewUserTests">
    <skipped/>
  </testcase> <!-- @BeforeMethod navigateToNewUserPage -->
  <testcase name="@BeforeMethod navigateToNewUserPage" time="0.0" classname="test.NewUserTests">
    <skipped/>
  </testcase> <!-- @BeforeMethod navigateToNewUserPage -->
  <testcase name="@BeforeMethod navigateToNewUserPage" time="0.0" classname="test.NewUserTests">
    <skipped/>
  </testcase> <!-- @BeforeMethod navigateToNewUserPage -->
  <testcase name="@BeforeMethod navigateToNewUserPage" time="0.0" classname="test.NewUserTests">
    <skipped/>
  </testcase> <!-- @BeforeMethod navigateToNewUserPage -->
  <testcase name="@BeforeMethod navigateToNewUserPage" time="0.0" classname="test.NewUserTests">
    <skipped/>
  </testcase> <!-- @BeforeMethod navigateToNewUserPage -->
  <testcase name="@BeforeMethod navigateToNewUserPage" time="0.0" classname="test.NewUserTests">
    <skipped/>
  </testcase> <!-- @BeforeMethod navigateToNewUserPage -->
  <testcase name="@BeforeMethod navigateToNewUserPage" time="0.0" classname="test.NewUserTests">
    <skipped/>
  </testcase> <!-- @BeforeMethod navigateToNewUserPage -->
  <testcase name="@BeforeMethod navigateToNewUserPage" time="0.0" classname="test.NewUserTests">
    <skipped/>
  </testcase> <!-- @BeforeMethod navigateToNewUserPage -->
  <testcase name="@BeforeMethod navigateToNewUserPage" time="0.0" classname="test.NewUserTests">
    <skipped/>
  </testcase> <!-- @BeforeMethod navigateToNewUserPage -->
  <testcase name="@AfterGroups logout" time="0.0" classname="test.NewUserTests">
    <skipped/>
  </testcase> <!-- @AfterGroups logout -->
  <testcase name="@AfterClass deleteEntities" time="0.0" classname="test.NewUserTests">
    <skipped/>
  </testcase> <!-- @AfterClass deleteEntities -->
  <testcase name="createNewAdminTest" time="0.0" classname="test.NewUserTests">
    <skipped/>
  </testcase> <!-- createNewAdminTest -->
  <testcase name="createNewUserTest" time="0.0" classname="test.NewUserTests">
    <skipped/>
  </testcase> <!-- createNewUserTest -->
  <testcase name="newUserTestEmptyFirstNameField" time="0.0" classname="test.NewUserTests">
    <skipped/>
  </testcase> <!-- newUserTestEmptyFirstNameField -->
  <testcase name="newUserTestEmptyLastNameField" time="0.0" classname="test.NewUserTests">
    <skipped/>
  </testcase> <!-- newUserTestEmptyLastNameField -->
  <testcase name="newUserTestNotUniqueUsername" time="0.0" classname="test.NewUserTests">
    <skipped/>
  </testcase> <!-- newUserTestNotUniqueUsername -->
  <testcase name="newUserTestFirstName21char" time="0.0" classname="test.NewUserTests">
    <skipped/>
  </testcase> <!-- newUserTestFirstName21char -->
  <testcase name="newUserTestLastName21char" time="0.0" classname="test.NewUserTests">
    <skipped/>
  </testcase> <!-- newUserTestLastName21char -->
  <testcase name="newUserTestPassword21char" time="0.0" classname="test.NewUserTests">
    <skipped/>
  </testcase> <!-- newUserTestPassword21char -->
  <testcase name="newUserTestPassword3char" time="0.0" classname="test.NewUserTests">
    <skipped/>
  </testcase> <!-- newUserTestPassword3char -->
  <testcase name="newUserTestPasswordWithSpace" time="0.0" classname="test.NewUserTests">
    <skipped/>
  </testcase> <!-- newUserTestPasswordWithSpace -->
  <testcase name="newUserTestUsername21char" time="0.0" classname="test.NewUserTests">
    <skipped/>
  </testcase> <!-- newUserTestUsername21char -->
  <testcase name="newUserTestUsername3char" time="0.0" classname="test.NewUserTests">
    <skipped/>
  </testcase> <!-- newUserTestUsername3char -->
  <testcase name="newUserTestUsernameSpecChar" time="0.0" classname="test.NewUserTests">
    <skipped/>
  </testcase> <!-- newUserTestUsernameSpecChar -->
  <testcase name="newUserTestUsernameWithSpace" time="0.0" classname="test.NewUserTests">
    <skipped/>
  </testcase> <!-- newUserTestUsernameWithSpace -->
</testsuite> <!-- newUserTests -->
